#
# There is insufficient memory for the Java Runtime Environment to continue.
# Native memory allocation (malloc) failed to allocate 1696496 bytes for Chunk::new
# Possible reasons:
#   The system is out of physical RAM or swap space
#   The process is running with CompressedOops enabled, and the Java Heap may be blocking the growth of the native heap
# Possible solutions:
#   Reduce memory load on the system
#   Increase physical memory or swap space
#   Check if swap backing store is full
#   Decrease Java heap size (-Xmx/-Xms)
#   Decrease number of Java threads
#   Decrease Java thread stack sizes (-Xss)
#   Set larger code cache with -XX:ReservedCodeCacheSize=
#   JVM is running with Zero Based Compressed Oops mode in which the Java heap is
#     placed in the first 32GB address space. The Java Heap base address is the
#     maximum limit for the native heap growth. Please use -XX:HeapBaseMinAddress
#     to set the Java Heap base and to place the Java Heap above 32GB virtual address.
# This output file may be truncated or incomplete.
#
#  Out of Memory Error (arena.cpp:189), pid=18712, tid=2528
#
# JRE version: Java(TM) SE Runtime Environment (17.0.9+11) (build 17.0.9+11-LTS-201)
# Java VM: Java HotSpot(TM) 64-Bit Server VM (17.0.9+11-LTS-201, mixed mode, sharing, tiered, compressed oops, compressed class ptrs, g1 gc, windows-amd64)
# No core dump will be written. Minidumps are not enabled by default on client versions of Windows
#

---------------  S U M M A R Y ------------

Command Line: -Dfile.encoding=UTF-8 -Duser.country=KR -Duser.language=ko -Duser.variant com.example.greenprojectB.GreenprojectBApplication

Host: Intel(R) Core(TM) i7-8700K CPU @ 3.70GHz, 12 cores, 15G,  Windows 11 , 64 bit Build 26100 (10.0.26100.3912)
Time: Tue May 27 18:03:53 2025  Windows 11 , 64 bit Build 26100 (10.0.26100.3912) elapsed time: 14.571882 seconds (0d 0h 0m 14s)

---------------  T H R E A D  ---------------

Current thread (0x000001fecbb71d90):  JavaThread "C2 CompilerThread0" daemon [_thread_in_native, id=2528, stack(0x00000063b3700000,0x00000063b3800000)]


Current CompileTask:
C2:  14571 8573       4       org.springframework.transaction.interceptor.TransactionAttributeSourcePointcut::matches (27 bytes)

Stack: [0x00000063b3700000,0x00000063b3800000]
Native frames: (J=compiled Java code, j=interpreted, Vv=VM code, C=native code)
V  [jvm.dll+0x678a4a]
V  [jvm.dll+0x7d9cfd]
V  [jvm.dll+0x7db60e]
V  [jvm.dll+0x7dbc73]
V  [jvm.dll+0x245e1f]
V  [jvm.dll+0xaaafb]
V  [jvm.dll+0xab09c]
V  [jvm.dll+0x36232f]
V  [jvm.dll+0x32ca01]
V  [jvm.dll+0x32be9a]
V  [jvm.dll+0x21812f]
V  [jvm.dll+0x217561]
V  [jvm.dll+0x1a3bc0]
V  [jvm.dll+0x2272de]
V  [jvm.dll+0x22548b]
V  [jvm.dll+0x78f58c]
V  [jvm.dll+0x78998a]
V  [jvm.dll+0x677875]
C  [ucrtbase.dll+0x37b0]
C  [KERNEL32.DLL+0x2e8d7]
C  [ntdll.dll+0x9c5dc]


---------------  P R O C E S S  ---------------

Threads class SMR info:
_java_thread_list=0x000001ff18d25680, length=33, elements={
0x000001fecbb488e0, 0x000001fecbb58090, 0x000001fecbb6b390, 0x000001fecbb6bc60,
0x000001fecbb70630, 0x000001fecbb70ff0, 0x000001fecbb71d90, 0x000001fecbb7a850,
0x000001fecbb7c170, 0x000001fecbcb9460, 0x000001fecbcd07a0, 0x000001ff14a27090,
0x000001ff1456bde0, 0x000001ff147ce0d0, 0x000001ff13105ef0, 0x000001ff13104ab0,
0x000001ff15119a10, 0x000001ff15119500, 0x000001ff1511b870, 0x000001ff15118ae0,
0x000001ff151180c0, 0x000001ff15119f20, 0x000001ff151185d0, 0x000001ff1511ae50,
0x000001ff1511a430, 0x000001ff1511a940, 0x000001ff1511b360, 0x000001ff17ab04d0,
0x000001ff17ab2840, 0x000001ff17ab09e0, 0x000001ff17ab1400, 0x000001ff175c7ad0,
0x000001ff115783d0
}

Java Threads: ( => current thread )
  0x000001fecbb488e0 JavaThread "Reference Handler" daemon [_thread_blocked, id=24228, stack(0x00000063b3100000,0x00000063b3200000)]
  0x000001fecbb58090 JavaThread "Finalizer" daemon [_thread_blocked, id=22956, stack(0x00000063b3200000,0x00000063b3300000)]
  0x000001fecbb6b390 JavaThread "Signal Dispatcher" daemon [_thread_blocked, id=18932, stack(0x00000063b3300000,0x00000063b3400000)]
  0x000001fecbb6bc60 JavaThread "Attach Listener" daemon [_thread_blocked, id=25520, stack(0x00000063b3400000,0x00000063b3500000)]
  0x000001fecbb70630 JavaThread "Service Thread" daemon [_thread_blocked, id=21484, stack(0x00000063b3500000,0x00000063b3600000)]
  0x000001fecbb70ff0 JavaThread "Monitor Deflation Thread" daemon [_thread_blocked, id=12360, stack(0x00000063b3600000,0x00000063b3700000)]
=>0x000001fecbb71d90 JavaThread "C2 CompilerThread0" daemon [_thread_in_native, id=2528, stack(0x00000063b3700000,0x00000063b3800000)]
  0x000001fecbb7a850 JavaThread "C1 CompilerThread0" daemon [_thread_blocked, id=17456, stack(0x00000063b3800000,0x00000063b3900000)]
  0x000001fecbb7c170 JavaThread "Sweeper thread" daemon [_thread_blocked, id=23868, stack(0x00000063b3900000,0x00000063b3a00000)]
  0x000001fecbcb9460 JavaThread "Notification Thread" daemon [_thread_blocked, id=24412, stack(0x00000063b3a00000,0x00000063b3b00000)]
  0x000001fecbcd07a0 JavaThread "Common-Cleaner" daemon [_thread_blocked, id=9812, stack(0x00000063b3c00000,0x00000063b3d00000)]
  0x000001ff14a27090 JavaThread "Catalina-utility-1" [_thread_blocked, id=5912, stack(0x00000063b4800000,0x00000063b4900000)]
  0x000001ff1456bde0 JavaThread "Catalina-utility-2" [_thread_blocked, id=10496, stack(0x00000063b4d00000,0x00000063b4e00000)]
  0x000001ff147ce0d0 JavaThread "container-0" [_thread_blocked, id=1572, stack(0x00000063b4e00000,0x00000063b4f00000)]
  0x000001ff13105ef0 JavaThread "mysql-cj-abandoned-connection-cleanup" daemon [_thread_blocked, id=5468, stack(0x00000063b4f00000,0x00000063b5000000)]
  0x000001ff13104ab0 JavaThread "HikariPool-1:housekeeper" daemon [_thread_blocked, id=4544, stack(0x00000063b5100000,0x00000063b5200000)]
  0x000001ff15119a10 JavaThread "File Watcher" daemon [_thread_blocked, id=1728, stack(0x00000063b5300000,0x00000063b5400000)]
  0x000001ff15119500 JavaThread "Live Reload Server" daemon [_thread_in_native, id=21660, stack(0x00000063b5500000,0x00000063b5600000)]
  0x000001ff1511b870 JavaThread "http-nio-60002-exec-1" daemon [_thread_blocked, id=5464, stack(0x00000063b5400000,0x00000063b5500000)]
  0x000001ff15118ae0 JavaThread "http-nio-60002-exec-2" daemon [_thread_blocked, id=15588, stack(0x00000063b5600000,0x00000063b5700000)]
  0x000001ff151180c0 JavaThread "http-nio-60002-exec-3" daemon [_thread_blocked, id=18012, stack(0x00000063b5700000,0x00000063b5800000)]
  0x000001ff15119f20 JavaThread "http-nio-60002-exec-4" daemon [_thread_blocked, id=19040, stack(0x00000063b5800000,0x00000063b5900000)]
  0x000001ff151185d0 JavaThread "http-nio-60002-exec-5" daemon [_thread_blocked, id=21832, stack(0x00000063b5900000,0x00000063b5a00000)]
  0x000001ff1511ae50 JavaThread "http-nio-60002-exec-6" daemon [_thread_blocked, id=24492, stack(0x00000063b5a00000,0x00000063b5b00000)]
  0x000001ff1511a430 JavaThread "http-nio-60002-exec-7" daemon [_thread_blocked, id=18576, stack(0x00000063b5b00000,0x00000063b5c00000)]
  0x000001ff1511a940 JavaThread "http-nio-60002-exec-8" daemon [_thread_blocked, id=23324, stack(0x00000063b5c00000,0x00000063b5d00000)]
  0x000001ff1511b360 JavaThread "http-nio-60002-exec-9" daemon [_thread_blocked, id=9552, stack(0x00000063b5d00000,0x00000063b5e00000)]
  0x000001ff17ab04d0 JavaThread "http-nio-60002-exec-10" daemon [_thread_blocked, id=13756, stack(0x00000063b5e00000,0x00000063b5f00000)]
  0x000001ff17ab2840 JavaThread "http-nio-60002-Poller" daemon [_thread_in_native, id=12200, stack(0x00000063b5f00000,0x00000063b6000000)]
  0x000001ff17ab09e0 JavaThread "http-nio-60002-Acceptor" daemon [_thread_in_native, id=23740, stack(0x00000063b6000000,0x00000063b6100000)]
  0x000001ff17ab1400 JavaThread "DestroyJavaVM" [_thread_blocked, id=16808, stack(0x00000063b2a00000,0x00000063b2b00000)]
  0x000001ff175c7ad0 JavaThread "C2 CompilerThread1" daemon [_thread_in_native, id=5204, stack(0x00000063b3d00000,0x00000063b3e00000)]
  0x000001ff115783d0 JavaThread "C2 CompilerThread2" daemon [_thread_in_native, id=6432, stack(0x00000063b3e00000,0x00000063b3f00000)]

Other Threads:
  0x000001fecbb44f40 VMThread "VM Thread" [stack: 0x00000063b3000000,0x00000063b3100000] [id=26344]
  0x000001fea833cff0 WatcherThread [stack: 0x00000063b3b00000,0x00000063b3c00000] [id=10912]
  0x000001fea8311710 GCTaskThread "GC Thread#0" [stack: 0x00000063b2b00000,0x00000063b2c00000] [id=24516]
  0x000001ff11ec1c90 GCTaskThread "GC Thread#1" [stack: 0x00000063b3f00000,0x00000063b4000000] [id=3432]
  0x000001ff11ae43f0 GCTaskThread "GC Thread#2" [stack: 0x00000063b4000000,0x00000063b4100000] [id=16640]
  0x000001ff11022aa0 GCTaskThread "GC Thread#3" [stack: 0x00000063b4100000,0x00000063b4200000] [id=14944]
  0x000001ff118c8b80 GCTaskThread "GC Thread#4" [stack: 0x00000063b4200000,0x00000063b4300000] [id=18572]
  0x000001ff1190b2c0 GCTaskThread "GC Thread#5" [stack: 0x00000063b4300000,0x00000063b4400000] [id=16824]
  0x000001ff126e3370 GCTaskThread "GC Thread#6" [stack: 0x00000063b4600000,0x00000063b4700000] [id=18740]
  0x000001ff122c9890 GCTaskThread "GC Thread#7" [stack: 0x00000063b4700000,0x00000063b4800000] [id=13916]
  0x000001ff140cdcb0 GCTaskThread "GC Thread#8" [stack: 0x00000063b4900000,0x00000063b4a00000] [id=9484]
  0x000001ff13e8f8e0 GCTaskThread "GC Thread#9" [stack: 0x00000063b4a00000,0x00000063b4b00000] [id=12692]
  0x000001fea8322360 ConcurrentGCThread "G1 Main Marker" [stack: 0x00000063b2c00000,0x00000063b2d00000] [id=7076]
  0x000001fea8325f10 ConcurrentGCThread "G1 Conc#0" [stack: 0x00000063b2d00000,0x00000063b2e00000] [id=21400]
  0x000001ff12d592e0 ConcurrentGCThread "G1 Conc#1" [stack: 0x00000063b4b00000,0x00000063b4c00000] [id=9792]
  0x000001ff12626b80 ConcurrentGCThread "G1 Conc#2" [stack: 0x00000063b4c00000,0x00000063b4d00000] [id=10852]
  0x000001fea835ece0 ConcurrentGCThread "G1 Refine#0" [stack: 0x00000063b2e00000,0x00000063b2f00000] [id=21740]
  0x000001fecb9fe710 ConcurrentGCThread "G1 Service" [stack: 0x00000063b2f00000,0x00000063b3000000] [id=12208]

Threads with active compile tasks:
C2 CompilerThread0    15554 8573       4       org.springframework.transaction.interceptor.TransactionAttributeSourcePointcut::matches (27 bytes)
C2 CompilerThread1    15554 8571       4       org.springframework.transaction.interceptor.AbstractFallbackTransactionAttributeSource::getTransactionAttribute (176 bytes)
C2 CompilerThread2    15554 8590       4       org.springframework.core.ResolvableType::forType (112 bytes)

VM state: not at safepoint (normal execution)

VM Mutex/Monitor currently owned by a thread: None

Heap address: 0x0000000703000000, size: 4048 MB, Compressed Oops mode: Zero based, Oop shift amount: 3

CDS archive(s) mapped at: [0x000001fecc000000-0x000001feccbd0000-0x000001feccbd0000), size 12386304, SharedBaseAddress: 0x000001fecc000000, ArchiveRelocationMode: 1.
Compressed class space mapped at: 0x000001fecd000000-0x000001ff0d000000, reserved size: 1073741824
Narrow klass base: 0x000001fecc000000, Narrow klass shift: 0, Narrow klass range: 0x100000000

GC Precious Log:
 CPUs: 12 total, 12 available
 Memory: 16190M
 Large Page Support: Disabled
 NUMA Support: Disabled
 Compressed Oops: Enabled (Zero based)
 Heap Region Size: 2M
 Heap Min Capacity: 8M
 Heap Initial Capacity: 254M
 Heap Max Capacity: 4048M
 Pre-touch: Disabled
 Parallel Workers: 10
 Concurrent Workers: 3
 Concurrent Refinement Workers: 10
 Periodic GC: Disabled

Heap:
 garbage-first heap   total 161792K, used 64369K [0x0000000703000000, 0x0000000800000000)
  region size 2048K, 16 young (32768K), 6 survivors (12288K)
 Metaspace       used 87420K, committed 88512K, reserved 1179648K
  class space    used 11804K, committed 12352K, reserved 1048576K

Heap Regions: E=young(eden), S=young(survivor), O=old, HS=humongous(starts), HC=humongous(continues), CS=collection set, F=free, OA=open archive, CA=closed archive, TAMS=top-at-mark-start (previous, next)
|   0|0x0000000703000000, 0x0000000703200000, 0x0000000703200000|100%| O|  |TAMS 0x0000000703200000, 0x0000000703000000| Untracked 
|   1|0x0000000703200000, 0x0000000703400000, 0x0000000703400000|100%| O|  |TAMS 0x0000000703400000, 0x0000000703200000| Untracked 
|   2|0x0000000703400000, 0x0000000703600000, 0x0000000703600000|100%| O|  |TAMS 0x0000000703600000, 0x0000000703400000| Untracked 
|   3|0x0000000703600000, 0x0000000703600000, 0x0000000703800000|  0%| F|  |TAMS 0x0000000703600000, 0x0000000703600000| Untracked 
|   4|0x0000000703800000, 0x0000000703a00000, 0x0000000703a00000|100%| O|  |TAMS 0x0000000703a00000, 0x0000000703800000| Untracked 
|   5|0x0000000703a00000, 0x0000000703c00000, 0x0000000703c00000|100%| O|  |TAMS 0x0000000703c00000, 0x0000000703a00000| Untracked 
|   6|0x0000000703c00000, 0x0000000703e00000, 0x0000000703e00000|100%| O|  |TAMS 0x0000000703e00000, 0x0000000703c00000| Untracked 
|   7|0x0000000703e00000, 0x0000000704000000, 0x0000000704000000|100%| O|  |TAMS 0x0000000704000000, 0x0000000703e00000| Untracked 
|   8|0x0000000704000000, 0x0000000704200000, 0x0000000704200000|100%| O|  |TAMS 0x0000000704200000, 0x0000000704000000| Untracked 
|   9|0x0000000704200000, 0x0000000704400000, 0x0000000704400000|100%| O|  |TAMS 0x0000000704400000, 0x0000000704200000| Untracked 
|  10|0x0000000704400000, 0x0000000704600000, 0x0000000704600000|100%| O|  |TAMS 0x0000000704600000, 0x0000000704400000| Untracked 
|  11|0x0000000704600000, 0x0000000704800000, 0x0000000704800000|100%| O|  |TAMS 0x0000000704800000, 0x0000000704600000| Untracked 
|  12|0x0000000704800000, 0x0000000704a00000, 0x0000000704a00000|100%| O|  |TAMS 0x0000000704a00000, 0x0000000704800000| Untracked 
|  13|0x0000000704a00000, 0x0000000704c00000, 0x0000000704c00000|100%| O|  |TAMS 0x0000000704a00000, 0x0000000704a00000| Untracked 
|  14|0x0000000704c00000, 0x0000000704e00000, 0x0000000704e00000|100%| O|  |TAMS 0x0000000704e00000, 0x0000000704c00000| Untracked 
|  15|0x0000000704e00000, 0x0000000705000000, 0x0000000705000000|100%| O|  |TAMS 0x0000000705000000, 0x0000000704e00000| Untracked 
|  16|0x0000000705000000, 0x0000000705200000, 0x0000000705200000|100%| O|  |TAMS 0x000000070516ac00, 0x0000000705000000| Untracked 
|  17|0x0000000705200000, 0x0000000705400000, 0x0000000705400000|100%| O|  |TAMS 0x0000000705200000, 0x0000000705200000| Untracked 
|  18|0x0000000705400000, 0x000000070546ac00, 0x0000000705600000| 20%| O|  |TAMS 0x0000000705400000, 0x0000000705400000| Untracked 
|  19|0x0000000705600000, 0x0000000705600000, 0x0000000705800000|  0%| F|  |TAMS 0x0000000705600000, 0x0000000705600000| Untracked 
|  20|0x0000000705800000, 0x0000000705800000, 0x0000000705a00000|  0%| F|  |TAMS 0x0000000705800000, 0x0000000705800000| Untracked 
|  21|0x0000000705a00000, 0x0000000705a00000, 0x0000000705c00000|  0%| F|  |TAMS 0x0000000705a00000, 0x0000000705a00000| Untracked 
|  22|0x0000000705c00000, 0x0000000705c00000, 0x0000000705e00000|  0%| F|  |TAMS 0x0000000705c00000, 0x0000000705c00000| Untracked 
|  23|0x0000000705e00000, 0x0000000705e00000, 0x0000000706000000|  0%| F|  |TAMS 0x0000000705e00000, 0x0000000705e00000| Untracked 
|  24|0x0000000706000000, 0x0000000706000000, 0x0000000706200000|  0%| F|  |TAMS 0x0000000706000000, 0x0000000706000000| Untracked 
|  25|0x0000000706200000, 0x0000000706200000, 0x0000000706400000|  0%| F|  |TAMS 0x0000000706200000, 0x0000000706200000| Untracked 
|  26|0x0000000706400000, 0x0000000706400000, 0x0000000706600000|  0%| F|  |TAMS 0x0000000706400000, 0x0000000706400000| Untracked 
|  27|0x0000000706600000, 0x0000000706600000, 0x0000000706800000|  0%| F|  |TAMS 0x0000000706600000, 0x0000000706600000| Untracked 
|  28|0x0000000706800000, 0x0000000706800000, 0x0000000706a00000|  0%| F|  |TAMS 0x0000000706800000, 0x0000000706800000| Untracked 
|  29|0x0000000706a00000, 0x0000000706a00000, 0x0000000706c00000|  0%| F|  |TAMS 0x0000000706a00000, 0x0000000706a00000| Untracked 
|  30|0x0000000706c00000, 0x0000000706c00000, 0x0000000706e00000|  0%| F|  |TAMS 0x0000000706c00000, 0x0000000706c00000| Untracked 
|  31|0x0000000706e00000, 0x0000000706e00000, 0x0000000707000000|  0%| F|  |TAMS 0x0000000706e00000, 0x0000000706e00000| Untracked 
|  32|0x0000000707000000, 0x0000000707071ba8, 0x0000000707200000| 22%| S|CS|TAMS 0x0000000707000000, 0x0000000707000000| Complete 
|  33|0x0000000707200000, 0x0000000707400000, 0x0000000707400000|100%| S|CS|TAMS 0x0000000707200000, 0x0000000707200000| Complete 
|  34|0x0000000707400000, 0x0000000707600000, 0x0000000707600000|100%| S|CS|TAMS 0x0000000707400000, 0x0000000707400000| Complete 
|  35|0x0000000707600000, 0x0000000707800000, 0x0000000707800000|100%| S|CS|TAMS 0x0000000707600000, 0x0000000707600000| Complete 
|  36|0x0000000707800000, 0x0000000707a00000, 0x0000000707a00000|100%| S|CS|TAMS 0x0000000707800000, 0x0000000707800000| Complete 
|  37|0x0000000707a00000, 0x0000000707c00000, 0x0000000707c00000|100%| S|CS|TAMS 0x0000000707a00000, 0x0000000707a00000| Complete 
|  38|0x0000000707c00000, 0x0000000707c00000, 0x0000000707e00000|  0%| F|  |TAMS 0x0000000707c00000, 0x0000000707c00000| Untracked 
|  39|0x0000000707e00000, 0x0000000707e00000, 0x0000000708000000|  0%| F|  |TAMS 0x0000000707e00000, 0x0000000707e00000| Untracked 
|  40|0x0000000708000000, 0x0000000708000000, 0x0000000708200000|  0%| F|  |TAMS 0x0000000708000000, 0x0000000708000000| Untracked 
|  41|0x0000000708200000, 0x0000000708200000, 0x0000000708400000|  0%| F|  |TAMS 0x0000000708200000, 0x0000000708200000| Untracked 
|  42|0x0000000708400000, 0x0000000708400000, 0x0000000708600000|  0%| F|  |TAMS 0x0000000708400000, 0x0000000708400000| Untracked 
|  43|0x0000000708600000, 0x0000000708600000, 0x0000000708800000|  0%| F|  |TAMS 0x0000000708600000, 0x0000000708600000| Untracked 
|  44|0x0000000708800000, 0x0000000708800000, 0x0000000708a00000|  0%| F|  |TAMS 0x0000000708800000, 0x0000000708800000| Untracked 
|  45|0x0000000708a00000, 0x0000000708a00000, 0x0000000708c00000|  0%| F|  |TAMS 0x0000000708a00000, 0x0000000708a00000| Untracked 
|  46|0x0000000708c00000, 0x0000000708c00000, 0x0000000708e00000|  0%| F|  |TAMS 0x0000000708c00000, 0x0000000708c00000| Untracked 
|  47|0x0000000708e00000, 0x0000000708e00000, 0x0000000709000000|  0%| F|  |TAMS 0x0000000708e00000, 0x0000000708e00000| Untracked 
|  48|0x0000000709000000, 0x0000000709000000, 0x0000000709200000|  0%| F|  |TAMS 0x0000000709000000, 0x0000000709000000| Untracked 
|  49|0x0000000709200000, 0x0000000709200000, 0x0000000709400000|  0%| F|  |TAMS 0x0000000709200000, 0x0000000709200000| Untracked 
|  50|0x0000000709400000, 0x0000000709400000, 0x0000000709600000|  0%| F|  |TAMS 0x0000000709400000, 0x0000000709400000| Untracked 
|  51|0x0000000709600000, 0x0000000709600000, 0x0000000709800000|  0%| F|  |TAMS 0x0000000709600000, 0x0000000709600000| Untracked 
|  52|0x0000000709800000, 0x0000000709800000, 0x0000000709a00000|  0%| F|  |TAMS 0x0000000709800000, 0x0000000709800000| Untracked 
|  53|0x0000000709a00000, 0x0000000709a00000, 0x0000000709c00000|  0%| F|  |TAMS 0x0000000709a00000, 0x0000000709a00000| Untracked 
|  54|0x0000000709c00000, 0x0000000709c00000, 0x0000000709e00000|  0%| F|  |TAMS 0x0000000709c00000, 0x0000000709c00000| Untracked 
|  55|0x0000000709e00000, 0x0000000709e00000, 0x000000070a000000|  0%| F|  |TAMS 0x0000000709e00000, 0x0000000709e00000| Untracked 
|  56|0x000000070a000000, 0x000000070a000000, 0x000000070a200000|  0%| F|  |TAMS 0x000000070a000000, 0x000000070a000000| Untracked 
|  57|0x000000070a200000, 0x000000070a200000, 0x000000070a400000|  0%| F|  |TAMS 0x000000070a200000, 0x000000070a200000| Untracked 
|  58|0x000000070a400000, 0x000000070a400000, 0x000000070a600000|  0%| F|  |TAMS 0x000000070a400000, 0x000000070a400000| Untracked 
|  59|0x000000070a600000, 0x000000070a600000, 0x000000070a800000|  0%| F|  |TAMS 0x000000070a600000, 0x000000070a600000| Untracked 
|  60|0x000000070a800000, 0x000000070a800000, 0x000000070aa00000|  0%| F|  |TAMS 0x000000070a800000, 0x000000070a800000| Untracked 
|  61|0x000000070aa00000, 0x000000070aa00000, 0x000000070ac00000|  0%| F|  |TAMS 0x000000070aa00000, 0x000000070aa00000| Untracked 
|  62|0x000000070ac00000, 0x000000070ac00000, 0x000000070ae00000|  0%| F|  |TAMS 0x000000070ac00000, 0x000000070ac00000| Untracked 
|  63|0x000000070ae00000, 0x000000070ae00000, 0x000000070b000000|  0%| F|  |TAMS 0x000000070ae00000, 0x000000070ae00000| Untracked 
|  64|0x000000070b000000, 0x000000070b000000, 0x000000070b200000|  0%| F|  |TAMS 0x000000070b000000, 0x000000070b000000| Untracked 
|  65|0x000000070b200000, 0x000000070b200000, 0x000000070b400000|  0%| F|  |TAMS 0x000000070b200000, 0x000000070b200000| Untracked 
|  66|0x000000070b400000, 0x000000070b400000, 0x000000070b600000|  0%| F|  |TAMS 0x000000070b400000, 0x000000070b400000| Untracked 
|  67|0x000000070b600000, 0x000000070b600000, 0x000000070b800000|  0%| F|  |TAMS 0x000000070b600000, 0x000000070b600000| Untracked 
|  68|0x000000070b800000, 0x000000070b800000, 0x000000070ba00000|  0%| F|  |TAMS 0x000000070b800000, 0x000000070b800000| Untracked 
|  69|0x000000070ba00000, 0x000000070bb475c8, 0x000000070bc00000| 63%| E|  |TAMS 0x000000070ba00000, 0x000000070ba00000| Complete 
|  70|0x000000070bc00000, 0x000000070be00000, 0x000000070be00000|100%| E|CS|TAMS 0x000000070bc00000, 0x000000070bc00000| Complete 
|  71|0x000000070be00000, 0x000000070c000000, 0x000000070c000000|100%| E|CS|TAMS 0x000000070be00000, 0x000000070be00000| Complete 
|  72|0x000000070c000000, 0x000000070c200000, 0x000000070c200000|100%| E|CS|TAMS 0x000000070c000000, 0x000000070c000000| Complete 
|  73|0x000000070c200000, 0x000000070c400000, 0x000000070c400000|100%| E|CS|TAMS 0x000000070c200000, 0x000000070c200000| Complete 
| 121|0x0000000712200000, 0x0000000712400000, 0x0000000712400000|100%| E|CS|TAMS 0x0000000712200000, 0x0000000712200000| Complete 
| 122|0x0000000712400000, 0x0000000712600000, 0x0000000712600000|100%| E|CS|TAMS 0x0000000712400000, 0x0000000712400000| Complete 
| 123|0x0000000712600000, 0x0000000712800000, 0x0000000712800000|100%| E|CS|TAMS 0x0000000712600000, 0x0000000712600000| Complete 
| 124|0x0000000712800000, 0x0000000712a00000, 0x0000000712a00000|100%| E|CS|TAMS 0x0000000712800000, 0x0000000712800000| Complete 
| 126|0x0000000712c00000, 0x0000000712e00000, 0x0000000712e00000|100%| E|CS|TAMS 0x0000000712c00000, 0x0000000712c00000| Complete 

Card table byte_map: [0x000001febffc0000,0x000001fec07b0000] _byte_map_base: 0x000001febc7a8000

Marking Bits (Prev, Next): (CMBitMap*) 0x000001fea8311d70, (CMBitMap*) 0x000001fea8311d30
 Prev Bits: [0x000001fec4ee0000, 0x000001fec8e20000)
 Next Bits: [0x000001fec0fa0000, 0x000001fec4ee0000)

Polling page: 0x000001fea6a60000

Metaspace:

Usage:
  Non-class:     73.84 MB used.
      Class:     11.53 MB used.
       Both:     85.37 MB used.

Virtual space:
  Non-class space:      128.00 MB reserved,      74.38 MB ( 58%) committed,  2 nodes.
      Class space:        1.00 GB reserved,      12.06 MB (  1%) committed,  1 nodes.
             Both:        1.12 GB reserved,      86.44 MB (  8%) committed. 

Chunk freelists:
   Non-Class:  5.41 MB
       Class:  3.92 MB
        Both:  9.33 MB

MaxMetaspaceSize: unlimited
CompressedClassSpaceSize: 1.00 GB
Initial GC threshold: 21.00 MB
Current GC threshold: 117.19 MB
CDS: on
MetaspaceReclaimPolicy: balanced
 - commit_granule_bytes: 65536.
 - commit_granule_words: 8192.
 - virtual_space_node_default_size: 8388608.
 - enlarge_chunks_in_place: 1.
 - new_chunks_are_fully_committed: 0.
 - uncommit_free_chunks: 1.
 - use_allocation_guard: 0.
 - handle_deallocations: 1.


Internal statistics:

num_allocs_failed_limit: 9.
num_arena_births: 1744.
num_arena_deaths: 0.
num_vsnodes_births: 3.
num_vsnodes_deaths: 0.
num_space_committed: 1383.
num_space_uncommitted: 0.
num_chunks_returned_to_freelist: 9.
num_chunks_taken_from_freelist: 5104.
num_chunk_merges: 9.
num_chunk_splits: 3588.
num_chunks_enlarged: 2579.
num_inconsistent_stats: 0.

CodeHeap 'non-profiled nmethods': size=120000Kb used=4825Kb max_used=5668Kb free=115174Kb
 bounds [0x000001feb7620000, 0x000001feb7bb0000, 0x000001febeb50000]
CodeHeap 'profiled nmethods': size=120000Kb used=13417Kb max_used=15208Kb free=106582Kb
 bounds [0x000001feafb50000, 0x000001feb0a30000, 0x000001feb7080000]
CodeHeap 'non-nmethods': size=5760Kb used=2461Kb max_used=2540Kb free=3298Kb
 bounds [0x000001feb7080000, 0x000001feb7310000, 0x000001feb7620000]
 total_blobs=8144 nmethods=7149 adapters=906
 compilation: enabled
              stopped_count=0, restarted_count=0
 full_count=0

Compilation events (20 events):
Event: 13.461 Thread 0x000001fecbb7a850 8658       1       org.springframework.web.filter.OncePerRequestFilter::shouldNotFilter (2 bytes)
Event: 13.461 Thread 0x000001fecbb7a850 nmethod 8658 0x000001feb7b13590 code [0x000001feb7b13720, 0x000001feb7b137f8]
Event: 13.461 Thread 0x000001fecbb7a850 8661       1       org.hibernate.internal.AbstractSharedSessionContract::getTransactionCoordinator (5 bytes)
Event: 13.461 Thread 0x000001fecbb7a850 nmethod 8661 0x000001feb7678390 code [0x000001feb7678520, 0x000001feb76785f8]
Event: 13.461 Thread 0x000001fecbb7a850 8664       1       org.springframework.web.context.request.ServletRequestAttributes::getResponse (5 bytes)
Event: 13.461 Thread 0x000001fecbb7a850 nmethod 8664 0x000001feb77f3810 code [0x000001feb77f39a0, 0x000001feb77f3a78]
Event: 13.461 Thread 0x000001fecbb7a850 8665       1       org.apache.coyote.ErrorState::isIoAllowed (5 bytes)
Event: 13.461 Thread 0x000001fecbb7a850 nmethod 8665 0x000001feb7683490 code [0x000001feb7683620, 0x000001feb76836f8]
Event: 13.461 Thread 0x000001fecbb7a850 8645       1       org.hibernate.internal.AbstractSharedSessionContract::getFactory (5 bytes)
Event: 13.461 Thread 0x000001fecbb7a850 nmethod 8645 0x000001feb7683190 code [0x000001feb7683320, 0x000001feb76833f8]
Event: 13.461 Thread 0x000001fecbb7a850 8666       3       jakarta.servlet.ServletRequestWrapper::removeAttribute (11 bytes)
Event: 13.461 Thread 0x000001fecbb7a850 nmethod 8666 0x000001feafccb490 code [0x000001feafccb640, 0x000001feafccb828]
Event: 13.461 Thread 0x000001fecbb7a850 8649       1       org.apache.tomcat.util.buf.AbstractChunk::setEnd (6 bytes)
Event: 13.461 Thread 0x000001fecbb7a850 nmethod 8649 0x000001feb7688610 code [0x000001feb76887a0, 0x000001feb7688878]
Event: 13.461 Thread 0x000001fecbb7a850 8667       3       java.nio.channels.spi.AbstractSelectionKey::isValid (13 bytes)
Event: 13.462 Thread 0x000001fecbb7a850 nmethod 8667 0x000001feafbda390 code [0x000001feafbda520, 0x000001feafbda698]
Event: 13.466 Thread 0x000001fecbb7a850 8668       1       org.apache.coyote.Response::getMimeHeaders (5 bytes)
Event: 13.466 Thread 0x000001fecbb7a850 nmethod 8668 0x000001feb7688310 code [0x000001feb76884a0, 0x000001feb7688578]
Event: 13.469 Thread 0x000001fecbb7a850 8669   !   3       java.io.StringReader::mark (44 bytes)
Event: 13.470 Thread 0x000001fecbb7a850 nmethod 8669 0x000001feafd1d110 code [0x000001feafd1d2e0, 0x000001feafd1d778]

GC Heap History (20 events):
Event: 4.656 GC heap before
{Heap before GC invocations=18 (full 0):
 garbage-first heap   total 61440K, used 45877K [0x0000000703000000, 0x0000000800000000)
  region size 2048K, 10 young (20480K), 1 survivors (2048K)
 Metaspace       used 62298K, committed 62848K, reserved 1114112K
  class space    used 8458K, committed 8704K, reserved 1048576K
}
Event: 4.657 GC heap after
{Heap after GC invocations=19 (full 0):
 garbage-first heap   total 61440K, used 29967K [0x0000000703000000, 0x0000000800000000)
  region size 2048K, 2 young (4096K), 2 survivors (4096K)
 Metaspace       used 62298K, committed 62848K, reserved 1114112K
  class space    used 8458K, committed 8704K, reserved 1048576K
}
Event: 4.680 GC heap before
{Heap before GC invocations=19 (full 0):
 garbage-first heap   total 61440K, used 32015K [0x0000000703000000, 0x0000000800000000)
  region size 2048K, 3 young (6144K), 2 survivors (4096K)
 Metaspace       used 62907K, committed 63488K, reserved 1114112K
  class space    used 8528K, committed 8832K, reserved 1048576K
}
Event: 4.683 GC heap after
{Heap after GC invocations=20 (full 0):
 garbage-first heap   total 61440K, used 30555K [0x0000000703000000, 0x0000000800000000)
  region size 2048K, 1 young (2048K), 1 survivors (2048K)
 Metaspace       used 62907K, committed 63488K, reserved 1114112K
  class space    used 8528K, committed 8832K, reserved 1048576K
}
Event: 4.942 GC heap before
{Heap before GC invocations=20 (full 0):
 garbage-first heap   total 61440K, used 48987K [0x0000000703000000, 0x0000000800000000)
  region size 2048K, 10 young (20480K), 1 survivors (2048K)
 Metaspace       used 66677K, committed 67264K, reserved 1114112K
  class space    used 8984K, committed 9280K, reserved 1048576K
}
Event: 4.944 GC heap after
{Heap after GC invocations=21 (full 0):
 garbage-first heap   total 61440K, used 31908K [0x0000000703000000, 0x0000000800000000)
  region size 2048K, 2 young (4096K), 2 survivors (4096K)
 Metaspace       used 66677K, committed 67264K, reserved 1114112K
  class space    used 8984K, committed 9280K, reserved 1048576K
}
Event: 5.187 GC heap before
{Heap before GC invocations=22 (full 0):
 garbage-first heap   total 61440K, used 48292K [0x0000000703000000, 0x0000000800000000)
  region size 2048K, 10 young (20480K), 2 survivors (4096K)
 Metaspace       used 68881K, committed 69440K, reserved 1114112K
  class space    used 9371K, committed 9664K, reserved 1048576K
}
Event: 5.189 GC heap after
{Heap after GC invocations=23 (full 0):
 garbage-first heap   total 61440K, used 33257K [0x0000000703000000, 0x0000000800000000)
  region size 2048K, 2 young (4096K), 2 survivors (4096K)
 Metaspace       used 68881K, committed 69440K, reserved 1114112K
  class space    used 9371K, committed 9664K, reserved 1048576K
}
Event: 5.217 GC heap before
{Heap before GC invocations=23 (full 0):
 garbage-first heap   total 61440K, used 35305K [0x0000000703000000, 0x0000000800000000)
  region size 2048K, 3 young (6144K), 2 survivors (4096K)
 Metaspace       used 69098K, committed 69632K, reserved 1114112K
  class space    used 9405K, committed 9664K, reserved 1048576K
}
Event: 5.219 GC heap after
{Heap after GC invocations=24 (full 0):
 garbage-first heap   total 61440K, used 32860K [0x0000000703000000, 0x0000000800000000)
  region size 2048K, 1 young (2048K), 1 survivors (2048K)
 Metaspace       used 69098K, committed 69632K, reserved 1114112K
  class space    used 9405K, committed 9664K, reserved 1048576K
}
Event: 5.449 GC heap before
{Heap before GC invocations=24 (full 0):
 garbage-first heap   total 61440K, used 49244K [0x0000000703000000, 0x0000000800000000)
  region size 2048K, 9 young (18432K), 1 survivors (2048K)
 Metaspace       used 71347K, committed 71936K, reserved 1114112K
  class space    used 9721K, committed 9984K, reserved 1048576K
}
Event: 5.450 GC heap after
{Heap after GC invocations=25 (full 0):
 garbage-first heap   total 61440K, used 33900K [0x0000000703000000, 0x0000000800000000)
  region size 2048K, 1 young (2048K), 1 survivors (2048K)
 Metaspace       used 71347K, committed 71936K, reserved 1114112K
  class space    used 9721K, committed 9984K, reserved 1048576K
}
Event: 5.690 GC heap before
{Heap before GC invocations=26 (full 0):
 garbage-first heap   total 61440K, used 50284K [0x0000000703000000, 0x0000000800000000)
  region size 2048K, 9 young (18432K), 1 survivors (2048K)
 Metaspace       used 73554K, committed 74176K, reserved 1114112K
  class space    used 10045K, committed 10304K, reserved 1048576K
}
Event: 5.692 GC heap after
{Heap after GC invocations=27 (full 0):
 garbage-first heap   total 61440K, used 35649K [0x0000000703000000, 0x0000000800000000)
  region size 2048K, 2 young (4096K), 2 survivors (4096K)
 Metaspace       used 73554K, committed 74176K, reserved 1114112K
  class space    used 10045K, committed 10304K, reserved 1048576K
}
Event: 5.732 GC heap before
{Heap before GC invocations=27 (full 0):
 garbage-first heap   total 61440K, used 37697K [0x0000000703000000, 0x0000000800000000)
  region size 2048K, 3 young (6144K), 2 survivors (4096K)
 Metaspace       used 73781K, committed 74432K, reserved 1114112K
  class space    used 10080K, committed 10368K, reserved 1048576K
}
Event: 5.735 GC heap after
{Heap after GC invocations=28 (full 0):
 garbage-first heap   total 61440K, used 35818K [0x0000000703000000, 0x0000000800000000)
  region size 2048K, 1 young (2048K), 1 survivors (2048K)
 Metaspace       used 73781K, committed 74432K, reserved 1114112K
  class space    used 10080K, committed 10368K, reserved 1048576K
}
Event: 6.025 GC heap before
{Heap before GC invocations=28 (full 0):
 garbage-first heap   total 61440K, used 48106K [0x0000000703000000, 0x0000000800000000)
  region size 2048K, 7 young (14336K), 1 survivors (2048K)
 Metaspace       used 76245K, committed 76928K, reserved 1179648K
  class space    used 10400K, committed 10688K, reserved 1048576K
}
Event: 6.028 GC heap after
{Heap after GC invocations=29 (full 0):
 garbage-first heap   total 161792K, used 36474K [0x0000000703000000, 0x0000000800000000)
  region size 2048K, 1 young (2048K), 1 survivors (2048K)
 Metaspace       used 76245K, committed 76928K, reserved 1179648K
  class space    used 10400K, committed 10688K, reserved 1048576K
}
Event: 11.866 GC heap before
{Heap before GC invocations=29 (full 0):
 garbage-first heap   total 161792K, used 120442K [0x0000000703000000, 0x0000000800000000)
  region size 2048K, 42 young (86016K), 1 survivors (2048K)
 Metaspace       used 84441K, committed 85440K, reserved 1179648K
  class space    used 11408K, committed 11904K, reserved 1048576K
}
Event: 11.872 GC heap after
{Heap after GC invocations=30 (full 0):
 garbage-first heap   total 161792K, used 45937K [0x0000000703000000, 0x0000000800000000)
  region size 2048K, 6 young (12288K), 6 survivors (12288K)
 Metaspace       used 84441K, committed 85440K, reserved 1179648K
  class space    used 11408K, committed 11904K, reserved 1048576K
}

Deoptimization events (20 events):
Event: 12.194 Thread 0x000001ff1511a430 DEOPT PACKING pc=0x000001feb785b178 sp=0x00000063b5bfb430
Event: 12.194 Thread 0x000001ff1511a430 DEOPT UNPACKING pc=0x000001feb70d23a3 sp=0x00000063b5bfb2d0 mode 2
Event: 12.195 Thread 0x000001ff1511a430 Uncommon trap: trap_request=0xffffff45 fr.pc=0x000001feb7772398 relative=0x0000000000000278
Event: 12.195 Thread 0x000001ff1511a430 Uncommon trap: reason=unstable_if action=reinterpret pc=0x000001feb7772398 method=java.lang.String.startsWith(Ljava/lang/String;I)Z @ 50 c2
Event: 12.195 Thread 0x000001ff1511a430 DEOPT PACKING pc=0x000001feb7772398 sp=0x00000063b5bfba10
Event: 12.195 Thread 0x000001ff1511a430 DEOPT UNPACKING pc=0x000001feb70d23a3 sp=0x00000063b5bfb918 mode 2
Event: 12.195 Thread 0x000001ff1511a430 Uncommon trap: trap_request=0xffffff45 fr.pc=0x000001feb7ad6520 relative=0x0000000000000480
Event: 12.195 Thread 0x000001ff1511a430 Uncommon trap: reason=unstable_if action=reinterpret pc=0x000001feb7ad6520 method=java.lang.String.substring(II)Ljava/lang/String; @ 31 c2
Event: 12.195 Thread 0x000001ff1511a430 DEOPT PACKING pc=0x000001feb7ad6520 sp=0x00000063b5bfb7e0
Event: 12.195 Thread 0x000001ff1511a430 DEOPT UNPACKING pc=0x000001feb70d23a3 sp=0x00000063b5bfb740 mode 2
Event: 12.252 Thread 0x000001ff1511a430 Uncommon trap: trap_request=0xffffff45 fr.pc=0x000001feb77b4734 relative=0x0000000000000274
Event: 12.252 Thread 0x000001ff1511a430 Uncommon trap: reason=unstable_if action=reinterpret pc=0x000001feb77b4734 method=java.util.HashMap.getNode(Ljava/lang/Object;)Ljava/util/HashMap$Node; @ 66 c2
Event: 12.252 Thread 0x000001ff1511a430 DEOPT PACKING pc=0x000001feb77b4734 sp=0x00000063b5bfb270
Event: 12.252 Thread 0x000001ff1511a430 DEOPT UNPACKING pc=0x000001feb70d23a3 sp=0x00000063b5bfb190 mode 2
Event: 13.413 Thread 0x000001ff151185d0 Uncommon trap: trap_request=0xffffff6e fr.pc=0x000001feb7b687cc relative=0x00000000000003ec
Event: 13.413 Thread 0x000001ff151185d0 Uncommon trap: reason=loop_limit_check action=maybe_recompile pc=0x000001feb7b687cc method=org.attoparser.util.TextUtil.equals(Z[CII[CII)Z @ 68 c2
Event: 13.413 Thread 0x000001ff151185d0 DEOPT PACKING pc=0x000001feb7b687cc sp=0x00000063b59fb700
Event: 13.413 Thread 0x000001ff151185d0 DEOPT UNPACKING pc=0x000001feb70d23a3 sp=0x00000063b59fb5f8 mode 2
Event: 13.425 Thread 0x000001ff151185d0 DEOPT PACKING pc=0x000001feb09fd9ac sp=0x00000063b59fb2d0
Event: 13.425 Thread 0x000001ff151185d0 DEOPT UNPACKING pc=0x000001feb70d2b43 sp=0x00000063b59fa8c8 mode 0

Classes unloaded (0 events):
No events

Classes redefined (0 events):
No events

Internal exceptions (20 events):
Event: 6.754 Thread 0x000001ff151180c0 Exception <a 'java/lang/ClassNotFoundException'{0x0000000708db66e0}: java/util/Collections$UnmodifiableListCustomizer> (0x0000000708db66e0) 
thrown [s\open\src\hotspot\share\classfile\systemDictionary.cpp, line 256]
Event: 6.755 Thread 0x000001ff151180c0 Exception <a 'java/lang/ClassNotFoundException'{0x0000000708dd6de8}: java/util/Collections$UnmodifiableRandomAccessListCustomizer> (0x0000000708dd6de8) 
thrown [s\open\src\hotspot\share\classfile\systemDictionary.cpp, line 256]
Event: 6.816 Thread 0x000001ff151180c0 Exception <a 'java/lang/ClassNotFoundException'{0x0000000708822c48}: org/thymeleaf/model/AttributeValueQuotesBeanInfo> (0x0000000708822c48) 
thrown [s\open\src\hotspot\share\classfile\systemDictionary.cpp, line 256]
Event: 6.817 Thread 0x000001ff151180c0 Exception <a 'java/lang/ClassNotFoundException'{0x000000070882d1a8}: org/thymeleaf/model/AttributeValueQuotesCustomizer> (0x000000070882d1a8) 
thrown [s\open\src\hotspot\share\classfile\systemDictionary.cpp, line 256]
Event: 6.818 Thread 0x000001ff151180c0 Exception <a 'java/lang/NoSuchMethodError'{0x00000007088350d0}: 'java.lang.Object java.lang.invoke.DirectMethodHandle$Holder.invokeInterface(java.lang.Object, java.lang.Object, java.lang.Object, java.lang.Object, java.lang.Object, int)'> (0x00000007088350d0) 
thrown [s\open\src\hotspot\share\interpreter\linkResolver.cpp, line 759]
Event: 6.822 Thread 0x000001ff151180c0 Exception <a 'java/lang/NoSuchMethodError'{0x00000007088861b8}: 'java.lang.Object java.lang.invoke.Invokers$Holder.linkToCallSite(java.lang.Object, java.lang.Object, int, java.lang.Object)'> (0x00000007088861b8) 
thrown [s\open\src\hotspot\share\interpreter\linkResolver.cpp, line 759]
Event: 6.824 Thread 0x000001ff151180c0 Exception <a 'java/lang/ClassNotFoundException'{0x000000070889fcd0}: org/thymeleaf/engine/ElementTagStructureHandlerBeanInfo> (0x000000070889fcd0) 
thrown [s\open\src\hotspot\share\classfile\systemDictionary.cpp, line 256]
Event: 6.825 Thread 0x000001ff151180c0 Exception <a 'java/lang/ClassNotFoundException'{0x00000007088aa4a0}: org/thymeleaf/engine/ElementTagStructureHandlerCustomizer> (0x00000007088aa4a0) 
thrown [s\open\src\hotspot\share\classfile\systemDictionary.cpp, line 256]
Event: 6.825 Thread 0x000001ff151180c0 Exception <a 'java/lang/NoSuchMethodError'{0x00000007088be010}: 'void java.lang.invoke.DirectMethodHandle$Holder.invokeInterface(java.lang.Object, java.lang.Object, java.lang.Object, int)'> (0x00000007088be010) 
thrown [s\open\src\hotspot\share\interpreter\linkResolver.cpp, line 759]
Event: 6.826 Thread 0x000001ff151180c0 Exception <a 'java/lang/NoSuchMethodError'{0x00000007088c25f8}: 'void java.lang.invoke.DirectMethodHandle$Holder.invokeSpecial(java.lang.Object, java.lang.Object, java.lang.Object, java.lang.Object, int)'> (0x00000007088c25f8) 
thrown [s\open\src\hotspot\share\interpreter\linkResolver.cpp, line 759]
Event: 6.826 Thread 0x000001ff151180c0 Exception <a 'java/lang/NoSuchMethodError'{0x00000007088c6548}: 'void java.lang.invoke.DelegatingMethodHandle$Holder.reinvoke_L(java.lang.Object, java.lang.Object, java.lang.Object, int)'> (0x00000007088c6548) 
thrown [s\open\src\hotspot\share\interpreter\linkResolver.cpp, line 759]
Event: 6.826 Thread 0x000001ff151180c0 Exception <a 'java/lang/NoSuchMethodError'{0x00000007088d0b90}: 'java.lang.Object java.lang.invoke.DelegatingMethodHandle$Holder.delegate(java.lang.Object, java.lang.Object, java.lang.Object, java.lang.Object, int)'> (0x00000007088d0b90) 
thrown [s\open\src\hotspot\share\interpreter\linkResolver.cpp, line 759]
Event: 6.827 Thread 0x000001ff151180c0 Exception <a 'java/lang/NoSuchMethodError'{0x00000007088e0bf8}: 'int java.lang.invoke.DirectMethodHandle$Holder.invokeSpecial(java.lang.Object, java.lang.Object, java.lang.Object, java.lang.Object, int)'> (0x00000007088e0bf8) 
thrown [s\open\src\hotspot\share\interpreter\linkResolver.cpp, line 759]
Event: 6.863 Thread 0x000001ff151180c0 Exception <a 'java/lang/NoSuchMethodError'{0x000000070871bad8}: 'java.lang.Object java.lang.invoke.DirectMethodHandle$Holder.invokeStatic(java.lang.Object, java.lang.Object, java.lang.Object, java.lang.Object, int, java.lang.Object)'> (0x000000070871bad8) 
thrown [s\open\src\hotspot\share\interpreter\linkResolver.cpp, line 759]
Event: 6.863 Thread 0x000001ff151180c0 Exception <a 'java/lang/NoSuchMethodError'{0x0000000708723b80}: 'java.lang.Object java.lang.invoke.Invokers$Holder.linkToTargetMethod(java.lang.Object, java.lang.Object, java.lang.Object, int, java.lang.Object)'> (0x0000000708723b80) 
thrown [s\open\src\hotspot\share\interpreter\linkResolver.cpp, line 759]
Event: 6.921 Thread 0x000001ff151185d0 Exception <a 'java/lang/NoSuchMethodError'{0x00000007085b6b38}: 'java.lang.Object java.lang.invoke.DirectMethodHandle$Holder.invokeStatic(java.lang.Object, int, int)'> (0x00000007085b6b38) 
thrown [s\open\src\hotspot\share\interpreter\linkResolver.cpp, line 759]
Event: 11.953 Thread 0x000001ff15118ae0 Exception <a 'java/lang/NoSuchMethodError'{0x0000000712430238}: 'void java.lang.invoke.DirectMethodHandle$Holder.invokeSpecialIFC(java.lang.Object, java.lang.Object, int, java.lang.Object, java.lang.Object, java.lang.Object, java.lang.Object)'> (0x0000000712430238) 
thrown [s\open\src\hotspot\share\interpreter\linkResolver.cpp, line 759]
Event: 12.010 Thread 0x000001ff15118ae0 Exception <a 'java/lang/NoSuchMethodError'{0x0000000712305310}: 'java.lang.Object java.lang.invoke.DelegatingMethodHandle$Holder.reinvoke_L(java.lang.Object, java.lang.Object, long, java.lang.Object, java.lang.Object, java.lang.Object, java.lang.Object, java.lang.Object, java.lang.Object, java.lang.Object, java.lang.Object, java.lang.Object, int, java.lang.Object, java.lang.Object, java.lang.Object)'> (0x0000000712305310) 
thrown [s\open\src\hotspot\share\interpreter\linkResolver.cpp, line 759]
Event: 12.013 Thread 0x000001ff15118ae0 Exception <a 'java/lang/NoSuchMethodError'{0x000000071234bc20}: 'java.lang.Object java.lang.invoke.DirectMethodHandle$Holder.invokeSpecial(java.lang.Object, java.lang.Object, long, java.lang.Object, java.lang.Object, java.lang.Object, java.lang.Object, java.lang.Object, java.lang.Object, java.lang.Object, java.lang.Object, java.lang.Object, int, java.lang.Object, java.lang.Object, java.lang.Object)'> (0x000000071234bc20) 
thrown [s\open\src\hotspot\share\interpreter\linkResolver.cpp, line 759]
Event: 12.013 Thread 0x000001ff15118ae0 Exception <a 'java/lang/NoSuchMethodError'{0x0000000712350b60}: 'java.lang.Object java.lang.invoke.DelegatingMethodHandle$Holder.reinvoke_L(java.lang.Object, long, java.lang.Object, java.lang.Object, java.lang.Object, java.lang.Object, java.lang.Object, java.lang.Object, java.lang.Object, java.lang.Object, java.lang.Object, int, java.lang.Object, java.lang.Object, java.lang.Object)'> (0x0000000712350b60) 
thrown [s\open\src\hotspot\share\interpreter\linkResolver.cpp, line 759]

VM Operations (20 events):
Event: 11.866 Executing VM operation: G1CollectForAllocation
Event: 11.872 Executing VM operation: G1CollectForAllocation done
Event: 11.942 Executing VM operation: HandshakeAllThreads
Event: 11.942 Executing VM operation: HandshakeAllThreads done
Event: 12.247 Executing VM operation: HandshakeAllThreads
Event: 12.247 Executing VM operation: HandshakeAllThreads done
Event: 12.247 Executing VM operation: HandshakeAllThreads
Event: 12.248 Executing VM operation: HandshakeAllThreads done
Event: 12.254 Executing VM operation: ICBufferFull
Event: 12.256 Executing VM operation: ICBufferFull done
Event: 12.266 Executing VM operation: HandshakeAllThreads
Event: 12.266 Executing VM operation: HandshakeAllThreads done
Event: 12.352 Executing VM operation: HandshakeAllThreads
Event: 12.352 Executing VM operation: HandshakeAllThreads done
Event: 13.357 Executing VM operation: Cleanup
Event: 13.357 Executing VM operation: Cleanup done
Event: 13.423 Executing VM operation: HandshakeAllThreads
Event: 13.423 Executing VM operation: HandshakeAllThreads done
Event: 14.422 Executing VM operation: Cleanup
Event: 14.423 Executing VM operation: Cleanup done

Events (20 events):
Event: 12.359 Thread 0x000001fecbb7c170 flushing nmethod 0x000001feb08da710
Event: 12.359 Thread 0x000001fecbb7c170 flushing nmethod 0x000001feb08e0c90
Event: 12.359 Thread 0x000001fecbb7c170 flushing nmethod 0x000001feb08e6490
Event: 12.359 Thread 0x000001fecbb7c170 flushing nmethod 0x000001feb08e6a10
Event: 12.359 Thread 0x000001fecbb7c170 flushing nmethod 0x000001feb08e7390
Event: 12.359 Thread 0x000001fecbb7c170 flushing nmethod 0x000001feb08fed90
Event: 12.360 Thread 0x000001fecbb7c170 flushing nmethod 0x000001feb0905890
Event: 12.360 Thread 0x000001fecbb7c170 flushing nmethod 0x000001feb0906e90
Event: 12.360 Thread 0x000001fecbb7c170 flushing nmethod 0x000001feb091a790
Event: 12.360 Thread 0x000001fecbb7c170 flushing nmethod 0x000001feb0930790
Event: 12.361 Thread 0x000001fecbb7c170 flushing nmethod 0x000001feb0973790
Event: 12.361 Thread 0x000001fecbb7c170 flushing nmethod 0x000001feb09ba990
Event: 12.361 Thread 0x000001fecbb7c170 flushing nmethod 0x000001feb09bb110
Event: 12.361 Thread 0x000001fecbb7c170 flushing nmethod 0x000001feb09bba90
Event: 12.361 Thread 0x000001fecbb7c170 flushing nmethod 0x000001feb09bbf90
Event: 12.361 Thread 0x000001fecbb7c170 flushing nmethod 0x000001feb0a16410
Event: 12.475 Thread 0x000001ff162b3860 Thread exited: 0x000001ff162b3860
Event: 12.835 Thread 0x000001ff17635a10 Thread exited: 0x000001ff17635a10
Event: 13.378 Thread 0x000001ff175c7ad0 Thread added: 0x000001ff175c7ad0
Event: 13.451 Thread 0x000001ff115783d0 Thread added: 0x000001ff115783d0


Dynamic libraries:
0x00007ff7c1340000 - 0x00007ff7c1350000 	C:\Program Files\Java\jdk-17\bin\java.exe
0x00007ffbcf520000 - 0x00007ffbcf786000 	C:\WINDOWS\SYSTEM32\ntdll.dll
0x00007ffbcee20000 - 0x00007ffbceee9000 	C:\WINDOWS\System32\KERNEL32.DLL
0x00007ffbccf10000 - 0x00007ffbcd2dc000 	C:\WINDOWS\System32\KERNELBASE.dll
0x00007ffbcc960000 - 0x00007ffbccaab000 	C:\WINDOWS\System32\ucrtbase.dll
0x00007ffbb6260000 - 0x00007ffbb6279000 	C:\Program Files\Java\jdk-17\bin\jli.dll
0x00007ffbb35e0000 - 0x00007ffbb35fb000 	C:\Program Files\Java\jdk-17\bin\VCRUNTIME140.dll
0x00007ffbcf320000 - 0x00007ffbcf3d2000 	C:\WINDOWS\System32\ADVAPI32.dll
0x00007ffbcdf10000 - 0x00007ffbcdfb9000 	C:\WINDOWS\System32\msvcrt.dll
0x00007ffbcf1d0000 - 0x00007ffbcf276000 	C:\WINDOWS\System32\sechost.dll
0x00007ffbcefb0000 - 0x00007ffbcf0c6000 	C:\WINDOWS\System32\RPCRT4.dll
0x00007ffbcdcc0000 - 0x00007ffbcde8a000 	C:\WINDOWS\System32\USER32.dll
0x00007ffbccab0000 - 0x00007ffbccad7000 	C:\WINDOWS\System32\win32u.dll
0x00007ffbceef0000 - 0x00007ffbcef1b000 	C:\WINDOWS\System32\GDI32.dll
0x00007ffbb8a60000 - 0x00007ffbb8cfa000 	C:\WINDOWS\WinSxS\amd64_microsoft.windows.common-controls_6595b64144ccf1df_6.0.26100.3912_none_3e07963ce335137e\COMCTL32.dll
0x00007ffbccd10000 - 0x00007ffbcce42000 	C:\WINDOWS\System32\gdi32full.dll
0x00007ffbccae0000 - 0x00007ffbccb83000 	C:\WINDOWS\System32\msvcp_win.dll
0x00007ffbc5b70000 - 0x00007ffbc5b7b000 	C:\WINDOWS\SYSTEM32\VERSION.dll
0x00007ffbce230000 - 0x00007ffbce260000 	C:\WINDOWS\System32\IMM32.DLL
0x00007ffbbbfe0000 - 0x00007ffbbbfec000 	C:\Program Files\Java\jdk-17\bin\vcruntime140_1.dll
0x00007ffba9f90000 - 0x00007ffbaa01e000 	C:\Program Files\Java\jdk-17\bin\msvcp140.dll
0x00007ffb75d70000 - 0x00007ffb76951000 	C:\Program Files\Java\jdk-17\bin\server\jvm.dll
0x00007ffbce270000 - 0x00007ffbce278000 	C:\WINDOWS\System32\PSAPI.DLL
0x00007ffbc94a0000 - 0x00007ffbc94aa000 	C:\WINDOWS\SYSTEM32\WSOCK32.dll
0x00007ffbbcf90000 - 0x00007ffbbcfc6000 	C:\WINDOWS\SYSTEM32\WINMM.dll
0x00007ffbcde90000 - 0x00007ffbcdf04000 	C:\WINDOWS\System32\WS2_32.dll
0x00007ffbcb500000 - 0x00007ffbcb51a000 	C:\WINDOWS\SYSTEM32\kernel.appcore.dll
0x00007ffbba700000 - 0x00007ffbba70a000 	C:\Program Files\Java\jdk-17\bin\jimage.dll
0x00007ffbba760000 - 0x00007ffbba9a1000 	C:\WINDOWS\SYSTEM32\DBGHELP.DLL
0x00007ffbce430000 - 0x00007ffbce7b4000 	C:\WINDOWS\System32\combase.dll
0x00007ffbcda10000 - 0x00007ffbcdaf0000 	C:\WINDOWS\System32\OLEAUT32.dll
0x00007ffbc9400000 - 0x00007ffbc9439000 	C:\WINDOWS\SYSTEM32\dbgcore.DLL
0x00007ffbcc8c0000 - 0x00007ffbcc959000 	C:\WINDOWS\System32\bcryptPrimitives.dll
0x00007ffbb1bd0000 - 0x00007ffbb1bf5000 	C:\Program Files\Java\jdk-17\bin\java.dll
0x00007ffb7f0c0000 - 0x00007ffb7f197000 	C:\Program Files\Java\jdk-17\bin\jsvml.dll
0x00007ffbcd2e0000 - 0x00007ffbcda0d000 	C:\WINDOWS\System32\SHELL32.dll
0x00007ffbcc740000 - 0x00007ffbcc8b4000 	C:\WINDOWS\System32\wintypes.dll
0x00007ffbca360000 - 0x00007ffbcabb6000 	C:\WINDOWS\SYSTEM32\windows.storage.dll
0x00007ffbcf3e0000 - 0x00007ffbcf4cf000 	C:\WINDOWS\System32\SHCORE.dll
0x00007ffbce1a0000 - 0x00007ffbce209000 	C:\WINDOWS\System32\shlwapi.dll
0x00007ffbcc5c0000 - 0x00007ffbcc5ef000 	C:\WINDOWS\SYSTEM32\profapi.dll
0x00007ffbb26a0000 - 0x00007ffbb26b9000 	C:\Program Files\Java\jdk-17\bin\net.dll
0x00007ffbc6580000 - 0x00007ffbc669e000 	C:\WINDOWS\SYSTEM32\WINHTTP.dll
0x00007ffbcbb00000 - 0x00007ffbcbb6a000 	C:\WINDOWS\system32\mswsock.dll
0x00007ffbb1ea0000 - 0x00007ffbb1eb6000 	C:\Program Files\Java\jdk-17\bin\nio.dll
0x00007ffbb35c0000 - 0x00007ffbb35d8000 	C:\Program Files\Java\jdk-17\bin\zip.dll
0x00007ffbb60f0000 - 0x00007ffbb60fa000 	C:\Program Files\Java\jdk-17\bin\management.dll
0x00007ffbb3360000 - 0x00007ffbb336b000 	C:\Program Files\Java\jdk-17\bin\management_ext.dll
0x00007ffbb1bc0000 - 0x00007ffbb1bce000 	C:\Program Files\Java\jdk-17\bin\sunmscapi.dll
0x00007ffbccb90000 - 0x00007ffbccd07000 	C:\WINDOWS\System32\CRYPT32.dll
0x00007ffbcbfb0000 - 0x00007ffbcbfe0000 	C:\WINDOWS\SYSTEM32\ncrypt.dll
0x00007ffbcbf60000 - 0x00007ffbcbf9f000 	C:\WINDOWS\SYSTEM32\NTASN1.dll
0x00007ffbcbda0000 - 0x00007ffbcbdbc000 	C:\WINDOWS\SYSTEM32\CRYPTSP.dll
0x00007ffbcb440000 - 0x00007ffbcb47a000 	C:\WINDOWS\system32\rsaenh.dll
0x00007ffbcbba0000 - 0x00007ffbcbbcb000 	C:\WINDOWS\SYSTEM32\USERENV.dll
0x00007ffbcc590000 - 0x00007ffbcc5b6000 	C:\WINDOWS\SYSTEM32\bcrypt.dll
0x00007ffbcbdc0000 - 0x00007ffbcbdcc000 	C:\WINDOWS\SYSTEM32\CRYPTBASE.dll
0x00007ffbcaeb0000 - 0x00007ffbcaee3000 	C:\WINDOWS\SYSTEM32\IPHLPAPI.DLL
0x00007ffbcf310000 - 0x00007ffbcf31a000 	C:\WINDOWS\System32\NSI.dll
0x00007ffbc63e0000 - 0x00007ffbc63ff000 	C:\WINDOWS\SYSTEM32\dhcpcsvc6.DLL
0x00007ffbc63b0000 - 0x00007ffbc63d5000 	C:\WINDOWS\SYSTEM32\dhcpcsvc.DLL
0x00007ffbcaef0000 - 0x00007ffbcb017000 	C:\WINDOWS\SYSTEM32\DNSAPI.dll
0x00007ffbba570000 - 0x00007ffbba580000 	C:\Program Files\Java\jdk-17\bin\verify.dll
0x00007ffbc5010000 - 0x00007ffbc501b000 	C:\Windows\System32\rasadhlp.dll
0x00007ffbc5b80000 - 0x00007ffbc5c06000 	C:\WINDOWS\System32\fwpuclnt.dll
0x00007ffbafb60000 - 0x00007ffbafb68000 	C:\WINDOWS\system32\wshunix.dll

dbghelp: loaded successfully - version: 4.0.5 - missing functions: none
symbol engine: initialized successfully - sym options: 0x614 - pdb path: .;C:\Program Files\Java\jdk-17\bin;C:\WINDOWS\SYSTEM32;C:\WINDOWS\WinSxS\amd64_microsoft.windows.common-controls_6595b64144ccf1df_6.0.26100.3912_none_3e07963ce335137e;C:\Program Files\Java\jdk-17\bin\server

VM Arguments:
jvm_args: -Dfile.encoding=UTF-8 -Duser.country=KR -Duser.language=ko -Duser.variant 
java_command: com.example.greenprojectB.GreenprojectBApplication
java_class_path (initial): D:\springProject\springboot\works\greenprojectB\build\classes\java\main;D:\springProject\springboot\works\greenprojectB\build\resources\main;C:\Users\green\.gradle\caches\modules-2\files-2.1\org.springframework.boot\spring-boot-devtools\3.5.0\982d5bb2a4aa2728144cd02dbd4671200ac5e062\spring-boot-devtools-3.5.0.jar;C:\Users\green\.gradle\caches\modules-2\files-2.1\org.springframework.boot\spring-boot-starter-data-jpa\3.5.0\1f1b632678d5516b5866a82b282541b18f6bf84c\spring-boot-starter-data-jpa-3.5.0.jar;C:\Users\green\.gradle\caches\modules-2\files-2.1\org.springframework.boot\spring-boot-starter-security\3.5.0\f33d61f93d8a0ded9a1142996d2663105a237e76\spring-boot-starter-security-3.5.0.jar;C:\Users\green\.gradle\caches\modules-2\files-2.1\org.springframework.boot\spring-boot-starter-validation\3.5.0\76a06881cdb0d47b3fd937ce26d874d5fc2c10fa\spring-boot-starter-validation-3.5.0.jar;C:\Users\green\.gradle\caches\modules-2\files-2.1\org.springframework.boot\spring-boot-starter-thymeleaf\3.5.0\d270a37351ef3dfc3fbde3feac3d3c9710337c20\spring-boot-starter-thymeleaf-3.5.0.jar;C:\Users\green\.gradle\caches\modules-2\files-2.1\org.springframework.boot\spring-boot-starter-web\3.5.0\29c6198f7e5cd7c4b9a27045d93879e161d6cdd0\spring-boot-starter-web-3.5.0.jar;C:\Users\green\.gradle\caches\modules-2\files-2.1\org.springframework.boot\spring-boot-starter-jdbc\3.5.0\5e0188ba4c52ec7ba36b1618ff7f9738bffa1eb\spring-boot-starter-jdbc-3.5.0.jar;C:\Users\green\.gradle\caches\modules-2\files-2.1\org.springframework.boot\spring-boot-starter-json\3.5.0\af98a526ea3f68c179a6c6199bb1dbe864f43b93\spring-boot-starter-json-3.5.0.jar;C:\Users\green\.gradle\caches\modules-2\files-2.1\org.springframework.boot\spring-boot-starter\3.5.0\f8b02201e89d294514420a586624aa7338d61f4f\spring-boot-starter-3.5.0.jar;C:\Users\green\.gradle\caches\modules-2\files-2.1\nz.net.ultraq.thymeleaf\thymeleaf-layout-dialect\3.3.0\275da01788302e514c0549a4db5fa6b29ef84ba6\thymeleaf-layout-dialect-3.3.
Launcher Type: SUN_STANDARD

[Global flags]
     intx CICompilerCount                          = 4                                         {product} {ergonomic}
     uint ConcGCThreads                            = 3                                         {product} {ergonomic}
     uint G1ConcRefinementThreads                  = 10                                        {product} {ergonomic}
   size_t G1HeapRegionSize                         = 2097152                                   {product} {ergonomic}
    uintx GCDrainStackTargetSize                   = 64                                        {product} {ergonomic}
   size_t InitialHeapSize                          = 266338304                                 {product} {ergonomic}
   size_t MarkStackSize                            = 4194304                                   {product} {ergonomic}
   size_t MaxHeapSize                              = 4244635648                                {product} {ergonomic}
   size_t MaxNewSize                               = 2545942528                                {product} {ergonomic}
   size_t MinHeapDeltaBytes                        = 2097152                                   {product} {ergonomic}
   size_t MinHeapSize                              = 8388608                                   {product} {ergonomic}
    uintx NonNMethodCodeHeapSize                   = 5839372                                {pd product} {ergonomic}
    uintx NonProfiledCodeHeapSize                  = 122909434                              {pd product} {ergonomic}
    uintx ProfiledCodeHeapSize                     = 122909434                              {pd product} {ergonomic}
    uintx ReservedCodeCacheSize                    = 251658240                              {pd product} {ergonomic}
     bool SegmentedCodeCache                       = true                                      {product} {ergonomic}
   size_t SoftMaxHeapSize                          = 4244635648                             {manageable} {ergonomic}
     bool UseCompressedClassPointers               = true                           {product lp64_product} {ergonomic}
     bool UseCompressedOops                        = true                           {product lp64_product} {ergonomic}
     bool UseG1GC                                  = true                                      {product} {ergonomic}
     bool UseLargePagesIndividualAllocation        = false                                  {pd product} {ergonomic}

Logging:
Log output configuration:
 #0: stdout all=warning uptime,level,tags
 #1: stderr all=off uptime,level,tags

Environment Variables:
JAVA_HOME=C:\Program Files\Java\jdk-17
PATH=%JAVA_HOME%bin;C:\Program Files\Java\jdk-17\bin;C:\Program Files\Common Files\Oracle\Java\javapath;C:\WINDOWS\system32;C:\WINDOWS;C:\WINDOWS\System32\Wbem;C:\WINDOWS\System32\WindowsPowerShell\v1.0\;C:\WINDOWS\System32\OpenSSH\;C:\Program Files\Git\cmd;C:\Users\green\AppData\Local\Microsoft\WindowsApps;C:\Program Files\Bandizip\;C:\Program Files\JetBrains\IntelliJ IDEA Community Edition 2024.2\bin;
USERNAME=green
OS=Windows_NT
PROCESSOR_IDENTIFIER=Intel64 Family 6 Model 158 Stepping 10, GenuineIntel



---------------  S Y S T E M  ---------------

OS:
 Windows 11 , 64 bit Build 26100 (10.0.26100.3912)
OS uptime: 11 days 0:20 hours

CPU: total 12 (initial active 12) (6 cores per cpu, 2 threads per core) family 6 model 158 stepping 10 microcode 0xde, cx8, cmov, fxsr, ht, mmx, 3dnowpref, sse, sse2, sse3, ssse3, sse4.1, sse4.2, popcnt, lzcnt, tsc, tscinvbit, avx, avx2, aes, erms, clmul, bmi1, bmi2, rtm, adx, fma, vzeroupper, clflush, clflushopt

Memory: 4k page, system-wide physical 16190M (4153M free)
TotalPageFile size 30403M (AvailPageFile size 10M)
current process WorkingSet (physical memory assigned to process): 385M, peak: 389M
current process commit charge ("private bytes"): 447M, peak: 458M

vm_info: Java HotSpot(TM) 64-Bit Server VM (17.0.9+11-LTS-201) for windows-amd64 JRE (17.0.9+11-LTS-201), built on Oct 10 2023 23:16:06 by "mach5one" with MS VC++ 17.1 (VS2022)

END.
