#
# There is insufficient memory for the Java Runtime Environment to continue.
# Native memory allocation (malloc) failed to allocate 1121664 bytes for Chunk::new
# Possible reasons:
#   The system is out of physical RAM or swap space
#   The process is running with CompressedOops enabled, and the Java Heap may be blocking the growth of the native heap
# Possible solutions:
#   Reduce memory load on the system
#   Increase physical memory or swap space
#   Check if swap backing store is full
#   Decrease Java heap size (-Xmx/-Xms)
#   Decrease number of Java threads
#   Decrease Java thread stack sizes (-Xss)
#   Set larger code cache with -XX:ReservedCodeCacheSize=
#   JVM is running with Zero Based Compressed Oops mode in which the Java heap is
#     placed in the first 32GB address space. The Java Heap base address is the
#     maximum limit for the native heap growth. Please use -XX:HeapBaseMinAddress
#     to set the Java Heap base and to place the Java Heap above 32GB virtual address.
# This output file may be truncated or incomplete.
#
#  Out of Memory Error (arena.cpp:189), pid=11884, tid=21400
#
# JRE version: Java(TM) SE Runtime Environment (17.0.9+11) (build 17.0.9+11-LTS-201)
# Java VM: Java HotSpot(TM) 64-Bit Server VM (17.0.9+11-LTS-201, mixed mode, sharing, tiered, compressed oops, compressed class ptrs, g1 gc, windows-amd64)
# No core dump will be written. Minidumps are not enabled by default on client versions of Windows
#

---------------  S U M M A R Y ------------

Command Line: -Dfile.encoding=UTF-8 -Duser.country=KR -Duser.language=ko -Duser.variant com.example.greenprojectB.GreenprojectBApplication

Host: Intel(R) Core(TM) i7-8700K CPU @ 3.70GHz, 12 cores, 15G,  Windows 11 , 64 bit Build 26100 (10.0.26100.3912)
Time: Tue May 27 16:59:36 2025  Windows 11 , 64 bit Build 26100 (10.0.26100.3912) elapsed time: 13.208658 seconds (0d 0h 0m 13s)

---------------  T H R E A D  ---------------

Current thread (0x00000233a459d580):  JavaThread "C2 CompilerThread1" daemon [_thread_in_native, id=21400, stack(0x000000da31400000,0x000000da31500000)]


Current CompileTask:
C2:  13208 8201       4       org.codehaus.groovy.vmplugin.v8.IndyInterface$$Lambda$1734/0x000002335ea1c450::apply (13 bytes)

Stack: [0x000000da31400000,0x000000da31500000]
Native frames: (J=compiled Java code, j=interpreted, Vv=VM code, C=native code)
V  [jvm.dll+0x678a4a]
V  [jvm.dll+0x7d9cfd]
V  [jvm.dll+0x7db60e]
V  [jvm.dll+0x7dbc73]
V  [jvm.dll+0x245e1f]
V  [jvm.dll+0xaaafb]
V  [jvm.dll+0xab09c]
V  [jvm.dll+0x36237e]
V  [jvm.dll+0x32ca01]
V  [jvm.dll+0x32be9a]
V  [jvm.dll+0x21812f]
V  [jvm.dll+0x217561]
V  [jvm.dll+0x1a3bc0]
V  [jvm.dll+0x2272de]
V  [jvm.dll+0x22548b]
V  [jvm.dll+0x78f58c]
V  [jvm.dll+0x78998a]
V  [jvm.dll+0x677875]
C  [ucrtbase.dll+0x37b0]
C  [KERNEL32.DLL+0x2e8d7]
C  [ntdll.dll+0x9c5dc]


---------------  P R O C E S S  ---------------

Threads class SMR info:
_java_thread_list=0x00000233a3017fd0, length=33, elements={
0x000002335cf9d6a0, 0x000002335cf9e260, 0x00000233a201c6a0, 0x00000233a201f170,
0x00000233a201fb30, 0x00000233a20204f0, 0x00000233a20217f0, 0x00000233a202db10,
0x00000233a203e520, 0x00000233a216ae10, 0x00000233a2170150, 0x00000233a6120aa0,
0x00000233a6120fb0, 0x00000233a61214c0, 0x00000233a6120080, 0x00000233a6121ee0,
0x00000233a6122900, 0x00000233a6123320, 0x00000233a6122e10, 0x00000233a6123830,
0x00000233a6eccc50, 0x00000233a6ecb810, 0x00000233a6eca3d0, 0x00000233a6eca8e0,
0x00000233a6ec9ec0, 0x00000233a6ecadf0, 0x00000233a6ecc230, 0x00000233a6ecb300,
0x00000233a6ecbd20, 0x00000233a6ecc740, 0x00000233a6ecd160, 0x00000233a459d580,
0x00000233a459f560
}

Java Threads: ( => current thread )
  0x000002335cf9d6a0 JavaThread "Reference Handler" daemon [_thread_blocked, id=10604, stack(0x000000da30800000,0x000000da30900000)]
  0x000002335cf9e260 JavaThread "Finalizer" daemon [_thread_blocked, id=21952, stack(0x000000da30900000,0x000000da30a00000)]
  0x00000233a201c6a0 JavaThread "Signal Dispatcher" daemon [_thread_blocked, id=12200, stack(0x000000da30a00000,0x000000da30b00000)]
  0x00000233a201f170 JavaThread "Attach Listener" daemon [_thread_blocked, id=26660, stack(0x000000da30b00000,0x000000da30c00000)]
  0x00000233a201fb30 JavaThread "Service Thread" daemon [_thread_blocked, id=12768, stack(0x000000da30c00000,0x000000da30d00000)]
  0x00000233a20204f0 JavaThread "Monitor Deflation Thread" daemon [_thread_blocked, id=15688, stack(0x000000da30d00000,0x000000da30e00000)]
  0x00000233a20217f0 JavaThread "C2 CompilerThread0" daemon [_thread_blocked, id=7448, stack(0x000000da30e00000,0x000000da30f00000)]
  0x00000233a202db10 JavaThread "C1 CompilerThread0" daemon [_thread_blocked, id=11812, stack(0x000000da30f00000,0x000000da31000000)]
  0x00000233a203e520 JavaThread "Sweeper thread" daemon [_thread_blocked, id=20128, stack(0x000000da31000000,0x000000da31100000)]
  0x00000233a216ae10 JavaThread "Notification Thread" daemon [_thread_blocked, id=3244, stack(0x000000da31100000,0x000000da31200000)]
  0x00000233a2170150 JavaThread "Common-Cleaner" daemon [_thread_blocked, id=5196, stack(0x000000da31300000,0x000000da31400000)]
  0x00000233a6120aa0 JavaThread "Catalina-utility-1" [_thread_blocked, id=19360, stack(0x000000da31f00000,0x000000da32000000)]
  0x00000233a6120fb0 JavaThread "Catalina-utility-2" [_thread_blocked, id=24628, stack(0x000000da32400000,0x000000da32500000)]
  0x00000233a61214c0 JavaThread "container-0" [_thread_blocked, id=26472, stack(0x000000da32500000,0x000000da32600000)]
  0x00000233a6120080 JavaThread "mysql-cj-abandoned-connection-cleanup" daemon [_thread_blocked, id=7432, stack(0x000000da32600000,0x000000da32700000)]
  0x00000233a6121ee0 JavaThread "HikariPool-1:housekeeper" daemon [_thread_blocked, id=27012, stack(0x000000da32800000,0x000000da32900000)]
  0x00000233a6122900 JavaThread "File Watcher" daemon [_thread_blocked, id=2696, stack(0x000000da32a00000,0x000000da32b00000)]
  0x00000233a6123320 JavaThread "Live Reload Server" daemon [_thread_in_native, id=25504, stack(0x000000da32c00000,0x000000da32d00000)]
  0x00000233a6122e10 JavaThread "http-nio-60002-exec-1" daemon [_thread_blocked, id=8056, stack(0x000000da32b00000,0x000000da32c00000)]
  0x00000233a6123830 JavaThread "http-nio-60002-exec-2" daemon [_thread_blocked, id=10040, stack(0x000000da32d00000,0x000000da32e00000)]
  0x00000233a6eccc50 JavaThread "http-nio-60002-exec-3" daemon [_thread_blocked, id=25352, stack(0x000000da32e00000,0x000000da32f00000)]
  0x00000233a6ecb810 JavaThread "http-nio-60002-exec-4" daemon [_thread_blocked, id=24516, stack(0x000000da32f00000,0x000000da33000000)]
  0x00000233a6eca3d0 JavaThread "http-nio-60002-exec-5" daemon [_thread_blocked, id=15556, stack(0x000000da33000000,0x000000da33100000)]
  0x00000233a6eca8e0 JavaThread "http-nio-60002-exec-6" daemon [_thread_blocked, id=23988, stack(0x000000da33100000,0x000000da33200000)]
  0x00000233a6ec9ec0 JavaThread "http-nio-60002-exec-7" daemon [_thread_blocked, id=22420, stack(0x000000da33200000,0x000000da33300000)]
  0x00000233a6ecadf0 JavaThread "http-nio-60002-exec-8" daemon [_thread_blocked, id=24632, stack(0x000000da33300000,0x000000da33400000)]
  0x00000233a6ecc230 JavaThread "http-nio-60002-exec-9" daemon [_thread_blocked, id=6840, stack(0x000000da33400000,0x000000da33500000)]
  0x00000233a6ecb300 JavaThread "http-nio-60002-exec-10" daemon [_thread_blocked, id=26972, stack(0x000000da33500000,0x000000da33600000)]
  0x00000233a6ecbd20 JavaThread "http-nio-60002-Poller" daemon [_thread_in_native, id=16488, stack(0x000000da33600000,0x000000da33700000)]
  0x00000233a6ecc740 JavaThread "http-nio-60002-Acceptor" daemon [_thread_in_native, id=5180, stack(0x000000da33700000,0x000000da33800000)]
  0x00000233a6ecd160 JavaThread "DestroyJavaVM" [_thread_blocked, id=13576, stack(0x000000da30100000,0x000000da30200000)]
=>0x00000233a459d580 JavaThread "C2 CompilerThread1" daemon [_thread_in_native, id=21400, stack(0x000000da31400000,0x000000da31500000)]
  0x00000233a459f560 JavaThread "C2 CompilerThread2" daemon [_thread_blocked, id=27064, stack(0x000000da31500000,0x000000da31600000)]

Other Threads:
  0x000002335cf99c00 VMThread "VM Thread" [stack: 0x000000da30700000,0x000000da30800000] [id=1320]
  0x0000023339768cf0 WatcherThread [stack: 0x000000da31200000,0x000000da31300000] [id=15336]
  0x0000023339742060 GCTaskThread "GC Thread#0" [stack: 0x000000da30200000,0x000000da30300000] [id=6504]
  0x00000233a28cd170 GCTaskThread "GC Thread#1" [stack: 0x000000da31600000,0x000000da31700000] [id=13564]
  0x00000233a39d36f0 GCTaskThread "GC Thread#2" [stack: 0x000000da31700000,0x000000da31800000] [id=13192]
  0x00000233a39d39b0 GCTaskThread "GC Thread#3" [stack: 0x000000da31800000,0x000000da31900000] [id=8640]
  0x00000233a39d3c70 GCTaskThread "GC Thread#4" [stack: 0x000000da31900000,0x000000da31a00000] [id=3260]
  0x00000233a33cee20 GCTaskThread "GC Thread#5" [stack: 0x000000da31a00000,0x000000da31b00000] [id=5308]
  0x00000233a4552d10 GCTaskThread "GC Thread#6" [stack: 0x000000da31d00000,0x000000da31e00000] [id=20232]
  0x00000233a3c6e8a0 GCTaskThread "GC Thread#7" [stack: 0x000000da31e00000,0x000000da31f00000] [id=6904]
  0x00000233a5778070 GCTaskThread "GC Thread#8" [stack: 0x000000da32000000,0x000000da32100000] [id=10932]
  0x00000233a57785f0 GCTaskThread "GC Thread#9" [stack: 0x000000da32100000,0x000000da32200000] [id=26292]
  0x0000023339752cb0 ConcurrentGCThread "G1 Main Marker" [stack: 0x000000da30300000,0x000000da30400000] [id=13524]
  0x00000233397553a0 ConcurrentGCThread "G1 Conc#0" [stack: 0x000000da30400000,0x000000da30500000] [id=13836]
  0x00000233a5776d30 ConcurrentGCThread "G1 Conc#1" [stack: 0x000000da32200000,0x000000da32300000] [id=26720]
  0x00000233a57788b0 ConcurrentGCThread "G1 Conc#2" [stack: 0x000000da32300000,0x000000da32400000] [id=27320]
  0x000002335ce534e0 ConcurrentGCThread "G1 Refine#0" [stack: 0x000000da30500000,0x000000da30600000] [id=23544]
  0x00000233a6e642e0 ConcurrentGCThread "G1 Refine#1" [stack: 0x000000da31b00000,0x000000da31c00000] [id=15136]
  0x000002335ce54dc0 ConcurrentGCThread "G1 Service" [stack: 0x000000da30600000,0x000000da30700000] [id=1516]

Threads with active compile tasks:
C2 CompilerThread1    13231 8201       4       org.codehaus.groovy.vmplugin.v8.IndyInterface$$Lambda$1734/0x000002335ea1c450::apply (13 bytes)

VM state: not at safepoint (normal execution)

VM Mutex/Monitor currently owned by a thread: None

Heap address: 0x0000000703000000, size: 4048 MB, Compressed Oops mode: Zero based, Oop shift amount: 3

CDS archive(s) mapped at: [0x000002335d000000-0x000002335dbd0000-0x000002335dbd0000), size 12386304, SharedBaseAddress: 0x000002335d000000, ArchiveRelocationMode: 1.
Compressed class space mapped at: 0x000002335e000000-0x000002339e000000, reserved size: 1073741824
Narrow klass base: 0x000002335d000000, Narrow klass shift: 0, Narrow klass range: 0x100000000

GC Precious Log:
 CPUs: 12 total, 12 available
 Memory: 16190M
 Large Page Support: Disabled
 NUMA Support: Disabled
 Compressed Oops: Enabled (Zero based)
 Heap Region Size: 2M
 Heap Min Capacity: 8M
 Heap Initial Capacity: 254M
 Heap Max Capacity: 4048M
 Pre-touch: Disabled
 Parallel Workers: 10
 Concurrent Workers: 3
 Concurrent Refinement Workers: 10
 Periodic GC: Disabled

Heap:
 garbage-first heap   total 110592K, used 73246K [0x0000000703000000, 0x0000000800000000)
  region size 2048K, 20 young (40960K), 4 survivors (8192K)
 Metaspace       used 83499K, committed 84608K, reserved 1179648K
  class space    used 11237K, committed 11776K, reserved 1048576K

Heap Regions: E=young(eden), S=young(survivor), O=old, HS=humongous(starts), HC=humongous(continues), CS=collection set, F=free, OA=open archive, CA=closed archive, TAMS=top-at-mark-start (previous, next)
|   0|0x0000000703000000, 0x0000000703200000, 0x0000000703200000|100%| O|  |TAMS 0x0000000703200000, 0x0000000703000000| Untracked 
|   1|0x0000000703200000, 0x0000000703400000, 0x0000000703400000|100%| O|  |TAMS 0x0000000703400000, 0x0000000703200000| Untracked 
|   2|0x0000000703400000, 0x0000000703600000, 0x0000000703600000|100%| O|  |TAMS 0x0000000703600000, 0x0000000703400000| Untracked 
|   3|0x0000000703600000, 0x0000000703800000, 0x0000000703800000|100%| O|  |TAMS 0x0000000703800000, 0x0000000703600000| Untracked 
|   4|0x0000000703800000, 0x0000000703a00000, 0x0000000703a00000|100%| O|  |TAMS 0x0000000703a00000, 0x0000000703800000| Untracked 
|   5|0x0000000703a00000, 0x0000000703c00000, 0x0000000703c00000|100%| O|  |TAMS 0x0000000703c00000, 0x0000000703a00000| Untracked 
|   6|0x0000000703c00000, 0x0000000703e00000, 0x0000000703e00000|100%| O|  |TAMS 0x0000000703e00000, 0x0000000703c00000| Untracked 
|   7|0x0000000703e00000, 0x0000000704000000, 0x0000000704000000|100%| O|  |TAMS 0x0000000704000000, 0x0000000703e00000| Untracked 
|   8|0x0000000704000000, 0x0000000704200000, 0x0000000704200000|100%| O|  |TAMS 0x0000000704200000, 0x0000000704000000| Untracked 
|   9|0x0000000704200000, 0x0000000704315e00, 0x0000000704400000| 54%| O|  |TAMS 0x0000000704315e00, 0x0000000704200000| Untracked 
|  10|0x0000000704400000, 0x0000000704600000, 0x0000000704600000|100%| O|  |TAMS 0x0000000704400000, 0x0000000704400000| Untracked 
|  11|0x0000000704600000, 0x0000000704800000, 0x0000000704800000|100%| O|  |TAMS 0x0000000704800000, 0x0000000704600000| Untracked 
|  12|0x0000000704800000, 0x0000000704a00000, 0x0000000704a00000|100%| O|  |TAMS 0x0000000704800000, 0x0000000704800000| Untracked 
|  13|0x0000000704a00000, 0x0000000704c00000, 0x0000000704c00000|100%| O|  |TAMS 0x0000000704a00000, 0x0000000704a00000| Untracked 
|  14|0x0000000704c00000, 0x0000000704e00000, 0x0000000704e00000|100%| O|  |TAMS 0x0000000704c00000, 0x0000000704c00000| Untracked 
|  15|0x0000000704e00000, 0x0000000704e00000, 0x0000000705000000|  0%| F|  |TAMS 0x0000000704e00000, 0x0000000704e00000| Untracked 
|  16|0x0000000705000000, 0x0000000705200000, 0x0000000705200000|100%| O|  |TAMS 0x0000000705000000, 0x0000000705000000| Untracked 
|  17|0x0000000705200000, 0x0000000705400000, 0x0000000705400000|100%| O|  |TAMS 0x0000000705200000, 0x0000000705200000| Untracked 
|  18|0x0000000705400000, 0x0000000705471c00, 0x0000000705600000| 22%| O|  |TAMS 0x0000000705400000, 0x0000000705400000| Untracked 
|  19|0x0000000705600000, 0x0000000705600000, 0x0000000705800000|  0%| F|  |TAMS 0x0000000705600000, 0x0000000705600000| Untracked 
|  20|0x0000000705800000, 0x0000000705800000, 0x0000000705a00000|  0%| F|  |TAMS 0x0000000705800000, 0x0000000705800000| Untracked 
|  21|0x0000000705a00000, 0x0000000705a00000, 0x0000000705c00000|  0%| F|  |TAMS 0x0000000705a00000, 0x0000000705a00000| Untracked 
|  22|0x0000000705c00000, 0x0000000705e00000, 0x0000000705e00000|100%| S|CS|TAMS 0x0000000705c00000, 0x0000000705c00000| Complete 
|  23|0x0000000705e00000, 0x0000000706000000, 0x0000000706000000|100%| S|CS|TAMS 0x0000000705e00000, 0x0000000705e00000| Complete 
|  24|0x0000000706000000, 0x0000000706200000, 0x0000000706200000|100%| S|CS|TAMS 0x0000000706000000, 0x0000000706000000| Complete 
|  25|0x0000000706200000, 0x0000000706200000, 0x0000000706400000|  0%| F|  |TAMS 0x0000000706200000, 0x0000000706200000| Untracked 
|  26|0x0000000706400000, 0x0000000706400000, 0x0000000706600000|  0%| F|  |TAMS 0x0000000706400000, 0x0000000706400000| Untracked 
|  27|0x0000000706600000, 0x0000000706600000, 0x0000000706800000|  0%| F|  |TAMS 0x0000000706600000, 0x0000000706600000| Untracked 
|  28|0x0000000706800000, 0x0000000706800000, 0x0000000706a00000|  0%| F|  |TAMS 0x0000000706800000, 0x0000000706800000| Untracked 
|  29|0x0000000706a00000, 0x0000000706c00000, 0x0000000706c00000|100%| S|CS|TAMS 0x0000000706a00000, 0x0000000706a00000| Complete 
|  30|0x0000000706c00000, 0x0000000706c00000, 0x0000000706e00000|  0%| F|  |TAMS 0x0000000706c00000, 0x0000000706c00000| Untracked 
|  31|0x0000000706e00000, 0x0000000706e00000, 0x0000000707000000|  0%| F|  |TAMS 0x0000000706e00000, 0x0000000706e00000| Untracked 
|  32|0x0000000707000000, 0x0000000707000000, 0x0000000707200000|  0%| F|  |TAMS 0x0000000707000000, 0x0000000707000000| Untracked 
|  33|0x0000000707200000, 0x0000000707200000, 0x0000000707400000|  0%| F|  |TAMS 0x0000000707200000, 0x0000000707200000| Untracked 
|  34|0x0000000707400000, 0x0000000707400000, 0x0000000707600000|  0%| F|  |TAMS 0x0000000707400000, 0x0000000707400000| Untracked 
|  35|0x0000000707600000, 0x0000000707600000, 0x0000000707800000|  0%| F|  |TAMS 0x0000000707600000, 0x0000000707600000| Untracked 
|  36|0x0000000707800000, 0x0000000707800000, 0x0000000707a00000|  0%| F|  |TAMS 0x0000000707800000, 0x0000000707800000| Untracked 
|  37|0x0000000707a00000, 0x0000000707a00000, 0x0000000707c00000|  0%| F|  |TAMS 0x0000000707a00000, 0x0000000707a00000| Untracked 
|  38|0x0000000707c00000, 0x0000000707c24260, 0x0000000707e00000|  7%| E|  |TAMS 0x0000000707c00000, 0x0000000707c00000| Complete 
|  39|0x0000000707e00000, 0x0000000708000000, 0x0000000708000000|100%| E|CS|TAMS 0x0000000707e00000, 0x0000000707e00000| Complete 
|  40|0x0000000708000000, 0x0000000708200000, 0x0000000708200000|100%| E|CS|TAMS 0x0000000708000000, 0x0000000708000000| Complete 
|  41|0x0000000708200000, 0x0000000708400000, 0x0000000708400000|100%| E|CS|TAMS 0x0000000708200000, 0x0000000708200000| Complete 
|  42|0x0000000708400000, 0x0000000708600000, 0x0000000708600000|100%| E|CS|TAMS 0x0000000708400000, 0x0000000708400000| Complete 
|  43|0x0000000708600000, 0x0000000708800000, 0x0000000708800000|100%| E|CS|TAMS 0x0000000708600000, 0x0000000708600000| Complete 
|  44|0x0000000708800000, 0x0000000708a00000, 0x0000000708a00000|100%| E|CS|TAMS 0x0000000708800000, 0x0000000708800000| Complete 
|  45|0x0000000708a00000, 0x0000000708c00000, 0x0000000708c00000|100%| E|CS|TAMS 0x0000000708a00000, 0x0000000708a00000| Complete 
|  46|0x0000000708c00000, 0x0000000708e00000, 0x0000000708e00000|100%| E|CS|TAMS 0x0000000708c00000, 0x0000000708c00000| Complete 
|  47|0x0000000708e00000, 0x0000000709000000, 0x0000000709000000|100%| E|CS|TAMS 0x0000000708e00000, 0x0000000708e00000| Complete 
|  48|0x0000000709000000, 0x0000000709200000, 0x0000000709200000|100%| E|CS|TAMS 0x0000000709000000, 0x0000000709000000| Complete 
|  49|0x0000000709200000, 0x0000000709400000, 0x0000000709400000|100%| E|CS|TAMS 0x0000000709200000, 0x0000000709200000| Complete 
|  50|0x0000000709400000, 0x0000000709600000, 0x0000000709600000|100%| E|CS|TAMS 0x0000000709400000, 0x0000000709400000| Complete 
|  51|0x0000000709600000, 0x0000000709800000, 0x0000000709800000|100%| E|CS|TAMS 0x0000000709600000, 0x0000000709600000| Complete 
|  52|0x0000000709800000, 0x0000000709a00000, 0x0000000709a00000|100%| E|CS|TAMS 0x0000000709800000, 0x0000000709800000| Complete 
| 126|0x0000000712c00000, 0x0000000712e00000, 0x0000000712e00000|100%| E|CS|TAMS 0x0000000712c00000, 0x0000000712c00000| Complete 

Card table byte_map: [0x0000023351410000,0x0000023351c00000] _byte_map_base: 0x000002334dbf8000

Marking Bits (Prev, Next): (CMBitMap*) 0x00000233397426c0, (CMBitMap*) 0x0000023339742680
 Prev Bits: [0x0000023356330000, 0x000002335a270000)
 Next Bits: [0x00000233523f0000, 0x0000023356330000)

Polling page: 0x0000023337e50000

Metaspace:

Usage:
  Non-class:     70.57 MB used.
      Class:     10.97 MB used.
       Both:     81.54 MB used.

Virtual space:
  Non-class space:      128.00 MB reserved,      71.12 MB ( 56%) committed,  2 nodes.
      Class space:        1.00 GB reserved,      11.50 MB (  1%) committed,  1 nodes.
             Both:        1.12 GB reserved,      82.62 MB (  7%) committed. 

Chunk freelists:
   Non-Class:  8.86 MB
       Class:  4.50 MB
        Both:  13.35 MB

MaxMetaspaceSize: unlimited
CompressedClassSpaceSize: 1.00 GB
Initial GC threshold: 21.00 MB
Current GC threshold: 98.38 MB
CDS: on
MetaspaceReclaimPolicy: balanced
 - commit_granule_bytes: 65536.
 - commit_granule_words: 8192.
 - virtual_space_node_default_size: 8388608.
 - enlarge_chunks_in_place: 1.
 - new_chunks_are_fully_committed: 0.
 - uncommit_free_chunks: 1.
 - use_allocation_guard: 0.
 - handle_deallocations: 1.


Internal statistics:

num_allocs_failed_limit: 11.
num_arena_births: 1656.
num_arena_deaths: 0.
num_vsnodes_births: 3.
num_vsnodes_deaths: 0.
num_space_committed: 1322.
num_space_uncommitted: 0.
num_chunks_returned_to_freelist: 11.
num_chunks_taken_from_freelist: 4842.
num_chunk_merges: 11.
num_chunk_splits: 3386.
num_chunks_enlarged: 2446.
num_inconsistent_stats: 0.

CodeHeap 'non-profiled nmethods': size=120000Kb used=5451Kb max_used=5451Kb free=114548Kb
 bounds [0x0000023348a60000, 0x0000023348fc0000, 0x000002334ff90000]
CodeHeap 'profiled nmethods': size=120000Kb used=15023Kb max_used=15023Kb free=104976Kb
 bounds [0x0000023340f90000, 0x0000023341e40000, 0x00000233484c0000]
CodeHeap 'non-nmethods': size=5760Kb used=2451Kb max_used=2529Kb free=3308Kb
 bounds [0x00000233484c0000, 0x0000023348740000, 0x0000023348a60000]
 total_blobs=8468 nmethods=7486 adapters=893
 compilation: enabled
              stopped_count=0, restarted_count=0
 full_count=0

Compilation events (20 events):
Event: 13.077 Thread 0x00000233a459d580 8301       4       java.lang.invoke.LambdaForm$DMH/0x000002335ea1a000::invokeStatic (30 bytes)
Event: 13.078 Thread 0x00000233a459d580 nmethod 8301 0x0000023348f9f210 code [0x0000023348f9f3a0, 0x0000023348f9f4c8]
Event: 13.078 Thread 0x00000233a459d580 8153       4       org.codehaus.groovy.vmplugin.v8.IndyInterface::bypassCache (37 bytes)
Event: 13.080 Thread 0x00000233a459d580 nmethod 8153 0x0000023348f9f610 code [0x0000023348f9f7c0, 0x0000023348f9fa78]
Event: 13.080 Thread 0x00000233a459d580 8303       4       java.lang.invoke.DirectMethodHandle$Holder::invokeVirtual (14 bytes)
Event: 13.081 Thread 0x00000233a459d580 nmethod 8303 0x0000023348f9fe10 code [0x0000023348f9ffa0, 0x0000023348fa0068]
Event: 13.081 Thread 0x00000233a459d580 8304       4       java.lang.invoke.LambdaForm$MH/0x000002335ea1a800::invoke (24 bytes)
Event: 13.081 Thread 0x00000233a459d580 nmethod 8304 0x0000023348fa0190 code [0x0000023348fa0320, 0x0000023348fa0418]
Event: 13.081 Thread 0x00000233a459d580 8201       4       org.codehaus.groovy.vmplugin.v8.IndyInterface$$Lambda$1734/0x000002335ea1c450::apply (13 bytes)
Event: 13.082 Thread 0x00000233a20217f0 nmethod 8151 0x0000023348fa0590 code [0x0000023348fa08c0, 0x0000023348fa4228]
Event: 13.082 Thread 0x00000233a20217f0 8216   !   4       org.codehaus.groovy.vmplugin.v8.CacheableCallSite::getAndPut (165 bytes)
Event: 13.118 Thread 0x00000233a459f560 nmethod 8164 0x0000023348fa6110 code [0x0000023348fa65e0, 0x0000023348fab140]
Event: 13.119 Thread 0x00000233a459f560 8305       4       java.lang.invoke.LambdaForm$MH/0x000002335eb08400::invoke (15 bytes)
Event: 13.120 Thread 0x00000233a459f560 nmethod 8305 0x0000023348facb90 code [0x0000023348facd00, 0x0000023348facd58]
Event: 13.120 Thread 0x00000233a459f560 8202       4       org.codehaus.groovy.vmplugin.v8.IndyMath::next (4 bytes)
Event: 13.120 Thread 0x00000233a459f560 nmethod 8202 0x0000023348face90 code [0x0000023348fad000, 0x0000023348fad058]
Event: 13.120 Thread 0x00000233a459f560 8217       4       org.thymeleaf.engine.Model::get (7 bytes)
Event: 13.121 Thread 0x00000233a459f560 nmethod 8217 0x0000023348fad190 code [0x0000023348fad300, 0x0000023348fad3b8]
Event: 13.121 Thread 0x00000233a459f560 8191       4       java.lang.invoke.BoundMethodHandle$Species_LL::speciesData (4 bytes)
Event: 13.121 Thread 0x00000233a459f560 nmethod 8191 0x0000023348fad490 code [0x0000023348fad600, 0x0000023348fad678]

GC Heap History (20 events):
Event: 1.882 GC heap before
{Heap before GC invocations=7 (full 0):
 garbage-first heap   total 55296K, used 36260K [0x0000000703000000, 0x0000000800000000)
  region size 2048K, 10 young (20480K), 1 survivors (2048K)
 Metaspace       used 26911K, committed 27328K, reserved 1114112K
  class space    used 3418K, committed 3648K, reserved 1048576K
}
Event: 1.884 GC heap after
{Heap after GC invocations=8 (full 0):
 garbage-first heap   total 55296K, used 18602K [0x0000000703000000, 0x0000000800000000)
  region size 2048K, 1 young (2048K), 1 survivors (2048K)
 Metaspace       used 26911K, committed 27328K, reserved 1114112K
  class space    used 3418K, committed 3648K, reserved 1048576K
}
Event: 2.183 GC heap before
{Heap before GC invocations=8 (full 0):
 garbage-first heap   total 55296K, used 37034K [0x0000000703000000, 0x0000000800000000)
  region size 2048K, 10 young (20480K), 1 survivors (2048K)
 Metaspace       used 29258K, committed 29632K, reserved 1114112K
  class space    used 3767K, committed 3968K, reserved 1048576K
}
Event: 2.185 GC heap after
{Heap after GC invocations=9 (full 0):
 garbage-first heap   total 55296K, used 19752K [0x0000000703000000, 0x0000000800000000)
  region size 2048K, 2 young (4096K), 2 survivors (4096K)
 Metaspace       used 29258K, committed 29632K, reserved 1114112K
  class space    used 3767K, committed 3968K, reserved 1048576K
}
Event: 2.483 GC heap before
{Heap before GC invocations=9 (full 0):
 garbage-first heap   total 55296K, used 38184K [0x0000000703000000, 0x0000000800000000)
  region size 2048K, 11 young (22528K), 2 survivors (4096K)
 Metaspace       used 32545K, committed 32960K, reserved 1114112K
  class space    used 4282K, committed 4480K, reserved 1048576K
}
Event: 2.485 GC heap after
{Heap after GC invocations=10 (full 0):
 garbage-first heap   total 55296K, used 21716K [0x0000000703000000, 0x0000000800000000)
  region size 2048K, 2 young (4096K), 2 survivors (4096K)
 Metaspace       used 32545K, committed 32960K, reserved 1114112K
  class space    used 4282K, committed 4480K, reserved 1048576K
}
Event: 2.761 GC heap before
{Heap before GC invocations=10 (full 0):
 garbage-first heap   total 55296K, used 40148K [0x0000000703000000, 0x0000000800000000)
  region size 2048K, 11 young (22528K), 2 survivors (4096K)
 Metaspace       used 35432K, committed 35968K, reserved 1114112K
  class space    used 4597K, committed 4864K, reserved 1048576K
}
Event: 2.763 GC heap after
{Heap after GC invocations=11 (full 0):
 garbage-first heap   total 55296K, used 22950K [0x0000000703000000, 0x0000000800000000)
  region size 2048K, 2 young (4096K), 2 survivors (4096K)
 Metaspace       used 35432K, committed 35968K, reserved 1114112K
  class space    used 4597K, committed 4864K, reserved 1048576K
}
Event: 2.767 GC heap before
{Heap before GC invocations=11 (full 0):
 garbage-first heap   total 55296K, used 22950K [0x0000000703000000, 0x0000000800000000)
  region size 2048K, 3 young (6144K), 2 survivors (4096K)
 Metaspace       used 35497K, committed 35968K, reserved 1114112K
  class space    used 4606K, committed 4864K, reserved 1048576K
}
Event: 2.769 GC heap after
{Heap after GC invocations=12 (full 0):
 garbage-first heap   total 55296K, used 23126K [0x0000000703000000, 0x0000000800000000)
  region size 2048K, 1 young (2048K), 1 survivors (2048K)
 Metaspace       used 35497K, committed 35968K, reserved 1114112K
  class space    used 4606K, committed 4864K, reserved 1048576K
}
Event: 3.059 GC heap before
{Heap before GC invocations=13 (full 0):
 garbage-first heap   total 55296K, used 41558K [0x0000000703000000, 0x0000000800000000)
  region size 2048K, 10 young (20480K), 1 survivors (2048K)
 Metaspace       used 39137K, committed 39616K, reserved 1114112K
  class space    used 5147K, committed 5376K, reserved 1048576K
}
Event: 3.061 GC heap after
{Heap after GC invocations=14 (full 0):
 garbage-first heap   total 157696K, used 24276K [0x0000000703000000, 0x0000000800000000)
  region size 2048K, 2 young (4096K), 2 survivors (4096K)
 Metaspace       used 39137K, committed 39616K, reserved 1114112K
  class space    used 5147K, committed 5376K, reserved 1048576K
}
Event: 4.209 GC heap before
{Heap before GC invocations=14 (full 0):
 garbage-first heap   total 157696K, used 95956K [0x0000000703000000, 0x0000000800000000)
  region size 2048K, 38 young (77824K), 2 survivors (4096K)
 Metaspace       used 59668K, committed 60160K, reserved 1114112K
  class space    used 7940K, committed 8192K, reserved 1048576K
}
Event: 4.213 GC heap after
{Heap after GC invocations=15 (full 0):
 garbage-first heap   total 157696K, used 29229K [0x0000000703000000, 0x0000000800000000)
  region size 2048K, 4 young (8192K), 4 survivors (8192K)
 Metaspace       used 59668K, committed 60160K, reserved 1114112K
  class space    used 7940K, committed 8192K, reserved 1048576K
}
Event: 4.949 GC heap before
{Heap before GC invocations=16 (full 0):
 garbage-first heap   total 110592K, used 86573K [0x0000000703000000, 0x0000000800000000)
  region size 2048K, 32 young (65536K), 4 survivors (8192K)
 Metaspace       used 69064K, committed 69696K, reserved 1114112K
  class space    used 9377K, committed 9664K, reserved 1048576K
}
Event: 4.954 GC heap after
{Heap after GC invocations=17 (full 0):
 garbage-first heap   total 110592K, used 32782K [0x0000000703000000, 0x0000000800000000)
  region size 2048K, 2 young (4096K), 2 survivors (4096K)
 Metaspace       used 69064K, committed 69696K, reserved 1114112K
  class space    used 9377K, committed 9664K, reserved 1048576K
}
Event: 12.059 GC heap before
{Heap before GC invocations=17 (full 0):
 garbage-first heap   total 110592K, used 83982K [0x0000000703000000, 0x0000000800000000)
  region size 2048K, 27 young (55296K), 2 survivors (4096K)
 Metaspace       used 75818K, committed 76480K, reserved 1179648K
  class space    used 10321K, committed 10624K, reserved 1048576K
}
Event: 12.064 GC heap after
{Heap after GC invocations=18 (full 0):
 garbage-first heap   total 110592K, used 36215K [0x0000000703000000, 0x0000000800000000)
  region size 2048K, 4 young (8192K), 4 survivors (8192K)
 Metaspace       used 75818K, committed 76480K, reserved 1179648K
  class space    used 10321K, committed 10624K, reserved 1048576K
}
Event: 12.618 GC heap before
{Heap before GC invocations=18 (full 0):
 garbage-first heap   total 110592K, used 85367K [0x0000000703000000, 0x0000000800000000)
  region size 2048K, 28 young (57344K), 4 survivors (8192K)
 Metaspace       used 81313K, committed 82240K, reserved 1179648K
  class space    used 10975K, committed 11392K, reserved 1048576K
}
Event: 12.623 GC heap after
{Heap after GC invocations=19 (full 0):
 garbage-first heap   total 110592K, used 42526K [0x0000000703000000, 0x0000000800000000)
  region size 2048K, 4 young (8192K), 4 survivors (8192K)
 Metaspace       used 81313K, committed 82240K, reserved 1179648K
  class space    used 10975K, committed 11392K, reserved 1048576K
}

Deoptimization events (20 events):
Event: 12.995 Thread 0x00000233a6ecc230 Uncommon trap: trap_request=0xffffffbe fr.pc=0x0000023348b7baf4 relative=0x0000000000000374
Event: 12.995 Thread 0x00000233a6ecc230 Uncommon trap: reason=profile_predicate action=maybe_recompile pc=0x0000023348b7baf4 method=java.util.StringTokenizer.scanToken(I)I @ 2 c2
Event: 12.995 Thread 0x00000233a6ecc230 DEOPT PACKING pc=0x0000023348b7baf4 sp=0x000000da334fc2a0
Event: 12.995 Thread 0x00000233a6ecc230 DEOPT UNPACKING pc=0x00000233485123a3 sp=0x000000da334fc228 mode 2
Event: 12.995 Thread 0x00000233a6ecc230 Uncommon trap: trap_request=0xffffff45 fr.pc=0x0000023348aa571c relative=0x00000000000004fc
Event: 12.995 Thread 0x00000233a6ecc230 Uncommon trap: reason=unstable_if action=reinterpret pc=0x0000023348aa571c method=java.lang.String.substring(II)Ljava/lang/String; @ 31 c2
Event: 12.995 Thread 0x00000233a6ecc230 DEOPT PACKING pc=0x0000023348aa571c sp=0x000000da334fc260
Event: 12.995 Thread 0x00000233a6ecc230 DEOPT UNPACKING pc=0x00000233485123a3 sp=0x000000da334fc218 mode 2
Event: 12.995 Thread 0x00000233a6ecc230 Uncommon trap: trap_request=0xffffffbe fr.pc=0x0000023348b7baf4 relative=0x0000000000000374
Event: 12.995 Thread 0x00000233a6ecc230 Uncommon trap: reason=profile_predicate action=maybe_recompile pc=0x0000023348b7baf4 method=java.util.StringTokenizer.scanToken(I)I @ 2 c2
Event: 12.995 Thread 0x00000233a6ecc230 DEOPT PACKING pc=0x0000023348b7baf4 sp=0x000000da334fc2a0
Event: 12.995 Thread 0x00000233a6ecc230 DEOPT UNPACKING pc=0x00000233485123a3 sp=0x000000da334fc228 mode 2
Event: 12.997 Thread 0x00000233a6ecc230 Uncommon trap: trap_request=0xffffffc6 fr.pc=0x0000023348d733fc relative=0x00000000000002bc
Event: 12.997 Thread 0x00000233a6ecc230 Uncommon trap: reason=bimorphic_or_optimized_type_check action=maybe_recompile pc=0x0000023348d733fc method=java.util.regex.Pattern$SliceI.match(Ljava/util/regex/Matcher;ILjava/lang/CharSequence;)Z @ 92 c2
Event: 12.997 Thread 0x00000233a6ecc230 DEOPT PACKING pc=0x0000023348d733fc sp=0x000000da334fc3b0
Event: 12.997 Thread 0x00000233a6ecc230 DEOPT UNPACKING pc=0x00000233485123a3 sp=0x000000da334fc338 mode 2
Event: 13.019 Thread 0x00000233a6ecadf0 Uncommon trap: trap_request=0xffffff6e fr.pc=0x0000023348f9586c relative=0x000000000000042c
Event: 13.019 Thread 0x00000233a6ecadf0 Uncommon trap: reason=loop_limit_check action=maybe_recompile pc=0x0000023348f9586c method=org.attoparser.util.TextUtil.compareTo(Z[CII[CII)I @ 65 c2
Event: 13.019 Thread 0x00000233a6ecadf0 DEOPT PACKING pc=0x0000023348f9586c sp=0x000000da333fa470
Event: 13.019 Thread 0x00000233a6ecadf0 DEOPT UNPACKING pc=0x00000233485123a3 sp=0x000000da333fa3e8 mode 2

Classes unloaded (0 events):
No events

Classes redefined (0 events):
No events

Internal exceptions (20 events):
Event: 12.815 Thread 0x00000233a6123830 Exception <a 'java/lang/NoSuchMethodError'{0x0000000708929370}: 'void java.lang.invoke.DirectMethodHandle$Holder.invokeStaticInit(java.lang.Object, java.lang.Object, java.lang.Object, java.lang.Object, int)'> (0x0000000708929370) 
thrown [s\open\src\hotspot\share\interpreter\linkResolver.cpp, line 759]
Event: 12.815 Thread 0x00000233a6123830 Exception <a 'java/lang/NoSuchMethodError'{0x0000000708930d10}: 'void java.lang.invoke.DelegatingMethodHandle$Holder.reinvoke_L(java.lang.Object, java.lang.Object, java.lang.Object, java.lang.Object, int)'> (0x0000000708930d10) 
thrown [s\open\src\hotspot\share\interpreter\linkResolver.cpp, line 759]
Event: 12.819 Thread 0x00000233a6123830 Exception <a 'java/lang/ClassNotFoundException'{0x0000000708969228}: java/util/Collections$UnmodifiableRandomAccessListBeanInfo> (0x0000000708969228) 
thrown [s\open\src\hotspot\share\classfile\systemDictionary.cpp, line 256]
Event: 12.820 Thread 0x00000233a6123830 Exception <a 'java/lang/ClassNotFoundException'{0x000000070896ff18}: java/util/Collections$UnmodifiableListBeanInfo> (0x000000070896ff18) 
thrown [s\open\src\hotspot\share\classfile\systemDictionary.cpp, line 256]
Event: 12.820 Thread 0x00000233a6123830 Exception <a 'java/lang/ClassNotFoundException'{0x0000000708976950}: java/util/Collections$UnmodifiableListCustomizer> (0x0000000708976950) 
thrown [s\open\src\hotspot\share\classfile\systemDictionary.cpp, line 256]
Event: 12.821 Thread 0x00000233a6123830 Exception <a 'java/lang/ClassNotFoundException'{0x00000007089972a0}: java/util/Collections$UnmodifiableRandomAccessListCustomizer> (0x00000007089972a0) 
thrown [s\open\src\hotspot\share\classfile\systemDictionary.cpp, line 256]
Event: 12.873 Thread 0x00000233a6123830 Exception <a 'java/lang/ClassNotFoundException'{0x0000000708718650}: org/thymeleaf/model/AttributeValueQuotesBeanInfo> (0x0000000708718650) 
thrown [s\open\src\hotspot\share\classfile\systemDictionary.cpp, line 256]
Event: 12.874 Thread 0x00000233a6123830 Exception <a 'java/lang/ClassNotFoundException'{0x0000000708722bb0}: org/thymeleaf/model/AttributeValueQuotesCustomizer> (0x0000000708722bb0) 
thrown [s\open\src\hotspot\share\classfile\systemDictionary.cpp, line 256]
Event: 12.874 Thread 0x00000233a6123830 Exception <a 'java/lang/NoSuchMethodError'{0x000000070872ad30}: 'java.lang.Object java.lang.invoke.DirectMethodHandle$Holder.invokeInterface(java.lang.Object, java.lang.Object, java.lang.Object, java.lang.Object, java.lang.Object, int)'> (0x000000070872ad30) 
thrown [s\open\src\hotspot\share\interpreter\linkResolver.cpp, line 759]
Event: 12.877 Thread 0x00000233a6123830 Exception <a 'java/lang/NoSuchMethodError'{0x000000070877be18}: 'java.lang.Object java.lang.invoke.Invokers$Holder.linkToCallSite(java.lang.Object, java.lang.Object, int, java.lang.Object)'> (0x000000070877be18) 
thrown [s\open\src\hotspot\share\interpreter\linkResolver.cpp, line 759]
Event: 12.879 Thread 0x00000233a6123830 Exception <a 'java/lang/ClassNotFoundException'{0x0000000708795950}: org/thymeleaf/engine/ElementTagStructureHandlerBeanInfo> (0x0000000708795950) 
thrown [s\open\src\hotspot\share\classfile\systemDictionary.cpp, line 256]
Event: 12.880 Thread 0x00000233a6123830 Exception <a 'java/lang/ClassNotFoundException'{0x00000007087a0120}: org/thymeleaf/engine/ElementTagStructureHandlerCustomizer> (0x00000007087a0120) 
thrown [s\open\src\hotspot\share\classfile\systemDictionary.cpp, line 256]
Event: 12.880 Thread 0x00000233a6123830 Exception <a 'java/lang/NoSuchMethodError'{0x00000007087b3c60}: 'void java.lang.invoke.DirectMethodHandle$Holder.invokeInterface(java.lang.Object, java.lang.Object, java.lang.Object, int)'> (0x00000007087b3c60) 
thrown [s\open\src\hotspot\share\interpreter\linkResolver.cpp, line 759]
Event: 12.881 Thread 0x00000233a6123830 Exception <a 'java/lang/NoSuchMethodError'{0x00000007087b8248}: 'void java.lang.invoke.DirectMethodHandle$Holder.invokeSpecial(java.lang.Object, java.lang.Object, java.lang.Object, java.lang.Object, int)'> (0x00000007087b8248) 
thrown [s\open\src\hotspot\share\interpreter\linkResolver.cpp, line 759]
Event: 12.881 Thread 0x00000233a6123830 Exception <a 'java/lang/NoSuchMethodError'{0x00000007087bc198}: 'void java.lang.invoke.DelegatingMethodHandle$Holder.reinvoke_L(java.lang.Object, java.lang.Object, java.lang.Object, int)'> (0x00000007087bc198) 
thrown [s\open\src\hotspot\share\interpreter\linkResolver.cpp, line 759]
Event: 12.882 Thread 0x00000233a6123830 Exception <a 'java/lang/NoSuchMethodError'{0x00000007087c67e0}: 'java.lang.Object java.lang.invoke.DelegatingMethodHandle$Holder.delegate(java.lang.Object, java.lang.Object, java.lang.Object, java.lang.Object, int)'> (0x00000007087c67e0) 
thrown [s\open\src\hotspot\share\interpreter\linkResolver.cpp, line 759]
Event: 12.883 Thread 0x00000233a6123830 Exception <a 'java/lang/NoSuchMethodError'{0x00000007087d6848}: 'int java.lang.invoke.DirectMethodHandle$Holder.invokeSpecial(java.lang.Object, java.lang.Object, java.lang.Object, java.lang.Object, int)'> (0x00000007087d6848) 
thrown [s\open\src\hotspot\share\interpreter\linkResolver.cpp, line 759]
Event: 12.915 Thread 0x00000233a6123830 Exception <a 'java/lang/NoSuchMethodError'{0x000000070821bd90}: 'java.lang.Object java.lang.invoke.DirectMethodHandle$Holder.invokeStatic(java.lang.Object, java.lang.Object, java.lang.Object, java.lang.Object, int, java.lang.Object)'> (0x000000070821bd90) 
thrown [s\open\src\hotspot\share\interpreter\linkResolver.cpp, line 759]
Event: 12.915 Thread 0x00000233a6123830 Exception <a 'java/lang/NoSuchMethodError'{0x0000000708223e38}: 'java.lang.Object java.lang.invoke.Invokers$Holder.linkToTargetMethod(java.lang.Object, java.lang.Object, java.lang.Object, int, java.lang.Object)'> (0x0000000708223e38) 
thrown [s\open\src\hotspot\share\interpreter\linkResolver.cpp, line 759]
Event: 12.948 Thread 0x00000233a6eccc50 Exception <a 'java/lang/NoSuchMethodError'{0x00000007082e96e8}: 'java.lang.Object java.lang.invoke.DirectMethodHandle$Holder.invokeStatic(java.lang.Object, int, int)'> (0x00000007082e96e8) 
thrown [s\open\src\hotspot\share\interpreter\linkResolver.cpp, line 759]

VM Operations (20 events):
Event: 12.083 Executing VM operation: HandshakeAllThreads
Event: 12.083 Executing VM operation: HandshakeAllThreads done
Event: 12.085 Executing VM operation: HandshakeAllThreads
Event: 12.085 Executing VM operation: HandshakeAllThreads done
Event: 12.331 Executing VM operation: HandshakeAllThreads
Event: 12.331 Executing VM operation: HandshakeAllThreads done
Event: 12.364 Executing VM operation: ICBufferFull
Event: 12.365 Executing VM operation: ICBufferFull done
Event: 12.547 Executing VM operation: HandshakeAllThreads
Event: 12.547 Executing VM operation: HandshakeAllThreads done
Event: 12.549 Executing VM operation: HandshakeAllThreads
Event: 12.549 Executing VM operation: HandshakeAllThreads done
Event: 12.589 Executing VM operation: HandshakeAllThreads
Event: 12.589 Executing VM operation: HandshakeAllThreads done
Event: 12.617 Executing VM operation: G1CollectForAllocation
Event: 12.623 Executing VM operation: G1CollectForAllocation done
Event: 12.925 Executing VM operation: HandshakeAllThreads
Event: 12.925 Executing VM operation: HandshakeAllThreads done
Event: 12.955 Executing VM operation: ICBufferFull
Event: 12.955 Executing VM operation: ICBufferFull done

Events (20 events):
Event: 12.917 loading class java/util/concurrent/atomic/AtomicMarkableReference
Event: 12.917 loading class java/util/concurrent/atomic/AtomicMarkableReference done
Event: 12.917 loading class java/util/concurrent/atomic/AtomicStampedReference
Event: 12.917 loading class java/util/concurrent/atomic/AtomicStampedReference done
Event: 12.917 loading class java/util/concurrent/atomic/DoubleAccumulator
Event: 12.917 loading class java/util/concurrent/atomic/DoubleAccumulator done
Event: 12.917 loading class java/util/concurrent/atomic/DoubleAdder
Event: 12.917 loading class java/util/concurrent/atomic/DoubleAdder done
Event: 12.918 loading class java/util/concurrent/atomic/LongAccumulator
Event: 12.918 loading class java/util/concurrent/atomic/LongAccumulator done
Event: 12.924 loading class java/nio/StringCharBuffer
Event: 12.924 loading class java/nio/StringCharBuffer done
Event: 12.948 loading class java/util/ArrayList$SubList$2
Event: 12.948 loading class java/util/ArrayList$SubList$2 done
Event: 12.952 loading class java/util/concurrent/locks/ReentrantReadWriteLock$Sync$HoldCounter
Event: 12.952 loading class java/util/concurrent/locks/ReentrantReadWriteLock$Sync$HoldCounter done
Event: 12.963 loading class java/time/format/DateTimeFormatterBuilder$ZoneTextPrinterParser
Event: 12.963 loading class java/time/format/DateTimeFormatterBuilder$ZoneTextPrinterParser done
Event: 12.963 loading class java/time/format/DateTimeFormatterBuilder$ReducedPrinterParser
Event: 12.963 loading class java/time/format/DateTimeFormatterBuilder$ReducedPrinterParser done


Dynamic libraries:
0x00007ff7c1340000 - 0x00007ff7c1350000 	C:\Program Files\Java\jdk-17\bin\java.exe
0x00007ffbcf520000 - 0x00007ffbcf786000 	C:\WINDOWS\SYSTEM32\ntdll.dll
0x00007ffbcee20000 - 0x00007ffbceee9000 	C:\WINDOWS\System32\KERNEL32.DLL
0x00007ffbccf10000 - 0x00007ffbcd2dc000 	C:\WINDOWS\System32\KERNELBASE.dll
0x00007ffbcc960000 - 0x00007ffbccaab000 	C:\WINDOWS\System32\ucrtbase.dll
0x00007ffbb35e0000 - 0x00007ffbb35fb000 	C:\Program Files\Java\jdk-17\bin\VCRUNTIME140.dll
0x00007ffbb6260000 - 0x00007ffbb6279000 	C:\Program Files\Java\jdk-17\bin\jli.dll
0x00007ffbcf320000 - 0x00007ffbcf3d2000 	C:\WINDOWS\System32\ADVAPI32.dll
0x00007ffbcdf10000 - 0x00007ffbcdfb9000 	C:\WINDOWS\System32\msvcrt.dll
0x00007ffbcf1d0000 - 0x00007ffbcf276000 	C:\WINDOWS\System32\sechost.dll
0x00007ffbcefb0000 - 0x00007ffbcf0c6000 	C:\WINDOWS\System32\RPCRT4.dll
0x00007ffbcdcc0000 - 0x00007ffbcde8a000 	C:\WINDOWS\System32\USER32.dll
0x00007ffbccab0000 - 0x00007ffbccad7000 	C:\WINDOWS\System32\win32u.dll
0x00007ffbceef0000 - 0x00007ffbcef1b000 	C:\WINDOWS\System32\GDI32.dll
0x00007ffbb8a60000 - 0x00007ffbb8cfa000 	C:\WINDOWS\WinSxS\amd64_microsoft.windows.common-controls_6595b64144ccf1df_6.0.26100.3912_none_3e07963ce335137e\COMCTL32.dll
0x00007ffbccd10000 - 0x00007ffbcce42000 	C:\WINDOWS\System32\gdi32full.dll
0x00007ffbccae0000 - 0x00007ffbccb83000 	C:\WINDOWS\System32\msvcp_win.dll
0x00007ffbc5b70000 - 0x00007ffbc5b7b000 	C:\WINDOWS\SYSTEM32\VERSION.dll
0x00007ffbce230000 - 0x00007ffbce260000 	C:\WINDOWS\System32\IMM32.DLL
0x00007ffbbbfe0000 - 0x00007ffbbbfec000 	C:\Program Files\Java\jdk-17\bin\vcruntime140_1.dll
0x00007ffba9f90000 - 0x00007ffbaa01e000 	C:\Program Files\Java\jdk-17\bin\msvcp140.dll
0x00007ffb75d70000 - 0x00007ffb76951000 	C:\Program Files\Java\jdk-17\bin\server\jvm.dll
0x00007ffbce270000 - 0x00007ffbce278000 	C:\WINDOWS\System32\PSAPI.DLL
0x00007ffbc94a0000 - 0x00007ffbc94aa000 	C:\WINDOWS\SYSTEM32\WSOCK32.dll
0x00007ffbbcf90000 - 0x00007ffbbcfc6000 	C:\WINDOWS\SYSTEM32\WINMM.dll
0x00007ffbcde90000 - 0x00007ffbcdf04000 	C:\WINDOWS\System32\WS2_32.dll
0x00007ffbcb500000 - 0x00007ffbcb51a000 	C:\WINDOWS\SYSTEM32\kernel.appcore.dll
0x00007ffbba700000 - 0x00007ffbba70a000 	C:\Program Files\Java\jdk-17\bin\jimage.dll
0x00007ffbba760000 - 0x00007ffbba9a1000 	C:\WINDOWS\SYSTEM32\DBGHELP.DLL
0x00007ffbce430000 - 0x00007ffbce7b4000 	C:\WINDOWS\System32\combase.dll
0x00007ffbcda10000 - 0x00007ffbcdaf0000 	C:\WINDOWS\System32\OLEAUT32.dll
0x00007ffbc9400000 - 0x00007ffbc9439000 	C:\WINDOWS\SYSTEM32\dbgcore.DLL
0x00007ffbcc8c0000 - 0x00007ffbcc959000 	C:\WINDOWS\System32\bcryptPrimitives.dll
0x00007ffbb1bd0000 - 0x00007ffbb1bf5000 	C:\Program Files\Java\jdk-17\bin\java.dll
0x00007ffb7f0c0000 - 0x00007ffb7f197000 	C:\Program Files\Java\jdk-17\bin\jsvml.dll
0x00007ffbcd2e0000 - 0x00007ffbcda0d000 	C:\WINDOWS\System32\SHELL32.dll
0x00007ffbcc740000 - 0x00007ffbcc8b4000 	C:\WINDOWS\System32\wintypes.dll
0x00007ffbca360000 - 0x00007ffbcabb6000 	C:\WINDOWS\SYSTEM32\windows.storage.dll
0x00007ffbcf3e0000 - 0x00007ffbcf4cf000 	C:\WINDOWS\System32\SHCORE.dll
0x00007ffbce1a0000 - 0x00007ffbce209000 	C:\WINDOWS\System32\shlwapi.dll
0x00007ffbcc5c0000 - 0x00007ffbcc5ef000 	C:\WINDOWS\SYSTEM32\profapi.dll
0x00007ffbb26a0000 - 0x00007ffbb26b9000 	C:\Program Files\Java\jdk-17\bin\net.dll
0x00007ffbc6580000 - 0x00007ffbc669e000 	C:\WINDOWS\SYSTEM32\WINHTTP.dll
0x00007ffbcbb00000 - 0x00007ffbcbb6a000 	C:\WINDOWS\system32\mswsock.dll
0x00007ffbb1ea0000 - 0x00007ffbb1eb6000 	C:\Program Files\Java\jdk-17\bin\nio.dll
0x00007ffbb35c0000 - 0x00007ffbb35d8000 	C:\Program Files\Java\jdk-17\bin\zip.dll
0x00007ffbb60f0000 - 0x00007ffbb60fa000 	C:\Program Files\Java\jdk-17\bin\management.dll
0x00007ffbb3360000 - 0x00007ffbb336b000 	C:\Program Files\Java\jdk-17\bin\management_ext.dll
0x00007ffbb1bc0000 - 0x00007ffbb1bce000 	C:\Program Files\Java\jdk-17\bin\sunmscapi.dll
0x00007ffbccb90000 - 0x00007ffbccd07000 	C:\WINDOWS\System32\CRYPT32.dll
0x00007ffbcbfb0000 - 0x00007ffbcbfe0000 	C:\WINDOWS\SYSTEM32\ncrypt.dll
0x00007ffbcbf60000 - 0x00007ffbcbf9f000 	C:\WINDOWS\SYSTEM32\NTASN1.dll
0x00007ffbcbda0000 - 0x00007ffbcbdbc000 	C:\WINDOWS\SYSTEM32\CRYPTSP.dll
0x00007ffbcb440000 - 0x00007ffbcb47a000 	C:\WINDOWS\system32\rsaenh.dll
0x00007ffbcbba0000 - 0x00007ffbcbbcb000 	C:\WINDOWS\SYSTEM32\USERENV.dll
0x00007ffbcc590000 - 0x00007ffbcc5b6000 	C:\WINDOWS\SYSTEM32\bcrypt.dll
0x00007ffbcbdc0000 - 0x00007ffbcbdcc000 	C:\WINDOWS\SYSTEM32\CRYPTBASE.dll
0x00007ffbcaeb0000 - 0x00007ffbcaee3000 	C:\WINDOWS\SYSTEM32\IPHLPAPI.DLL
0x00007ffbcf310000 - 0x00007ffbcf31a000 	C:\WINDOWS\System32\NSI.dll
0x00007ffbc63e0000 - 0x00007ffbc63ff000 	C:\WINDOWS\SYSTEM32\dhcpcsvc6.DLL
0x00007ffbc63b0000 - 0x00007ffbc63d5000 	C:\WINDOWS\SYSTEM32\dhcpcsvc.DLL
0x00007ffbcaef0000 - 0x00007ffbcb017000 	C:\WINDOWS\SYSTEM32\DNSAPI.dll
0x00007ffbba570000 - 0x00007ffbba580000 	C:\Program Files\Java\jdk-17\bin\verify.dll
0x00007ffbc5010000 - 0x00007ffbc501b000 	C:\Windows\System32\rasadhlp.dll
0x00007ffbc5b80000 - 0x00007ffbc5c06000 	C:\WINDOWS\System32\fwpuclnt.dll
0x00007ffbafb60000 - 0x00007ffbafb68000 	C:\WINDOWS\system32\wshunix.dll

dbghelp: loaded successfully - version: 4.0.5 - missing functions: none
symbol engine: initialized successfully - sym options: 0x614 - pdb path: .;C:\Program Files\Java\jdk-17\bin;C:\WINDOWS\SYSTEM32;C:\WINDOWS\WinSxS\amd64_microsoft.windows.common-controls_6595b64144ccf1df_6.0.26100.3912_none_3e07963ce335137e;C:\Program Files\Java\jdk-17\bin\server

VM Arguments:
jvm_args: -Dfile.encoding=UTF-8 -Duser.country=KR -Duser.language=ko -Duser.variant 
java_command: com.example.greenprojectB.GreenprojectBApplication
java_class_path (initial): D:\springProject\springboot\works\greenprojectB\build\classes\java\main;D:\springProject\springboot\works\greenprojectB\build\resources\main;C:\Users\green\.gradle\caches\modules-2\files-2.1\org.springframework.boot\spring-boot-devtools\3.5.0\982d5bb2a4aa2728144cd02dbd4671200ac5e062\spring-boot-devtools-3.5.0.jar;C:\Users\green\.gradle\caches\modules-2\files-2.1\org.springframework.boot\spring-boot-starter-data-jpa\3.5.0\1f1b632678d5516b5866a82b282541b18f6bf84c\spring-boot-starter-data-jpa-3.5.0.jar;C:\Users\green\.gradle\caches\modules-2\files-2.1\org.springframework.boot\spring-boot-starter-security\3.5.0\f33d61f93d8a0ded9a1142996d2663105a237e76\spring-boot-starter-security-3.5.0.jar;C:\Users\green\.gradle\caches\modules-2\files-2.1\org.springframework.boot\spring-boot-starter-validation\3.5.0\76a06881cdb0d47b3fd937ce26d874d5fc2c10fa\spring-boot-starter-validation-3.5.0.jar;C:\Users\green\.gradle\caches\modules-2\files-2.1\org.springframework.boot\spring-boot-starter-thymeleaf\3.5.0\d270a37351ef3dfc3fbde3feac3d3c9710337c20\spring-boot-starter-thymeleaf-3.5.0.jar;C:\Users\green\.gradle\caches\modules-2\files-2.1\org.springframework.boot\spring-boot-starter-web\3.5.0\29c6198f7e5cd7c4b9a27045d93879e161d6cdd0\spring-boot-starter-web-3.5.0.jar;C:\Users\green\.gradle\caches\modules-2\files-2.1\org.springframework.boot\spring-boot-starter-jdbc\3.5.0\5e0188ba4c52ec7ba36b1618ff7f9738bffa1eb\spring-boot-starter-jdbc-3.5.0.jar;C:\Users\green\.gradle\caches\modules-2\files-2.1\org.springframework.boot\spring-boot-starter-json\3.5.0\af98a526ea3f68c179a6c6199bb1dbe864f43b93\spring-boot-starter-json-3.5.0.jar;C:\Users\green\.gradle\caches\modules-2\files-2.1\org.springframework.boot\spring-boot-starter\3.5.0\f8b02201e89d294514420a586624aa7338d61f4f\spring-boot-starter-3.5.0.jar;C:\Users\green\.gradle\caches\modules-2\files-2.1\nz.net.ultraq.thymeleaf\thymeleaf-layout-dialect\3.3.0\275da01788302e514c0549a4db5fa6b29ef84ba6\thymeleaf-layout-dialect-3.3.
Launcher Type: SUN_STANDARD

[Global flags]
     intx CICompilerCount                          = 4                                         {product} {ergonomic}
     uint ConcGCThreads                            = 3                                         {product} {ergonomic}
     uint G1ConcRefinementThreads                  = 10                                        {product} {ergonomic}
   size_t G1HeapRegionSize                         = 2097152                                   {product} {ergonomic}
    uintx GCDrainStackTargetSize                   = 64                                        {product} {ergonomic}
   size_t InitialHeapSize                          = 266338304                                 {product} {ergonomic}
   size_t MarkStackSize                            = 4194304                                   {product} {ergonomic}
   size_t MaxHeapSize                              = 4244635648                                {product} {ergonomic}
   size_t MaxNewSize                               = 2545942528                                {product} {ergonomic}
   size_t MinHeapDeltaBytes                        = 2097152                                   {product} {ergonomic}
   size_t MinHeapSize                              = 8388608                                   {product} {ergonomic}
    uintx NonNMethodCodeHeapSize                   = 5839372                                {pd product} {ergonomic}
    uintx NonProfiledCodeHeapSize                  = 122909434                              {pd product} {ergonomic}
    uintx ProfiledCodeHeapSize                     = 122909434                              {pd product} {ergonomic}
    uintx ReservedCodeCacheSize                    = 251658240                              {pd product} {ergonomic}
     bool SegmentedCodeCache                       = true                                      {product} {ergonomic}
   size_t SoftMaxHeapSize                          = 4244635648                             {manageable} {ergonomic}
     bool UseCompressedClassPointers               = true                           {product lp64_product} {ergonomic}
     bool UseCompressedOops                        = true                           {product lp64_product} {ergonomic}
     bool UseG1GC                                  = true                                      {product} {ergonomic}
     bool UseLargePagesIndividualAllocation        = false                                  {pd product} {ergonomic}

Logging:
Log output configuration:
 #0: stdout all=warning uptime,level,tags
 #1: stderr all=off uptime,level,tags

Environment Variables:
JAVA_HOME=C:\Program Files\Java\jdk-17
PATH=%JAVA_HOME%bin;C:\Program Files\Java\jdk-17\bin;C:\Program Files\Common Files\Oracle\Java\javapath;C:\WINDOWS\system32;C:\WINDOWS;C:\WINDOWS\System32\Wbem;C:\WINDOWS\System32\WindowsPowerShell\v1.0\;C:\WINDOWS\System32\OpenSSH\;C:\Program Files\Git\cmd;C:\Users\green\AppData\Local\Microsoft\WindowsApps;C:\Program Files\Bandizip\;C:\Program Files\JetBrains\IntelliJ IDEA Community Edition 2024.2\bin;
USERNAME=green
OS=Windows_NT
PROCESSOR_IDENTIFIER=Intel64 Family 6 Model 158 Stepping 10, GenuineIntel



---------------  S Y S T E M  ---------------

OS:
 Windows 11 , 64 bit Build 26100 (10.0.26100.3912)
OS uptime: 10 days 23:16 hours

CPU: total 12 (initial active 12) (6 cores per cpu, 2 threads per core) family 6 model 158 stepping 10 microcode 0xde, cx8, cmov, fxsr, ht, mmx, 3dnowpref, sse, sse2, sse3, ssse3, sse4.1, sse4.2, popcnt, lzcnt, tsc, tscinvbit, avx, avx2, aes, erms, clmul, bmi1, bmi2, rtm, adx, fma, vzeroupper, clflush, clflushopt

Memory: 4k page, system-wide physical 16190M (4473M free)
TotalPageFile size 30403M (AvailPageFile size 6M)
current process WorkingSet (physical memory assigned to process): 337M, peak: 341M
current process commit charge ("private bytes"): 378M, peak: 427M

vm_info: Java HotSpot(TM) 64-Bit Server VM (17.0.9+11-LTS-201) for windows-amd64 JRE (17.0.9+11-LTS-201), built on Oct 10 2023 23:16:06 by "mach5one" with MS VC++ 17.1 (VS2022)

END.
