#
# There is insufficient memory for the Java Runtime Environment to continue.
# Native memory allocation (malloc) failed to allocate 1021936 bytes for Chunk::new
# Possible reasons:
#   The system is out of physical RAM or swap space
#   The process is running with CompressedOops enabled, and the Java Heap may be blocking the growth of the native heap
# Possible solutions:
#   Reduce memory load on the system
#   Increase physical memory or swap space
#   Check if swap backing store is full
#   Decrease Java heap size (-Xmx/-Xms)
#   Decrease number of Java threads
#   Decrease Java thread stack sizes (-Xss)
#   Set larger code cache with -XX:ReservedCodeCacheSize=
#   JVM is running with Zero Based Compressed Oops mode in which the Java heap is
#     placed in the first 32GB address space. The Java Heap base address is the
#     maximum limit for the native heap growth. Please use -XX:HeapBaseMinAddress
#     to set the Java Heap base and to place the Java Heap above 32GB virtual address.
# This output file may be truncated or incomplete.
#
#  Out of Memory Error (arena.cpp:189), pid=7984, tid=17216
#
# JRE version: Java(TM) SE Runtime Environment (17.0.9+11) (build 17.0.9+11-LTS-201)
# Java VM: Java HotSpot(TM) 64-Bit Server VM (17.0.9+11-LTS-201, mixed mode, sharing, tiered, compressed oops, compressed class ptrs, g1 gc, windows-amd64)
# No core dump will be written. Minidumps are not enabled by default on client versions of Windows
#

---------------  S U M M A R Y ------------

Command Line: -Dfile.encoding=UTF-8 -Duser.country=KR -Duser.language=ko -Duser.variant com.example.greenprojectB.GreenprojectBApplication

Host: Intel(R) Core(TM) i7-8700K CPU @ 3.70GHz, 12 cores, 15G,  Windows 11 , 64 bit Build 26100 (10.0.26100.3912)
Time: Tue May 27 17:50:24 2025  Windows 11 , 64 bit Build 26100 (10.0.26100.3912) elapsed time: 12.465328 seconds (0d 0h 0m 12s)

---------------  T H R E A D  ---------------

Current thread (0x000001ee66cbab30):  JavaThread "C2 CompilerThread1" daemon [_thread_in_native, id=17216, stack(0x000000c600c00000,0x000000c600d00000)]


Current CompileTask:
C2:  12465 8109       4       org.codehaus.groovy.vmplugin.v8.IndyInterface$$Lambda$1734/0x000001ee20a1ca88::apply (13 bytes)

Stack: [0x000000c600c00000,0x000000c600d00000]
Native frames: (J=compiled Java code, j=interpreted, Vv=VM code, C=native code)
V  [jvm.dll+0x678a4a]
V  [jvm.dll+0x7d9cfd]
V  [jvm.dll+0x7db60e]
V  [jvm.dll+0x7dbc73]
V  [jvm.dll+0x245e1f]
V  [jvm.dll+0xaaafb]
V  [jvm.dll+0xab09c]
V  [jvm.dll+0x36232f]
V  [jvm.dll+0x32ca01]
V  [jvm.dll+0x32be9a]
V  [jvm.dll+0x21812f]
V  [jvm.dll+0x217561]
V  [jvm.dll+0x1a3bc0]
V  [jvm.dll+0x2272de]
V  [jvm.dll+0x22548b]
V  [jvm.dll+0x78f58c]
V  [jvm.dll+0x78998a]
V  [jvm.dll+0x677875]
C  [ucrtbase.dll+0x37b0]
C  [KERNEL32.DLL+0x2e8d7]
C  [ntdll.dll+0x9c5dc]


---------------  P R O C E S S  ---------------

Threads class SMR info:
_java_thread_list=0x000001ee66ee7ea0, length=33, elements={
0x000001ee1e651090, 0x000001ee1e651960, 0x000001ee1e66ddd0, 0x000001ee1e6706b0,
0x000001ee1e670f80, 0x000001ee1e671850, 0x000001ee1e672910, 0x000001ee1e67d2f0,
0x000001ee1e67dc00, 0x000001ee1e7b7830, 0x000001ee1e7d4720, 0x000001ee65ae2d70,
0x000001ee65ae2350, 0x000001ee65ae1420, 0x000001ee65ae1930, 0x000001ee65ae3ca0,
0x000001ee69144aa0, 0x000001ee691463f0, 0x000001ee69144080, 0x000001ee691459d0,
0x000001ee69147320, 0x000001ee69147830, 0x000001ee69146900, 0x000001ee69144fb0,
0x000001ee691454c0, 0x000001ee69146e10, 0x000001ee69144590, 0x000001ee69145ee0,
0x000001ee6a811340, 0x000001ee6a810e30, 0x000001ee6a810920, 0x000001ee66cbab30,
0x000001ee66cbbb20
}

Java Threads: ( => current thread )
  0x000001ee1e651090 JavaThread "Reference Handler" daemon [_thread_blocked, id=19064, stack(0x000000c600000000,0x000000c600100000)]
  0x000001ee1e651960 JavaThread "Finalizer" daemon [_thread_blocked, id=11596, stack(0x000000c600100000,0x000000c600200000)]
  0x000001ee1e66ddd0 JavaThread "Signal Dispatcher" daemon [_thread_blocked, id=20292, stack(0x000000c600200000,0x000000c600300000)]
  0x000001ee1e6706b0 JavaThread "Attach Listener" daemon [_thread_blocked, id=12328, stack(0x000000c600300000,0x000000c600400000)]
  0x000001ee1e670f80 JavaThread "Service Thread" daemon [_thread_blocked, id=11532, stack(0x000000c600400000,0x000000c600500000)]
  0x000001ee1e671850 JavaThread "Monitor Deflation Thread" daemon [_thread_blocked, id=3768, stack(0x000000c600500000,0x000000c600600000)]
  0x000001ee1e672910 JavaThread "C2 CompilerThread0" daemon [_thread_in_native, id=7616, stack(0x000000c600600000,0x000000c600700000)]
  0x000001ee1e67d2f0 JavaThread "C1 CompilerThread0" daemon [_thread_in_native, id=17008, stack(0x000000c600700000,0x000000c600800000)]
  0x000001ee1e67dc00 JavaThread "Sweeper thread" daemon [_thread_blocked, id=5860, stack(0x000000c600800000,0x000000c600900000)]
  0x000001ee1e7b7830 JavaThread "Notification Thread" daemon [_thread_blocked, id=15988, stack(0x000000c600900000,0x000000c600a00000)]
  0x000001ee1e7d4720 JavaThread "Common-Cleaner" daemon [_thread_blocked, id=27184, stack(0x000000c600b00000,0x000000c600c00000)]
  0x000001ee65ae2d70 JavaThread "Catalina-utility-1" [_thread_blocked, id=11104, stack(0x000000c601700000,0x000000c601800000)]
  0x000001ee65ae2350 JavaThread "Catalina-utility-2" [_thread_blocked, id=7728, stack(0x000000c601c00000,0x000000c601d00000)]
  0x000001ee65ae1420 JavaThread "container-0" [_thread_blocked, id=25008, stack(0x000000c601d00000,0x000000c601e00000)]
  0x000001ee65ae1930 JavaThread "mysql-cj-abandoned-connection-cleanup" daemon [_thread_blocked, id=11800, stack(0x000000c601e00000,0x000000c601f00000)]
  0x000001ee65ae3ca0 JavaThread "HikariPool-1:housekeeper" daemon [_thread_blocked, id=10796, stack(0x000000c602000000,0x000000c602100000)]
  0x000001ee69144aa0 JavaThread "File Watcher" daemon [_thread_blocked, id=21784, stack(0x000000c602200000,0x000000c602300000)]
  0x000001ee691463f0 JavaThread "Live Reload Server" daemon [_thread_in_native, id=17892, stack(0x000000c602400000,0x000000c602500000)]
  0x000001ee69144080 JavaThread "http-nio-60002-exec-1" daemon [_thread_blocked, id=18980, stack(0x000000c602300000,0x000000c602400000)]
  0x000001ee691459d0 JavaThread "http-nio-60002-exec-2" daemon [_thread_in_native_trans, id=17944, stack(0x000000c602500000,0x000000c602600000)]
  0x000001ee69147320 JavaThread "http-nio-60002-exec-3" daemon [_thread_blocked, id=17376, stack(0x000000c602600000,0x000000c602700000)]
  0x000001ee69147830 JavaThread "http-nio-60002-exec-4" daemon [_thread_blocked, id=4736, stack(0x000000c602700000,0x000000c602800000)]
  0x000001ee69146900 JavaThread "http-nio-60002-exec-5" daemon [_thread_blocked, id=11168, stack(0x000000c602800000,0x000000c602900000)]
  0x000001ee69144fb0 JavaThread "http-nio-60002-exec-6" daemon [_thread_blocked, id=5560, stack(0x000000c602900000,0x000000c602a00000)]
  0x000001ee691454c0 JavaThread "http-nio-60002-exec-7" daemon [_thread_blocked, id=20140, stack(0x000000c602a00000,0x000000c602b00000)]
  0x000001ee69146e10 JavaThread "http-nio-60002-exec-8" daemon [_thread_blocked, id=8428, stack(0x000000c602b00000,0x000000c602c00000)]
  0x000001ee69144590 JavaThread "http-nio-60002-exec-9" daemon [_thread_blocked, id=16836, stack(0x000000c602c00000,0x000000c602d00000)]
  0x000001ee69145ee0 JavaThread "http-nio-60002-exec-10" daemon [_thread_blocked, id=6768, stack(0x000000c602d00000,0x000000c602e00000)]
  0x000001ee6a811340 JavaThread "http-nio-60002-Poller" daemon [_thread_in_native, id=14348, stack(0x000000c602e00000,0x000000c602f00000)]
  0x000001ee6a810e30 JavaThread "http-nio-60002-Acceptor" daemon [_thread_in_native, id=5368, stack(0x000000c602f00000,0x000000c603000000)]
  0x000001ee6a810920 JavaThread "DestroyJavaVM" [_thread_blocked, id=14984, stack(0x000000c67f900000,0x000000c67fa00000)]
=>0x000001ee66cbab30 JavaThread "C2 CompilerThread1" daemon [_thread_in_native, id=17216, stack(0x000000c600c00000,0x000000c600d00000)]
  0x000001ee66cbbb20 JavaThread "C2 CompilerThread2" daemon [_thread_in_native, id=26240, stack(0x000000c600d00000,0x000000c600e00000)]

Other Threads:
  0x000001ee7feec320 VMThread "VM Thread" [stack: 0x000000c67ff00000,0x000000c680000000] [id=22556]
  0x000001ee7b4ca6c0 WatcherThread [stack: 0x000000c600a00000,0x000000c600b00000] [id=21260]
  0x000001ee7b4b0e30 GCTaskThread "GC Thread#0" [stack: 0x000000c67fa00000,0x000000c67fb00000] [id=5944]
  0x000001ee648b7200 GCTaskThread "GC Thread#1" [stack: 0x000000c600e00000,0x000000c600f00000] [id=16256]
  0x000001ee64add840 GCTaskThread "GC Thread#2" [stack: 0x000000c600f00000,0x000000c601000000] [id=15416]
  0x000001ee64819140 GCTaskThread "GC Thread#3" [stack: 0x000000c601000000,0x000000c601100000] [id=20248]
  0x000001ee64819400 GCTaskThread "GC Thread#4" [stack: 0x000000c601100000,0x000000c601200000] [id=2920]
  0x000001ee648196c0 GCTaskThread "GC Thread#5" [stack: 0x000000c601200000,0x000000c601300000] [id=15052]
  0x000001ee64d53730 GCTaskThread "GC Thread#6" [stack: 0x000000c601500000,0x000000c601600000] [id=6208]
  0x000001ee65ddecb0 GCTaskThread "GC Thread#7" [stack: 0x000000c601600000,0x000000c601700000] [id=25848]
  0x000001ee66c923e0 GCTaskThread "GC Thread#8" [stack: 0x000000c601800000,0x000000c601900000] [id=20060]
  0x000001ee665edb10 GCTaskThread "GC Thread#9" [stack: 0x000000c601900000,0x000000c601a00000] [id=20840]
  0x000001ee7b4c1990 ConcurrentGCThread "G1 Main Marker" [stack: 0x000000c67fb00000,0x000000c67fc00000] [id=21896]
  0x000001ee7b4c3f90 ConcurrentGCThread "G1 Conc#0" [stack: 0x000000c67fc00000,0x000000c67fd00000] [id=21868]
  0x000001ee66ba85d0 ConcurrentGCThread "G1 Conc#1" [stack: 0x000000c601a00000,0x000000c601b00000] [id=10524]
  0x000001ee66ba9390 ConcurrentGCThread "G1 Conc#2" [stack: 0x000000c601b00000,0x000000c601c00000] [id=25788]
  0x000001ee7b4fea00 ConcurrentGCThread "G1 Refine#0" [stack: 0x000000c67fd00000,0x000000c67fe00000] [id=17664]
  0x000001ee7fd9c600 ConcurrentGCThread "G1 Service" [stack: 0x000000c67fe00000,0x000000c67ff00000] [id=11652]

Threads with active compile tasks:
C2 CompilerThread0    12489 8110   !   4       org.codehaus.groovy.vmplugin.v8.CacheableCallSite::getAndPut (165 bytes)
C1 CompilerThread0    12489 8329       3       nz.net.ultraq.thymeleaf.layoutdialect.decorators.html.HtmlDocumentDecorator$_decorate_closure3::doCall (30 bytes)
C2 CompilerThread1    12489 8109       4       org.codehaus.groovy.vmplugin.v8.IndyInterface$$Lambda$1734/0x000001ee20a1ca88::apply (13 bytes)
C2 CompilerThread2    12489 8088       4       org.codehaus.groovy.vmplugin.v8.IndyInterface::fromCache (143 bytes)

VM state: not at safepoint (normal execution)

VM Mutex/Monitor currently owned by a thread: None

Heap address: 0x0000000703000000, size: 4048 MB, Compressed Oops mode: Zero based, Oop shift amount: 3

CDS archive(s) mapped at: [0x000001ee1f000000-0x000001ee1fbd0000-0x000001ee1fbd0000), size 12386304, SharedBaseAddress: 0x000001ee1f000000, ArchiveRelocationMode: 1.
Compressed class space mapped at: 0x000001ee20000000-0x000001ee60000000, reserved size: 1073741824
Narrow klass base: 0x000001ee1f000000, Narrow klass shift: 0, Narrow klass range: 0x100000000

GC Precious Log:
 CPUs: 12 total, 12 available
 Memory: 16190M
 Large Page Support: Disabled
 NUMA Support: Disabled
 Compressed Oops: Enabled (Zero based)
 Heap Region Size: 2M
 Heap Min Capacity: 8M
 Heap Initial Capacity: 254M
 Heap Max Capacity: 4048M
 Pre-touch: Disabled
 Parallel Workers: 10
 Concurrent Workers: 3
 Concurrent Refinement Workers: 10
 Periodic GC: Disabled

Heap:
 garbage-first heap   total 116736K, used 66211K [0x0000000703000000, 0x0000000800000000)
  region size 2048K, 16 young (32768K), 4 survivors (8192K)
 Metaspace       used 83635K, committed 84736K, reserved 1179648K
  class space    used 11239K, committed 11776K, reserved 1048576K

Heap Regions: E=young(eden), S=young(survivor), O=old, HS=humongous(starts), HC=humongous(continues), CS=collection set, F=free, OA=open archive, CA=closed archive, TAMS=top-at-mark-start (previous, next)
|   0|0x0000000703000000, 0x0000000703200000, 0x0000000703200000|100%| O|  |TAMS 0x0000000703200000, 0x0000000703000000| Untracked 
|   1|0x0000000703200000, 0x0000000703400000, 0x0000000703400000|100%| O|  |TAMS 0x0000000703400000, 0x0000000703200000| Untracked 
|   2|0x0000000703400000, 0x0000000703600000, 0x0000000703600000|100%| O|  |TAMS 0x0000000703600000, 0x0000000703400000| Untracked 
|   3|0x0000000703600000, 0x00000007037e7600, 0x0000000703800000| 95%| O|  |TAMS 0x00000007037e7600, 0x0000000703600000| Untracked 
|   4|0x0000000703800000, 0x0000000703a00000, 0x0000000703a00000|100%| O|  |TAMS 0x0000000703a00000, 0x0000000703800000| Untracked 
|   5|0x0000000703a00000, 0x0000000703c00000, 0x0000000703c00000|100%| O|  |TAMS 0x0000000703c00000, 0x0000000703a00000| Untracked 
|   6|0x0000000703c00000, 0x0000000703e00000, 0x0000000703e00000|100%| O|  |TAMS 0x0000000703e00000, 0x0000000703c00000| Untracked 
|   7|0x0000000703e00000, 0x0000000704000000, 0x0000000704000000|100%| O|  |TAMS 0x0000000704000000, 0x0000000703e00000| Untracked 
|   8|0x0000000704000000, 0x0000000704200000, 0x0000000704200000|100%| O|  |TAMS 0x0000000704200000, 0x0000000704000000| Untracked 
|   9|0x0000000704200000, 0x0000000704400000, 0x0000000704400000|100%| O|  |TAMS 0x0000000704224600, 0x0000000704200000| Untracked 
|  10|0x0000000704400000, 0x0000000704400000, 0x0000000704600000|  0%| F|  |TAMS 0x0000000704400000, 0x0000000704400000| Untracked 
|  11|0x0000000704600000, 0x0000000704800000, 0x0000000704800000|100%| O|  |TAMS 0x0000000704800000, 0x0000000704600000| Untracked 
|  12|0x0000000704800000, 0x0000000704a00000, 0x0000000704a00000|100%| O|  |TAMS 0x0000000704a00000, 0x0000000704800000| Untracked 
|  13|0x0000000704a00000, 0x0000000704c00000, 0x0000000704c00000|100%| O|  |TAMS 0x0000000704c00000, 0x0000000704a00000| Untracked 
|  14|0x0000000704c00000, 0x0000000704e00000, 0x0000000704e00000|100%| O|  |TAMS 0x0000000704c00000, 0x0000000704c00000| Untracked 
|  15|0x0000000704e00000, 0x0000000705000000, 0x0000000705000000|100%| O|  |TAMS 0x0000000704e00000, 0x0000000704e00000| Untracked 
|  16|0x0000000705000000, 0x0000000705200000, 0x0000000705200000|100%| O|  |TAMS 0x0000000705000000, 0x0000000705000000| Untracked 
|  17|0x0000000705200000, 0x0000000705400000, 0x0000000705400000|100%| O|  |TAMS 0x0000000705200000, 0x0000000705200000| Untracked 
|  18|0x0000000705400000, 0x00000007055a7400, 0x0000000705600000| 82%| O|  |TAMS 0x0000000705400000, 0x0000000705400000| Untracked 
|  19|0x0000000705600000, 0x0000000705600000, 0x0000000705800000|  0%| F|  |TAMS 0x0000000705600000, 0x0000000705600000| Untracked 
|  20|0x0000000705800000, 0x0000000705800000, 0x0000000705a00000|  0%| F|  |TAMS 0x0000000705800000, 0x0000000705800000| Untracked 
|  21|0x0000000705a00000, 0x0000000705a00000, 0x0000000705c00000|  0%| F|  |TAMS 0x0000000705a00000, 0x0000000705a00000| Untracked 
|  22|0x0000000705c00000, 0x0000000705c00000, 0x0000000705e00000|  0%| F|  |TAMS 0x0000000705c00000, 0x0000000705c00000| Untracked 
|  23|0x0000000705e00000, 0x0000000705e00000, 0x0000000706000000|  0%| F|  |TAMS 0x0000000705e00000, 0x0000000705e00000| Untracked 
|  24|0x0000000706000000, 0x000000070611a350, 0x0000000706200000| 55%| S|CS|TAMS 0x0000000706000000, 0x0000000706000000| Complete 
|  25|0x0000000706200000, 0x0000000706200000, 0x0000000706400000|  0%| F|  |TAMS 0x0000000706200000, 0x0000000706200000| Untracked 
|  26|0x0000000706400000, 0x0000000706400000, 0x0000000706600000|  0%| F|  |TAMS 0x0000000706400000, 0x0000000706400000| Untracked 
|  27|0x0000000706600000, 0x0000000706600000, 0x0000000706800000|  0%| F|  |TAMS 0x0000000706600000, 0x0000000706600000| Untracked 
|  28|0x0000000706800000, 0x0000000706a00000, 0x0000000706a00000|100%| S|CS|TAMS 0x0000000706800000, 0x0000000706800000| Complete 
|  29|0x0000000706a00000, 0x0000000706c00000, 0x0000000706c00000|100%| S|CS|TAMS 0x0000000706a00000, 0x0000000706a00000| Complete 
|  30|0x0000000706c00000, 0x0000000706e00000, 0x0000000706e00000|100%| S|CS|TAMS 0x0000000706c00000, 0x0000000706c00000| Complete 
|  31|0x0000000706e00000, 0x0000000706e00000, 0x0000000707000000|  0%| F|  |TAMS 0x0000000706e00000, 0x0000000706e00000| Untracked 
|  32|0x0000000707000000, 0x0000000707000000, 0x0000000707200000|  0%| F|  |TAMS 0x0000000707000000, 0x0000000707000000| Untracked 
|  33|0x0000000707200000, 0x0000000707200000, 0x0000000707400000|  0%| F|  |TAMS 0x0000000707200000, 0x0000000707200000| Untracked 
|  34|0x0000000707400000, 0x0000000707400000, 0x0000000707600000|  0%| F|  |TAMS 0x0000000707400000, 0x0000000707400000| Untracked 
|  35|0x0000000707600000, 0x0000000707600000, 0x0000000707800000|  0%| F|  |TAMS 0x0000000707600000, 0x0000000707600000| Untracked 
|  36|0x0000000707800000, 0x0000000707800000, 0x0000000707a00000|  0%| F|  |TAMS 0x0000000707800000, 0x0000000707800000| Untracked 
|  37|0x0000000707a00000, 0x0000000707a00000, 0x0000000707c00000|  0%| F|  |TAMS 0x0000000707a00000, 0x0000000707a00000| Untracked 
|  38|0x0000000707c00000, 0x0000000707c00000, 0x0000000707e00000|  0%| F|  |TAMS 0x0000000707c00000, 0x0000000707c00000| Untracked 
|  39|0x0000000707e00000, 0x0000000707e00000, 0x0000000708000000|  0%| F|  |TAMS 0x0000000707e00000, 0x0000000707e00000| Untracked 
|  40|0x0000000708000000, 0x0000000708000000, 0x0000000708200000|  0%| F|  |TAMS 0x0000000708000000, 0x0000000708000000| Untracked 
|  41|0x0000000708200000, 0x0000000708200000, 0x0000000708400000|  0%| F|  |TAMS 0x0000000708200000, 0x0000000708200000| Untracked 
|  42|0x0000000708400000, 0x0000000708400000, 0x0000000708600000|  0%| F|  |TAMS 0x0000000708400000, 0x0000000708400000| Untracked 
|  43|0x0000000708600000, 0x0000000708600000, 0x0000000708800000|  0%| F|  |TAMS 0x0000000708600000, 0x0000000708600000| Untracked 
|  44|0x0000000708800000, 0x0000000708800000, 0x0000000708a00000|  0%| F|  |TAMS 0x0000000708800000, 0x0000000708800000| Untracked 
|  45|0x0000000708a00000, 0x0000000708b11000, 0x0000000708c00000| 53%| E|  |TAMS 0x0000000708a00000, 0x0000000708a00000| Complete 
|  46|0x0000000708c00000, 0x0000000708e00000, 0x0000000708e00000|100%| E|CS|TAMS 0x0000000708c00000, 0x0000000708c00000| Complete 
|  47|0x0000000708e00000, 0x0000000709000000, 0x0000000709000000|100%| E|CS|TAMS 0x0000000708e00000, 0x0000000708e00000| Complete 
|  48|0x0000000709000000, 0x0000000709200000, 0x0000000709200000|100%| E|CS|TAMS 0x0000000709000000, 0x0000000709000000| Complete 
|  49|0x0000000709200000, 0x0000000709400000, 0x0000000709400000|100%| E|CS|TAMS 0x0000000709200000, 0x0000000709200000| Complete 
|  50|0x0000000709400000, 0x0000000709600000, 0x0000000709600000|100%| E|CS|TAMS 0x0000000709400000, 0x0000000709400000| Complete 
|  51|0x0000000709600000, 0x0000000709800000, 0x0000000709800000|100%| E|CS|TAMS 0x0000000709600000, 0x0000000709600000| Complete 
|  52|0x0000000709800000, 0x0000000709a00000, 0x0000000709a00000|100%| E|CS|TAMS 0x0000000709800000, 0x0000000709800000| Complete 
|  53|0x0000000709a00000, 0x0000000709c00000, 0x0000000709c00000|100%| E|CS|TAMS 0x0000000709a00000, 0x0000000709a00000| Complete 
|  54|0x0000000709c00000, 0x0000000709e00000, 0x0000000709e00000|100%| E|CS|TAMS 0x0000000709c00000, 0x0000000709c00000| Complete 
|  55|0x0000000709e00000, 0x000000070a000000, 0x000000070a000000|100%| E|CS|TAMS 0x0000000709e00000, 0x0000000709e00000| Complete 
| 126|0x0000000712c00000, 0x0000000712e00000, 0x0000000712e00000|100%| E|CS|TAMS 0x0000000712c00000, 0x0000000712c00000| Complete 

Card table byte_map: [0x000001ee7c240000,0x000001ee7ca30000] _byte_map_base: 0x000001ee78a28000

Marking Bits (Prev, Next): (CMBitMap*) 0x000001ee7b4b13a0, (CMBitMap*) 0x000001ee7b4b1360
 Prev Bits: [0x000001ee1a710000, 0x000001ee1e650000)
 Next Bits: [0x000001ee167d0000, 0x000001ee1a710000)

Polling page: 0x000001ee7ac00000

Metaspace:

Usage:
  Non-class:     70.70 MB used.
      Class:     10.98 MB used.
       Both:     81.68 MB used.

Virtual space:
  Non-class space:      128.00 MB reserved,      71.25 MB ( 56%) committed,  2 nodes.
      Class space:        1.00 GB reserved,      11.50 MB (  1%) committed,  1 nodes.
             Both:        1.12 GB reserved,      82.75 MB (  7%) committed. 

Chunk freelists:
   Non-Class:  8.48 MB
       Class:  4.48 MB
        Both:  12.95 MB

MaxMetaspaceSize: unlimited
CompressedClassSpaceSize: 1.00 GB
Initial GC threshold: 21.00 MB
Current GC threshold: 91.19 MB
CDS: on
MetaspaceReclaimPolicy: balanced
 - commit_granule_bytes: 65536.
 - commit_granule_words: 8192.
 - virtual_space_node_default_size: 8388608.
 - enlarge_chunks_in_place: 1.
 - new_chunks_are_fully_committed: 0.
 - uncommit_free_chunks: 1.
 - use_allocation_guard: 0.
 - handle_deallocations: 1.


Internal statistics:

num_allocs_failed_limit: 6.
num_arena_births: 1668.
num_arena_deaths: 0.
num_vsnodes_births: 3.
num_vsnodes_deaths: 0.
num_space_committed: 1324.
num_space_uncommitted: 0.
num_chunks_returned_to_freelist: 6.
num_chunks_taken_from_freelist: 4869.
num_chunk_merges: 3.
num_chunk_splits: 3408.
num_chunks_enlarged: 2451.
num_inconsistent_stats: 0.

CodeHeap 'non-profiled nmethods': size=120000Kb used=5480Kb max_used=5480Kb free=114520Kb
 bounds [0x000001ee0f2a0000, 0x000001ee0f800000, 0x000001ee167d0000]
CodeHeap 'profiled nmethods': size=120000Kb used=15273Kb max_used=15273Kb free=104727Kb
 bounds [0x000001ee077d0000, 0x000001ee086c0000, 0x000001ee0ed00000]
CodeHeap 'non-nmethods': size=5760Kb used=2444Kb max_used=2531Kb free=3315Kb
 bounds [0x000001ee0ed00000, 0x000001ee0ef90000, 0x000001ee0f2a0000]
 total_blobs=8527 nmethods=7546 adapters=893
 compilation: enabled
              stopped_count=0, restarted_count=0
 full_count=0

Compilation events (20 events):
Event: 9.346 Thread 0x000001ee1e67d2f0 nmethod 8259 0x000001ee08681f10 code [0x000001ee08682100, 0x000001ee086825a8]
Event: 9.346 Thread 0x000001ee1e67d2f0 8263       3       org.codehaus.groovy.vmplugin.v8.Selector::spread (40 bytes)
Event: 9.346 Thread 0x000001ee1e67d2f0 nmethod 8263 0x000001ee08682790 code [0x000001ee08682960, 0x000001ee08682f08]
Event: 9.346 Thread 0x000001ee1e67d2f0 8246       3       java.lang.invoke.LambdaFormEditor::filterReturnForm (399 bytes)
Event: 9.349 Thread 0x000001ee1e67d2f0 nmethod 8246 0x000001ee08683090 code [0x000001ee086834c0, 0x000001ee086856d8]
Event: 9.349 Thread 0x000001ee1e67d2f0 8257       1       org.apache.coyote.Request::getMimeHeaders (5 bytes)
Event: 9.350 Thread 0x000001ee1e67d2f0 nmethod 8257 0x000001ee0f7f1210 code [0x000001ee0f7f13a0, 0x000001ee0f7f1478]
Event: 9.350 Thread 0x000001ee1e67d2f0 8260       1       org.apache.tomcat.util.http.MimeHeaders::size (5 bytes)
Event: 9.350 Thread 0x000001ee1e67d2f0 nmethod 8260 0x000001ee0f7f1510 code [0x000001ee0f7f16a0, 0x000001ee0f7f1778]
Event: 9.350 Thread 0x000001ee1e67d2f0 8268       3       org.codehaus.groovy.vmplugin.v9.Java9::transformMetaMethod (48 bytes)
Event: 9.350 Thread 0x000001ee1e67d2f0 nmethod 8268 0x000001ee08686590 code [0x000001ee08686760, 0x000001ee08686bc8]
Event: 9.350 Thread 0x000001ee1e67d2f0 8261       1       org.apache.coyote.Response::getContentLengthLong (5 bytes)
Event: 9.350 Thread 0x000001ee1e67d2f0 nmethod 8261 0x000001ee0f7f1810 code [0x000001ee0f7f19a0, 0x000001ee0f7f1a78]
Event: 9.350 Thread 0x000001ee1e67d2f0 8269       3       org.codehaus.groovy.runtime.typehandling.DefaultTypeTransformation::booleanUnbox (5 bytes)
Event: 9.350 Thread 0x000001ee1e67d2f0 nmethod 8269 0x000001ee08686d10 code [0x000001ee08686ea0, 0x000001ee08686fa8]
Event: 9.350 Thread 0x000001ee1e67d2f0 8270       3       org.codehaus.groovy.runtime.typehandling.DefaultTypeTransformation::castToBoolean (39 bytes)
Event: 9.351 Thread 0x000001ee1e67d2f0 nmethod 8270 0x000001ee08687090 code [0x000001ee08687260, 0x000001ee086876e8]
Event: 9.351 Thread 0x000001ee1e67d2f0 8271       3       org.codehaus.groovy.runtime.metaclass.MetaClassRegistryImpl::getMetaClass (8 bytes)
Event: 9.353 Thread 0x000001ee1e67d2f0 nmethod 8271 0x000001ee08687810 code [0x000001ee08687b00, 0x000001ee08688bb8]
Event: 9.353 Thread 0x000001ee1e67d2f0 8274       3       java.lang.invoke.LambdaForm$MH/0x000001ee20b50c00::invoke (165 bytes)

GC Heap History (20 events):
Event: 3.551 GC heap before
{Heap before GC invocations=10 (full 0):
 garbage-first heap   total 55296K, used 24461K [0x0000000703000000, 0x0000000800000000)
  region size 2048K, 4 young (8192K), 2 survivors (4096K)
 Metaspace       used 35493K, committed 35968K, reserved 1114112K
  class space    used 4602K, committed 4864K, reserved 1048576K
}
Event: 3.553 GC heap after
{Heap after GC invocations=11 (full 0):
 garbage-first heap   total 55296K, used 22684K [0x0000000703000000, 0x0000000800000000)
  region size 2048K, 1 young (2048K), 1 survivors (2048K)
 Metaspace       used 35493K, committed 35968K, reserved 1114112K
  class space    used 4602K, committed 4864K, reserved 1048576K
}
Event: 3.875 GC heap before
{Heap before GC invocations=12 (full 0):
 garbage-first heap   total 55296K, used 41116K [0x0000000703000000, 0x0000000800000000)
  region size 2048K, 10 young (20480K), 1 survivors (2048K)
 Metaspace       used 39028K, committed 39552K, reserved 1114112K
  class space    used 5112K, committed 5376K, reserved 1048576K
}
Event: 3.877 GC heap after
{Heap after GC invocations=13 (full 0):
 garbage-first heap   total 55296K, used 23811K [0x0000000703000000, 0x0000000800000000)
  region size 2048K, 2 young (4096K), 2 survivors (4096K)
 Metaspace       used 39028K, committed 39552K, reserved 1114112K
  class space    used 5112K, committed 5376K, reserved 1048576K
}
Event: 4.124 GC heap before
{Heap before GC invocations=13 (full 0):
 garbage-first heap   total 55296K, used 40195K [0x0000000703000000, 0x0000000800000000)
  region size 2048K, 10 young (20480K), 2 survivors (4096K)
 Metaspace       used 42330K, committed 42880K, reserved 1114112K
  class space    used 5701K, committed 5952K, reserved 1048576K
}
Event: 4.126 GC heap after
{Heap after GC invocations=14 (full 0):
 garbage-first heap   total 55296K, used 24708K [0x0000000703000000, 0x0000000800000000)
  region size 2048K, 2 young (4096K), 2 survivors (4096K)
 Metaspace       used 42330K, committed 42880K, reserved 1114112K
  class space    used 5701K, committed 5952K, reserved 1048576K
}
Event: 4.521 GC heap before
{Heap before GC invocations=14 (full 0):
 garbage-first heap   total 55296K, used 39044K [0x0000000703000000, 0x0000000800000000)
  region size 2048K, 10 young (20480K), 2 survivors (4096K)
 Metaspace       used 50433K, committed 50944K, reserved 1114112K
  class space    used 6648K, committed 6912K, reserved 1048576K
}
Event: 4.523 GC heap after
{Heap after GC invocations=15 (full 0):
 garbage-first heap   total 55296K, used 26716K [0x0000000703000000, 0x0000000800000000)
  region size 2048K, 2 young (4096K), 2 survivors (4096K)
 Metaspace       used 50433K, committed 50944K, reserved 1114112K
  class space    used 6648K, committed 6912K, reserved 1048576K
}
Event: 4.741 GC heap before
{Heap before GC invocations=15 (full 0):
 garbage-first heap   total 55296K, used 41052K [0x0000000703000000, 0x0000000800000000)
  region size 2048K, 9 young (18432K), 2 survivors (4096K)
 Metaspace       used 53143K, committed 53632K, reserved 1114112K
  class space    used 7038K, committed 7296K, reserved 1048576K
}
Event: 4.744 GC heap after
{Heap after GC invocations=16 (full 0):
 garbage-first heap   total 55296K, used 27817K [0x0000000703000000, 0x0000000800000000)
  region size 2048K, 2 young (4096K), 2 survivors (4096K)
 Metaspace       used 53143K, committed 53632K, reserved 1114112K
  class space    used 7038K, committed 7296K, reserved 1048576K
}
Event: 4.934 GC heap before
{Heap before GC invocations=16 (full 0):
 garbage-first heap   total 55296K, used 42153K [0x0000000703000000, 0x0000000800000000)
  region size 2048K, 9 young (18432K), 2 survivors (4096K)
 Metaspace       used 55413K, committed 55872K, reserved 1114112K
  class space    used 7313K, committed 7552K, reserved 1048576K
}
Event: 4.937 GC heap after
{Heap after GC invocations=17 (full 0):
 garbage-first heap   total 157696K, used 28760K [0x0000000703000000, 0x0000000800000000)
  region size 2048K, 2 young (4096K), 2 survivors (4096K)
 Metaspace       used 55413K, committed 55872K, reserved 1114112K
  class space    used 7313K, committed 7552K, reserved 1048576K
}
Event: 5.958 GC heap before
{Heap before GC invocations=18 (full 0):
 garbage-first heap   total 116736K, used 94296K [0x0000000703000000, 0x0000000800000000)
  region size 2048K, 34 young (69632K), 2 survivors (4096K)
 Metaspace       used 68777K, committed 69312K, reserved 1114112K
  class space    used 9305K, committed 9536K, reserved 1048576K
}
Event: 5.961 GC heap after
{Heap after GC invocations=19 (full 0):
 garbage-first heap   total 116736K, used 32103K [0x0000000703000000, 0x0000000800000000)
  region size 2048K, 3 young (6144K), 3 survivors (6144K)
 Metaspace       used 68777K, committed 69312K, reserved 1114112K
  class space    used 9305K, committed 9536K, reserved 1048576K
}
Event: 5.982 GC heap before
{Heap before GC invocations=19 (full 0):
 garbage-first heap   total 116736K, used 34151K [0x0000000703000000, 0x0000000800000000)
  region size 2048K, 4 young (8192K), 3 survivors (6144K)
 Metaspace       used 68892K, committed 69504K, reserved 1114112K
  class space    used 9315K, committed 9600K, reserved 1048576K
}
Event: 5.984 GC heap after
{Heap after GC invocations=20 (full 0):
 garbage-first heap   total 116736K, used 32487K [0x0000000703000000, 0x0000000800000000)
  region size 2048K, 1 young (2048K), 1 survivors (2048K)
 Metaspace       used 68892K, committed 69504K, reserved 1114112K
  class space    used 9315K, committed 9600K, reserved 1048576K
}
Event: 7.009 GC heap before
{Heap before GC invocations=20 (full 0):
 garbage-first heap   total 116736K, used 89831K [0x0000000703000000, 0x0000000800000000)
  region size 2048K, 29 young (59392K), 1 survivors (2048K)
 Metaspace       used 76921K, committed 77632K, reserved 1179648K
  class space    used 10464K, committed 10816K, reserved 1048576K
}
Event: 7.013 GC heap after
{Heap after GC invocations=21 (full 0):
 garbage-first heap   total 116736K, used 36492K [0x0000000703000000, 0x0000000800000000)
  region size 2048K, 3 young (6144K), 3 survivors (6144K)
 Metaspace       used 76921K, committed 77632K, reserved 1179648K
  class space    used 10464K, committed 10816K, reserved 1048576K
}
Event: 7.584 GC heap before
{Heap before GC invocations=21 (full 0):
 garbage-first heap   total 116736K, used 89740K [0x0000000703000000, 0x0000000800000000)
  region size 2048K, 29 young (59392K), 3 survivors (6144K)
 Metaspace       used 81795K, committed 82752K, reserved 1179648K
  class space    used 11031K, committed 11520K, reserved 1048576K
}
Event: 7.589 GC heap after
{Heap after GC invocations=22 (full 0):
 garbage-first heap   total 116736K, used 43683K [0x0000000703000000, 0x0000000800000000)
  region size 2048K, 4 young (8192K), 4 survivors (8192K)
 Metaspace       used 81795K, committed 82752K, reserved 1179648K
  class space    used 11031K, committed 11520K, reserved 1048576K
}

Deoptimization events (20 events):
Event: 9.339 Thread 0x000001ee69144080 Uncommon trap: trap_request=0xffffff45 fr.pc=0x000001ee0f2fa620 relative=0x0000000000000280
Event: 9.339 Thread 0x000001ee69144080 Uncommon trap: reason=unstable_if action=reinterpret pc=0x000001ee0f2fa620 method=java.lang.String.startsWith(Ljava/lang/String;I)Z @ 50 c2
Event: 9.339 Thread 0x000001ee69144080 DEOPT PACKING pc=0x000001ee0f2fa620 sp=0x000000c6023fc440
Event: 9.339 Thread 0x000001ee69144080 DEOPT UNPACKING pc=0x000001ee0ed523a3 sp=0x000000c6023fc3a0 mode 2
Event: 9.339 Thread 0x000001ee69144080 Uncommon trap: trap_request=0xffffff45 fr.pc=0x000001ee0f6f431c relative=0x0000000000000a1c
Event: 9.340 Thread 0x000001ee69144080 Uncommon trap: reason=unstable_if action=reinterpret pc=0x000001ee0f6f431c method=java.lang.String.substring(II)Ljava/lang/String; @ 31 c2
Event: 9.340 Thread 0x000001ee69144080 DEOPT PACKING pc=0x000001ee0f6f431c sp=0x000000c6023fc330
Event: 9.340 Thread 0x000001ee69144080 DEOPT UNPACKING pc=0x000001ee0ed523a3 sp=0x000000c6023fc280 mode 2
Event: 9.340 Thread 0x000001ee69144080 Uncommon trap: trap_request=0xffffffbe fr.pc=0x000001ee0f3b9bac relative=0x00000000000003ac
Event: 9.340 Thread 0x000001ee69144080 Uncommon trap: reason=profile_predicate action=maybe_recompile pc=0x000001ee0f3b9bac method=java.util.StringTokenizer.scanToken(I)I @ 2 c2
Event: 9.340 Thread 0x000001ee69144080 DEOPT PACKING pc=0x000001ee0f3b9bac sp=0x000000c6023fc2e0
Event: 9.340 Thread 0x000001ee69144080 DEOPT UNPACKING pc=0x000001ee0ed523a3 sp=0x000000c6023fc278 mode 2
Event: 9.340 Thread 0x000001ee69144080 Uncommon trap: trap_request=0xffffff45 fr.pc=0x000001ee0f2e309c relative=0x00000000000004fc
Event: 9.340 Thread 0x000001ee69144080 Uncommon trap: reason=unstable_if action=reinterpret pc=0x000001ee0f2e309c method=java.lang.String.substring(II)Ljava/lang/String; @ 31 c2
Event: 9.340 Thread 0x000001ee69144080 DEOPT PACKING pc=0x000001ee0f2e309c sp=0x000000c6023fc2a0
Event: 9.340 Thread 0x000001ee69144080 DEOPT UNPACKING pc=0x000001ee0ed523a3 sp=0x000000c6023fc270 mode 2
Event: 9.342 Thread 0x000001ee69144080 Uncommon trap: trap_request=0xffffffc6 fr.pc=0x000001ee0f5cb9fc relative=0x00000000000002bc
Event: 9.342 Thread 0x000001ee69144080 Uncommon trap: reason=bimorphic_or_optimized_type_check action=maybe_recompile pc=0x000001ee0f5cb9fc method=java.util.regex.Pattern$SliceI.match(Ljava/util/regex/Matcher;ILjava/lang/CharSequence;)Z @ 92 c2
Event: 9.342 Thread 0x000001ee69144080 DEOPT PACKING pc=0x000001ee0f5cb9fc sp=0x000000c6023fc430
Event: 9.342 Thread 0x000001ee69144080 DEOPT UNPACKING pc=0x000001ee0ed523a3 sp=0x000000c6023fc3b8 mode 2

Classes unloaded (0 events):
No events

Classes redefined (0 events):
No events

Internal exceptions (20 events):
Event: 7.692 Thread 0x000001ee691459d0 Exception <a 'java/lang/ClassNotFoundException'{0x0000000709984a50}: java/util/Collections$UnmodifiableListBeanInfo> (0x0000000709984a50) 
thrown [s\open\src\hotspot\share\classfile\systemDictionary.cpp, line 256]
Event: 7.693 Thread 0x000001ee691459d0 Exception <a 'java/lang/ClassNotFoundException'{0x000000070998b488}: java/util/Collections$UnmodifiableListCustomizer> (0x000000070998b488) 
thrown [s\open\src\hotspot\share\classfile\systemDictionary.cpp, line 256]
Event: 7.694 Thread 0x000001ee691459d0 Exception <a 'java/lang/ClassNotFoundException'{0x00000007099abb90}: java/util/Collections$UnmodifiableRandomAccessListCustomizer> (0x00000007099abb90) 
thrown [s\open\src\hotspot\share\classfile\systemDictionary.cpp, line 256]
Event: 7.753 Thread 0x000001ee691459d0 Exception <a 'java/lang/ClassNotFoundException'{0x000000070972d138}: org/thymeleaf/model/AttributeValueQuotesBeanInfo> (0x000000070972d138) 
thrown [s\open\src\hotspot\share\classfile\systemDictionary.cpp, line 256]
Event: 7.754 Thread 0x000001ee691459d0 Exception <a 'java/lang/ClassNotFoundException'{0x0000000709737698}: org/thymeleaf/model/AttributeValueQuotesCustomizer> (0x0000000709737698) 
thrown [s\open\src\hotspot\share\classfile\systemDictionary.cpp, line 256]
Event: 7.754 Thread 0x000001ee691459d0 Exception <a 'java/lang/NoSuchMethodError'{0x000000070973f640}: 'java.lang.Object java.lang.invoke.DirectMethodHandle$Holder.invokeInterface(java.lang.Object, java.lang.Object, java.lang.Object, java.lang.Object, java.lang.Object, int)'> (0x000000070973f640) 
thrown [s\open\src\hotspot\share\interpreter\linkResolver.cpp, line 759]
Event: 7.757 Thread 0x000001ee691459d0 Exception <a 'java/lang/NoSuchMethodError'{0x0000000709790970}: 'java.lang.Object java.lang.invoke.Invokers$Holder.linkToCallSite(java.lang.Object, java.lang.Object, int, java.lang.Object)'> (0x0000000709790970) 
thrown [s\open\src\hotspot\share\interpreter\linkResolver.cpp, line 759]
Event: 7.759 Thread 0x000001ee691459d0 Exception <a 'java/lang/ClassNotFoundException'{0x00000007097aa250}: org/thymeleaf/engine/ElementTagStructureHandlerBeanInfo> (0x00000007097aa250) 
thrown [s\open\src\hotspot\share\classfile\systemDictionary.cpp, line 256]
Event: 7.759 Thread 0x000001ee691459d0 Exception <a 'java/lang/ClassNotFoundException'{0x00000007097b4a20}: org/thymeleaf/engine/ElementTagStructureHandlerCustomizer> (0x00000007097b4a20) 
thrown [s\open\src\hotspot\share\classfile\systemDictionary.cpp, line 256]
Event: 7.760 Thread 0x000001ee691459d0 Exception <a 'java/lang/NoSuchMethodError'{0x00000007097c8628}: 'void java.lang.invoke.DirectMethodHandle$Holder.invokeInterface(java.lang.Object, java.lang.Object, java.lang.Object, int)'> (0x00000007097c8628) 
thrown [s\open\src\hotspot\share\interpreter\linkResolver.cpp, line 759]
Event: 7.760 Thread 0x000001ee691459d0 Exception <a 'java/lang/NoSuchMethodError'{0x00000007097ccc10}: 'void java.lang.invoke.DirectMethodHandle$Holder.invokeSpecial(java.lang.Object, java.lang.Object, java.lang.Object, java.lang.Object, int)'> (0x00000007097ccc10) 
thrown [s\open\src\hotspot\share\interpreter\linkResolver.cpp, line 759]
Event: 7.761 Thread 0x000001ee691459d0 Exception <a 'java/lang/NoSuchMethodError'{0x00000007097d0b60}: 'void java.lang.invoke.DelegatingMethodHandle$Holder.reinvoke_L(java.lang.Object, java.lang.Object, java.lang.Object, int)'> (0x00000007097d0b60) 
thrown [s\open\src\hotspot\share\interpreter\linkResolver.cpp, line 759]
Event: 7.761 Thread 0x000001ee691459d0 Exception <a 'java/lang/NoSuchMethodError'{0x00000007097db1a8}: 'java.lang.Object java.lang.invoke.DelegatingMethodHandle$Holder.delegate(java.lang.Object, java.lang.Object, java.lang.Object, java.lang.Object, int)'> (0x00000007097db1a8) 
thrown [s\open\src\hotspot\share\interpreter\linkResolver.cpp, line 759]
Event: 7.762 Thread 0x000001ee691459d0 Exception <a 'java/lang/NoSuchMethodError'{0x00000007097eb458}: 'int java.lang.invoke.DirectMethodHandle$Holder.invokeSpecial(java.lang.Object, java.lang.Object, java.lang.Object, java.lang.Object, int)'> (0x00000007097eb458) 
thrown [s\open\src\hotspot\share\interpreter\linkResolver.cpp, line 759]
Event: 7.797 Thread 0x000001ee691459d0 Exception <a 'java/lang/NoSuchMethodError'{0x0000000709231e28}: 'java.lang.Object java.lang.invoke.DirectMethodHandle$Holder.invokeStatic(java.lang.Object, java.lang.Object, java.lang.Object, java.lang.Object, int, java.lang.Object)'> (0x0000000709231e28) 
thrown [s\open\src\hotspot\share\interpreter\linkResolver.cpp, line 759]
Event: 7.798 Thread 0x000001ee691459d0 Exception <a 'java/lang/NoSuchMethodError'{0x0000000709239ed0}: 'java.lang.Object java.lang.invoke.Invokers$Holder.linkToTargetMethod(java.lang.Object, java.lang.Object, java.lang.Object, int, java.lang.Object)'> (0x0000000709239ed0) 
thrown [s\open\src\hotspot\share\interpreter\linkResolver.cpp, line 759]
Event: 9.277 Thread 0x000001ee69146900 Exception <a 'java/lang/NoSuchMethodError'{0x0000000708ea6790}: 'java.lang.Object java.lang.invoke.DirectMethodHandle$Holder.invokeStatic(java.lang.Object, int, int)'> (0x0000000708ea6790) 
thrown [s\open\src\hotspot\share\interpreter\linkResolver.cpp, line 759]
Event: 9.277 Thread 0x000001ee69144fb0 Exception <a 'java/lang/NoSuchMethodError'{0x0000000708ee38c8}: 'java.lang.Object java.lang.invoke.DirectMethodHandle$Holder.invokeStatic(java.lang.Object, int, int)'> (0x0000000708ee38c8) 
thrown [s\open\src\hotspot\share\interpreter\linkResolver.cpp, line 759]
Event: 9.277 Thread 0x000001ee69146e10 Exception <a 'java/lang/NoSuchMethodError'{0x0000000708f33e48}: 'java.lang.Object java.lang.invoke.DirectMethodHandle$Holder.invokeStatic(java.lang.Object, int, int)'> (0x0000000708f33e48) 
thrown [s\open\src\hotspot\share\interpreter\linkResolver.cpp, line 759]
Event: 9.278 Thread 0x000001ee691454c0 Exception <a 'java/lang/NoSuchMethodError'{0x0000000708f0a338}: 'java.lang.Object java.lang.invoke.DirectMethodHandle$Holder.invokeStatic(java.lang.Object, int, int)'> (0x0000000708f0a338) 
thrown [s\open\src\hotspot\share\interpreter\linkResolver.cpp, line 759]

VM Operations (20 events):
Event: 6.899 Executing VM operation: ICBufferFull done
Event: 6.916 Executing VM operation: HandshakeAllThreads
Event: 6.916 Executing VM operation: HandshakeAllThreads done
Event: 6.917 Executing VM operation: HandshakeAllThreads
Event: 6.917 Executing VM operation: HandshakeAllThreads done
Event: 7.009 Executing VM operation: G1CollectForAllocation
Event: 7.013 Executing VM operation: G1CollectForAllocation done
Event: 7.417 Executing VM operation: HandshakeAllThreads
Event: 7.417 Executing VM operation: HandshakeAllThreads done
Event: 7.419 Executing VM operation: HandshakeAllThreads
Event: 7.419 Executing VM operation: HandshakeAllThreads done
Event: 7.451 Executing VM operation: ICBufferFull
Event: 7.451 Executing VM operation: ICBufferFull done
Event: 7.455 Executing VM operation: HandshakeAllThreads
Event: 7.455 Executing VM operation: HandshakeAllThreads done
Event: 7.584 Executing VM operation: G1CollectForAllocation
Event: 7.589 Executing VM operation: G1CollectForAllocation done
Event: 8.592 Executing VM operation: Cleanup
Event: 8.592 Executing VM operation: Cleanup done
Event: 9.594 Executing VM operation: Cleanup

Events (20 events):
Event: 7.800 loading class java/util/concurrent/atomic/LongAccumulator
Event: 7.800 loading class java/util/concurrent/atomic/LongAccumulator done
Event: 8.219 Thread 0x000001ee1e8d6360 Thread exited: 0x000001ee1e8d6360
Event: 8.219 Thread 0x000001ee64230a80 Thread exited: 0x000001ee64230a80
Event: 9.178 loading class java/io/WriteAbortedException
Event: 9.178 loading class java/io/WriteAbortedException done
Event: 9.179 loading class sun/security/provider/SecureRandom
Event: 9.179 loading class sun/security/provider/SecureRandom done
Event: 9.179 loading class sun/security/provider/SecureRandom$SeederHolder
Event: 9.179 loading class sun/security/provider/SecureRandom$SeederHolder done
Event: 9.219 Thread 0x000001ee66cbab30 Thread added: 0x000001ee66cbab30
Event: 9.226 Thread 0x000001ee66cbbb20 Thread added: 0x000001ee66cbbb20
Event: 9.274 loading class java/util/concurrent/locks/ReentrantReadWriteLock$Sync$HoldCounter
Event: 9.274 loading class java/util/concurrent/locks/ReentrantReadWriteLock$Sync$HoldCounter done
Event: 9.279 loading class java/util/ArrayList$SubList$2
Event: 9.279 loading class java/util/ArrayList$SubList$2 done
Event: 9.300 loading class java/time/format/DateTimeFormatterBuilder$ZoneTextPrinterParser
Event: 9.300 loading class java/time/format/DateTimeFormatterBuilder$ZoneTextPrinterParser done
Event: 9.300 loading class java/time/format/DateTimeFormatterBuilder$ReducedPrinterParser
Event: 9.300 loading class java/time/format/DateTimeFormatterBuilder$ReducedPrinterParser done


Dynamic libraries:
0x00007ff7c1340000 - 0x00007ff7c1350000 	C:\Program Files\Java\jdk-17\bin\java.exe
0x00007ffbcf520000 - 0x00007ffbcf786000 	C:\WINDOWS\SYSTEM32\ntdll.dll
0x00007ffbcee20000 - 0x00007ffbceee9000 	C:\WINDOWS\System32\KERNEL32.DLL
0x00007ffbccf10000 - 0x00007ffbcd2dc000 	C:\WINDOWS\System32\KERNELBASE.dll
0x00007ffbcc960000 - 0x00007ffbccaab000 	C:\WINDOWS\System32\ucrtbase.dll
0x00007ffbb6260000 - 0x00007ffbb6279000 	C:\Program Files\Java\jdk-17\bin\jli.dll
0x00007ffbcf320000 - 0x00007ffbcf3d2000 	C:\WINDOWS\System32\ADVAPI32.dll
0x00007ffbb35e0000 - 0x00007ffbb35fb000 	C:\Program Files\Java\jdk-17\bin\VCRUNTIME140.dll
0x00007ffbcdf10000 - 0x00007ffbcdfb9000 	C:\WINDOWS\System32\msvcrt.dll
0x00007ffbcf1d0000 - 0x00007ffbcf276000 	C:\WINDOWS\System32\sechost.dll
0x00007ffbcefb0000 - 0x00007ffbcf0c6000 	C:\WINDOWS\System32\RPCRT4.dll
0x00007ffbcdcc0000 - 0x00007ffbcde8a000 	C:\WINDOWS\System32\USER32.dll
0x00007ffbccab0000 - 0x00007ffbccad7000 	C:\WINDOWS\System32\win32u.dll
0x00007ffbceef0000 - 0x00007ffbcef1b000 	C:\WINDOWS\System32\GDI32.dll
0x00007ffbb8a60000 - 0x00007ffbb8cfa000 	C:\WINDOWS\WinSxS\amd64_microsoft.windows.common-controls_6595b64144ccf1df_6.0.26100.3912_none_3e07963ce335137e\COMCTL32.dll
0x00007ffbccd10000 - 0x00007ffbcce42000 	C:\WINDOWS\System32\gdi32full.dll
0x00007ffbccae0000 - 0x00007ffbccb83000 	C:\WINDOWS\System32\msvcp_win.dll
0x00007ffbc5b70000 - 0x00007ffbc5b7b000 	C:\WINDOWS\SYSTEM32\VERSION.dll
0x00007ffbce230000 - 0x00007ffbce260000 	C:\WINDOWS\System32\IMM32.DLL
0x00007ffbbbfe0000 - 0x00007ffbbbfec000 	C:\Program Files\Java\jdk-17\bin\vcruntime140_1.dll
0x00007ffba9f90000 - 0x00007ffbaa01e000 	C:\Program Files\Java\jdk-17\bin\msvcp140.dll
0x00007ffb75d70000 - 0x00007ffb76951000 	C:\Program Files\Java\jdk-17\bin\server\jvm.dll
0x00007ffbce270000 - 0x00007ffbce278000 	C:\WINDOWS\System32\PSAPI.DLL
0x00007ffbc94a0000 - 0x00007ffbc94aa000 	C:\WINDOWS\SYSTEM32\WSOCK32.dll
0x00007ffbcde90000 - 0x00007ffbcdf04000 	C:\WINDOWS\System32\WS2_32.dll
0x00007ffbbcf90000 - 0x00007ffbbcfc6000 	C:\WINDOWS\SYSTEM32\WINMM.dll
0x00007ffbcb500000 - 0x00007ffbcb51a000 	C:\WINDOWS\SYSTEM32\kernel.appcore.dll
0x00007ffbba700000 - 0x00007ffbba70a000 	C:\Program Files\Java\jdk-17\bin\jimage.dll
0x00007ffbba760000 - 0x00007ffbba9a1000 	C:\WINDOWS\SYSTEM32\DBGHELP.DLL
0x00007ffbce430000 - 0x00007ffbce7b4000 	C:\WINDOWS\System32\combase.dll
0x00007ffbcda10000 - 0x00007ffbcdaf0000 	C:\WINDOWS\System32\OLEAUT32.dll
0x00007ffbc9400000 - 0x00007ffbc9439000 	C:\WINDOWS\SYSTEM32\dbgcore.DLL
0x00007ffbcc8c0000 - 0x00007ffbcc959000 	C:\WINDOWS\System32\bcryptPrimitives.dll
0x00007ffbb1bd0000 - 0x00007ffbb1bf5000 	C:\Program Files\Java\jdk-17\bin\java.dll
0x00007ffb7f0c0000 - 0x00007ffb7f197000 	C:\Program Files\Java\jdk-17\bin\jsvml.dll
0x00007ffbcd2e0000 - 0x00007ffbcda0d000 	C:\WINDOWS\System32\SHELL32.dll
0x00007ffbcc740000 - 0x00007ffbcc8b4000 	C:\WINDOWS\System32\wintypes.dll
0x00007ffbca360000 - 0x00007ffbcabb6000 	C:\WINDOWS\SYSTEM32\windows.storage.dll
0x00007ffbcf3e0000 - 0x00007ffbcf4cf000 	C:\WINDOWS\System32\SHCORE.dll
0x00007ffbce1a0000 - 0x00007ffbce209000 	C:\WINDOWS\System32\shlwapi.dll
0x00007ffbcc5c0000 - 0x00007ffbcc5ef000 	C:\WINDOWS\SYSTEM32\profapi.dll
0x00007ffbb26a0000 - 0x00007ffbb26b9000 	C:\Program Files\Java\jdk-17\bin\net.dll
0x00007ffbc6580000 - 0x00007ffbc669e000 	C:\WINDOWS\SYSTEM32\WINHTTP.dll
0x00007ffbcbb00000 - 0x00007ffbcbb6a000 	C:\WINDOWS\system32\mswsock.dll
0x00007ffbb1ea0000 - 0x00007ffbb1eb6000 	C:\Program Files\Java\jdk-17\bin\nio.dll
0x00007ffbb35c0000 - 0x00007ffbb35d8000 	C:\Program Files\Java\jdk-17\bin\zip.dll
0x00007ffbb60f0000 - 0x00007ffbb60fa000 	C:\Program Files\Java\jdk-17\bin\management.dll
0x00007ffbb3360000 - 0x00007ffbb336b000 	C:\Program Files\Java\jdk-17\bin\management_ext.dll
0x00007ffbb1bc0000 - 0x00007ffbb1bce000 	C:\Program Files\Java\jdk-17\bin\sunmscapi.dll
0x00007ffbccb90000 - 0x00007ffbccd07000 	C:\WINDOWS\System32\CRYPT32.dll
0x00007ffbcbfb0000 - 0x00007ffbcbfe0000 	C:\WINDOWS\SYSTEM32\ncrypt.dll
0x00007ffbcbf60000 - 0x00007ffbcbf9f000 	C:\WINDOWS\SYSTEM32\NTASN1.dll
0x00007ffbcbda0000 - 0x00007ffbcbdbc000 	C:\WINDOWS\SYSTEM32\CRYPTSP.dll
0x00007ffbcb440000 - 0x00007ffbcb47a000 	C:\WINDOWS\system32\rsaenh.dll
0x00007ffbcbba0000 - 0x00007ffbcbbcb000 	C:\WINDOWS\SYSTEM32\USERENV.dll
0x00007ffbcc590000 - 0x00007ffbcc5b6000 	C:\WINDOWS\SYSTEM32\bcrypt.dll
0x00007ffbcbdc0000 - 0x00007ffbcbdcc000 	C:\WINDOWS\SYSTEM32\CRYPTBASE.dll
0x00007ffbcaeb0000 - 0x00007ffbcaee3000 	C:\WINDOWS\SYSTEM32\IPHLPAPI.DLL
0x00007ffbcf310000 - 0x00007ffbcf31a000 	C:\WINDOWS\System32\NSI.dll
0x00007ffbc63e0000 - 0x00007ffbc63ff000 	C:\WINDOWS\SYSTEM32\dhcpcsvc6.DLL
0x00007ffbc63b0000 - 0x00007ffbc63d5000 	C:\WINDOWS\SYSTEM32\dhcpcsvc.DLL
0x00007ffbcaef0000 - 0x00007ffbcb017000 	C:\WINDOWS\SYSTEM32\DNSAPI.dll
0x00007ffbba570000 - 0x00007ffbba580000 	C:\Program Files\Java\jdk-17\bin\verify.dll
0x00007ffbc5010000 - 0x00007ffbc501b000 	C:\Windows\System32\rasadhlp.dll
0x00007ffbc5b80000 - 0x00007ffbc5c06000 	C:\WINDOWS\System32\fwpuclnt.dll
0x00007ffbafb60000 - 0x00007ffbafb68000 	C:\WINDOWS\system32\wshunix.dll

dbghelp: loaded successfully - version: 4.0.5 - missing functions: none
symbol engine: initialized successfully - sym options: 0x614 - pdb path: .;C:\Program Files\Java\jdk-17\bin;C:\WINDOWS\SYSTEM32;C:\WINDOWS\WinSxS\amd64_microsoft.windows.common-controls_6595b64144ccf1df_6.0.26100.3912_none_3e07963ce335137e;C:\Program Files\Java\jdk-17\bin\server

VM Arguments:
jvm_args: -Dfile.encoding=UTF-8 -Duser.country=KR -Duser.language=ko -Duser.variant 
java_command: com.example.greenprojectB.GreenprojectBApplication
java_class_path (initial): D:\springProject\springboot\works\greenprojectB\build\classes\java\main;D:\springProject\springboot\works\greenprojectB\build\resources\main;C:\Users\green\.gradle\caches\modules-2\files-2.1\org.springframework.boot\spring-boot-devtools\3.5.0\982d5bb2a4aa2728144cd02dbd4671200ac5e062\spring-boot-devtools-3.5.0.jar;C:\Users\green\.gradle\caches\modules-2\files-2.1\org.springframework.boot\spring-boot-starter-data-jpa\3.5.0\1f1b632678d5516b5866a82b282541b18f6bf84c\spring-boot-starter-data-jpa-3.5.0.jar;C:\Users\green\.gradle\caches\modules-2\files-2.1\org.springframework.boot\spring-boot-starter-security\3.5.0\f33d61f93d8a0ded9a1142996d2663105a237e76\spring-boot-starter-security-3.5.0.jar;C:\Users\green\.gradle\caches\modules-2\files-2.1\org.springframework.boot\spring-boot-starter-validation\3.5.0\76a06881cdb0d47b3fd937ce26d874d5fc2c10fa\spring-boot-starter-validation-3.5.0.jar;C:\Users\green\.gradle\caches\modules-2\files-2.1\org.springframework.boot\spring-boot-starter-thymeleaf\3.5.0\d270a37351ef3dfc3fbde3feac3d3c9710337c20\spring-boot-starter-thymeleaf-3.5.0.jar;C:\Users\green\.gradle\caches\modules-2\files-2.1\org.springframework.boot\spring-boot-starter-web\3.5.0\29c6198f7e5cd7c4b9a27045d93879e161d6cdd0\spring-boot-starter-web-3.5.0.jar;C:\Users\green\.gradle\caches\modules-2\files-2.1\org.springframework.boot\spring-boot-starter-jdbc\3.5.0\5e0188ba4c52ec7ba36b1618ff7f9738bffa1eb\spring-boot-starter-jdbc-3.5.0.jar;C:\Users\green\.gradle\caches\modules-2\files-2.1\org.springframework.boot\spring-boot-starter-json\3.5.0\af98a526ea3f68c179a6c6199bb1dbe864f43b93\spring-boot-starter-json-3.5.0.jar;C:\Users\green\.gradle\caches\modules-2\files-2.1\org.springframework.boot\spring-boot-starter\3.5.0\f8b02201e89d294514420a586624aa7338d61f4f\spring-boot-starter-3.5.0.jar;C:\Users\green\.gradle\caches\modules-2\files-2.1\nz.net.ultraq.thymeleaf\thymeleaf-layout-dialect\3.3.0\275da01788302e514c0549a4db5fa6b29ef84ba6\thymeleaf-layout-dialect-3.3.
Launcher Type: SUN_STANDARD

[Global flags]
     intx CICompilerCount                          = 4                                         {product} {ergonomic}
     uint ConcGCThreads                            = 3                                         {product} {ergonomic}
     uint G1ConcRefinementThreads                  = 10                                        {product} {ergonomic}
   size_t G1HeapRegionSize                         = 2097152                                   {product} {ergonomic}
    uintx GCDrainStackTargetSize                   = 64                                        {product} {ergonomic}
   size_t InitialHeapSize                          = 266338304                                 {product} {ergonomic}
   size_t MarkStackSize                            = 4194304                                   {product} {ergonomic}
   size_t MaxHeapSize                              = 4244635648                                {product} {ergonomic}
   size_t MaxNewSize                               = 2545942528                                {product} {ergonomic}
   size_t MinHeapDeltaBytes                        = 2097152                                   {product} {ergonomic}
   size_t MinHeapSize                              = 8388608                                   {product} {ergonomic}
    uintx NonNMethodCodeHeapSize                   = 5839372                                {pd product} {ergonomic}
    uintx NonProfiledCodeHeapSize                  = 122909434                              {pd product} {ergonomic}
    uintx ProfiledCodeHeapSize                     = 122909434                              {pd product} {ergonomic}
    uintx ReservedCodeCacheSize                    = 251658240                              {pd product} {ergonomic}
     bool SegmentedCodeCache                       = true                                      {product} {ergonomic}
   size_t SoftMaxHeapSize                          = 4244635648                             {manageable} {ergonomic}
     bool UseCompressedClassPointers               = true                           {product lp64_product} {ergonomic}
     bool UseCompressedOops                        = true                           {product lp64_product} {ergonomic}
     bool UseG1GC                                  = true                                      {product} {ergonomic}
     bool UseLargePagesIndividualAllocation        = false                                  {pd product} {ergonomic}

Logging:
Log output configuration:
 #0: stdout all=warning uptime,level,tags
 #1: stderr all=off uptime,level,tags

Environment Variables:
JAVA_HOME=C:\Program Files\Java\jdk-17
PATH=%JAVA_HOME%bin;C:\Program Files\Java\jdk-17\bin;C:\Program Files\Common Files\Oracle\Java\javapath;C:\WINDOWS\system32;C:\WINDOWS;C:\WINDOWS\System32\Wbem;C:\WINDOWS\System32\WindowsPowerShell\v1.0\;C:\WINDOWS\System32\OpenSSH\;C:\Program Files\Git\cmd;C:\Users\green\AppData\Local\Microsoft\WindowsApps;C:\Program Files\Bandizip\;C:\Program Files\JetBrains\IntelliJ IDEA Community Edition 2024.2\bin;
USERNAME=green
OS=Windows_NT
PROCESSOR_IDENTIFIER=Intel64 Family 6 Model 158 Stepping 10, GenuineIntel



---------------  S Y S T E M  ---------------

OS:
 Windows 11 , 64 bit Build 26100 (10.0.26100.3912)
OS uptime: 11 days 0:07 hours

CPU: total 12 (initial active 12) (6 cores per cpu, 2 threads per core) family 6 model 158 stepping 10 microcode 0xde, cx8, cmov, fxsr, ht, mmx, 3dnowpref, sse, sse2, sse3, ssse3, sse4.1, sse4.2, popcnt, lzcnt, tsc, tscinvbit, avx, avx2, aes, erms, clmul, bmi1, bmi2, rtm, adx, fma, vzeroupper, clflush, clflushopt

Memory: 4k page, system-wide physical 16190M (3919M free)
TotalPageFile size 30403M (AvailPageFile size 33M)
current process WorkingSet (physical memory assigned to process): 331M, peak: 377M
current process commit charge ("private bytes"): 368M, peak: 425M

vm_info: Java HotSpot(TM) 64-Bit Server VM (17.0.9+11-LTS-201) for windows-amd64 JRE (17.0.9+11-LTS-201), built on Oct 10 2023 23:16:06 by "mach5one" with MS VC++ 17.1 (VS2022)

END.
