#
# There is insufficient memory for the Java Runtime Environment to continue.
# Native memory allocation (malloc) failed to allocate 2122048 bytes for Chunk::new
# Possible reasons:
#   The system is out of physical RAM or swap space
#   The process is running with CompressedOops enabled, and the Java Heap may be blocking the growth of the native heap
# Possible solutions:
#   Reduce memory load on the system
#   Increase physical memory or swap space
#   Check if swap backing store is full
#   Decrease Java heap size (-Xmx/-Xms)
#   Decrease number of Java threads
#   Decrease Java thread stack sizes (-Xss)
#   Set larger code cache with -XX:ReservedCodeCacheSize=
#   JVM is running with Zero Based Compressed Oops mode in which the Java heap is
#     placed in the first 32GB address space. The Java Heap base address is the
#     maximum limit for the native heap growth. Please use -XX:HeapBaseMinAddress
#     to set the Java Heap base and to place the Java Heap above 32GB virtual address.
# This output file may be truncated or incomplete.
#
#  Out of Memory Error (arena.cpp:189), pid=6980, tid=7860
#
# JRE version: Java(TM) SE Runtime Environment (17.0.9+11) (build 17.0.9+11-LTS-201)
# Java VM: Java HotSpot(TM) 64-Bit Server VM (17.0.9+11-LTS-201, mixed mode, sharing, tiered, compressed oops, compressed class ptrs, g1 gc, windows-amd64)
# No core dump will be written. Minidumps are not enabled by default on client versions of Windows
#

---------------  S U M M A R Y ------------

Command Line: -Dfile.encoding=UTF-8 -Duser.country=KR -Duser.language=ko -Duser.variant com.example.greenprojectB.GreenprojectBApplication

Host: Intel(R) Core(TM) i7-8700K CPU @ 3.70GHz, 12 cores, 15G,  Windows 11 , 64 bit Build 26100 (10.0.26100.3912)
Time: Tue May 27 17:50:38 2025  Windows 11 , 64 bit Build 26100 (10.0.26100.3912) elapsed time: 6.046352 seconds (0d 0h 0m 6s)

---------------  T H R E A D  ---------------

Current thread (0x0000022171bdb950):  JavaThread "C2 CompilerThread2" daemon [_thread_in_native, id=7860, stack(0x000000644ae00000,0x000000644af00000)]


Current CompileTask:
C2:   6046 1533       4       org.springframework.boot.context.config.ConfigDataEnvironmentContributor$ContributorIterator::fetchIfNecessary (153 bytes)

Stack: [0x000000644ae00000,0x000000644af00000]
Native frames: (J=compiled Java code, j=interpreted, Vv=VM code, C=native code)
V  [jvm.dll+0x678a4a]
V  [jvm.dll+0x7d9cfd]
V  [jvm.dll+0x7db60e]
V  [jvm.dll+0x7dbc73]
V  [jvm.dll+0x245e1f]
V  [jvm.dll+0xaaafb]
V  [jvm.dll+0xab09c]
V  [jvm.dll+0x36237e]
V  [jvm.dll+0x32ca01]
V  [jvm.dll+0x32be9a]
V  [jvm.dll+0x21812f]
V  [jvm.dll+0x217561]
V  [jvm.dll+0x1a3bc0]
V  [jvm.dll+0x2272de]
V  [jvm.dll+0x22548b]
V  [jvm.dll+0x78f58c]
V  [jvm.dll+0x78998a]
V  [jvm.dll+0x677875]
C  [ucrtbase.dll+0x37b0]
C  [KERNEL32.DLL+0x2e8d7]
C  [ntdll.dll+0x9c5dc]


---------------  P R O C E S S  ---------------

Threads class SMR info:
_java_thread_list=0x000002217637d520, length=16, elements={
0x000002214df32860, 0x00000221716240a0, 0x0000022171624c60, 0x0000022171641f20,
0x00000221716429f0, 0x00000221716435b0, 0x0000022171645f80, 0x0000022171647c40,
0x000002217164adc0, 0x00000221716536e0, 0x0000022171a43130, 0x0000022171a47e40,
0x0000022171bd8980, 0x0000022171bdb950, 0x0000022176834620, 0x0000022176b52210
}

Java Threads: ( => current thread )
  0x000002214df32860 JavaThread "main" [_thread_blocked, id=19744, stack(0x0000006449a00000,0x0000006449b00000)]
  0x00000221716240a0 JavaThread "Reference Handler" daemon [_thread_blocked, id=22608, stack(0x000000644a100000,0x000000644a200000)]
  0x0000022171624c60 JavaThread "Finalizer" daemon [_thread_blocked, id=26900, stack(0x000000644a200000,0x000000644a300000)]
  0x0000022171641f20 JavaThread "Signal Dispatcher" daemon [_thread_blocked, id=19808, stack(0x000000644a300000,0x000000644a400000)]
  0x00000221716429f0 JavaThread "Attach Listener" daemon [_thread_blocked, id=2948, stack(0x000000644a400000,0x000000644a500000)]
  0x00000221716435b0 JavaThread "Service Thread" daemon [_thread_blocked, id=25200, stack(0x000000644a500000,0x000000644a600000)]
  0x0000022171645f80 JavaThread "Monitor Deflation Thread" daemon [_thread_blocked, id=5544, stack(0x000000644a600000,0x000000644a700000)]
  0x0000022171647c40 JavaThread "C2 CompilerThread0" daemon [_thread_in_native, id=24216, stack(0x000000644a700000,0x000000644a800000)]
  0x000002217164adc0 JavaThread "C1 CompilerThread0" daemon [_thread_in_native, id=26840, stack(0x000000644a800000,0x000000644a900000)]
  0x00000221716536e0 JavaThread "Sweeper thread" daemon [_thread_blocked, id=7672, stack(0x000000644a900000,0x000000644aa00000)]
  0x0000022171a43130 JavaThread "Notification Thread" daemon [_thread_blocked, id=25432, stack(0x000000644aa00000,0x000000644ab00000)]
  0x0000022171a47e40 JavaThread "Common-Cleaner" daemon [_thread_blocked, id=12636, stack(0x000000644ac00000,0x000000644ad00000)]
  0x0000022171bd8980 JavaThread "C2 CompilerThread1" daemon [_thread_in_native, id=20440, stack(0x000000644ad00000,0x000000644ae00000)]
=>0x0000022171bdb950 JavaThread "C2 CompilerThread2" daemon [_thread_in_native, id=7860, stack(0x000000644ae00000,0x000000644af00000)]
  0x0000022176834620 JavaThread "Thread-0" [_thread_blocked, id=6104, stack(0x000000644b400000,0x000000644b500000)]
  0x0000022176b52210 JavaThread "restartedMain" [_thread_in_Java, id=21004, stack(0x000000644b500000,0x000000644b600000)]

Other Threads:
  0x00000221716206f0 VMThread "VM Thread" [stack: 0x000000644a000000,0x000000644a100000] [id=17828]
  0x000002214dfd5380 WatcherThread [stack: 0x000000644ab00000,0x000000644ac00000] [id=15332]
  0x000002214dfa0320 GCTaskThread "GC Thread#0" [stack: 0x0000006449b00000,0x0000006449c00000] [id=24976]
  0x0000022176b3ecc0 GCTaskThread "GC Thread#1" [stack: 0x000000644af00000,0x000000644b000000] [id=3804]
  0x0000022176b3c030 GCTaskThread "GC Thread#2" [stack: 0x000000644b000000,0x000000644b100000] [id=9920]
  0x0000022176b3c2f0 GCTaskThread "GC Thread#3" [stack: 0x000000644b100000,0x000000644b200000] [id=25688]
  0x0000022176810bc0 GCTaskThread "GC Thread#4" [stack: 0x000000644b200000,0x000000644b300000] [id=5580]
  0x0000022176810e80 GCTaskThread "GC Thread#5" [stack: 0x000000644b300000,0x000000644b400000] [id=22684]
  0x0000022176d17130 GCTaskThread "GC Thread#6" [stack: 0x000000644b600000,0x000000644b700000] [id=13892]
  0x000002217714cf00 GCTaskThread "GC Thread#7" [stack: 0x000000644b700000,0x000000644b800000] [id=19580]
  0x000002214dfb0f70 ConcurrentGCThread "G1 Main Marker" [stack: 0x0000006449c00000,0x0000006449d00000] [id=2700]
  0x000002214dfb3660 ConcurrentGCThread "G1 Conc#0" [stack: 0x0000006449d00000,0x0000006449e00000] [id=5008]
  0x000002214dfee4f0 ConcurrentGCThread "G1 Refine#0" [stack: 0x0000006449e00000,0x0000006449f00000] [id=7956]
  0x0000022171550c00 ConcurrentGCThread "G1 Service" [stack: 0x0000006449f00000,0x000000644a000000] [id=12760]

Threads with active compile tasks:
C2 CompilerThread0     6069 1556       4       org.springframework.boot.context.config.ConfigDataEnvironmentContributor$ContributorIterator::hasNext (13 bytes)
C1 CompilerThread0     6069 1784       3       jdk.internal.org.objectweb.asm.FieldVisitor::<init> (88 bytes)
C2 CompilerThread1     6069 1777       4       java.util.stream.Nodes$SpinedNodeBuilder::accept (29 bytes)
C2 CompilerThread2     6069 1533       4       org.springframework.boot.context.config.ConfigDataEnvironmentContributor$ContributorIterator::fetchIfNecessary (153 bytes)

VM state: not at safepoint (normal execution)

VM Mutex/Monitor currently owned by a thread: None

Heap address: 0x0000000703000000, size: 4048 MB, Compressed Oops mode: Zero based, Oop shift amount: 3

CDS archive(s) mapped at: [0x0000022100000000-0x0000022100bd0000-0x0000022100bd0000), size 12386304, SharedBaseAddress: 0x0000022100000000, ArchiveRelocationMode: 1.
Compressed class space mapped at: 0x0000022101000000-0x0000022141000000, reserved size: 1073741824
Narrow klass base: 0x0000022100000000, Narrow klass shift: 0, Narrow klass range: 0x100000000

GC Precious Log:
 CPUs: 12 total, 12 available
 Memory: 16190M
 Large Page Support: Disabled
 NUMA Support: Disabled
 Compressed Oops: Enabled (Zero based)
 Heap Region Size: 2M
 Heap Min Capacity: 8M
 Heap Initial Capacity: 254M
 Heap Max Capacity: 4048M
 Pre-touch: Disabled
 Parallel Workers: 10
 Concurrent Workers: 3
 Concurrent Refinement Workers: 10
 Periodic GC: Disabled

Heap:
 garbage-first heap   total 260096K, used 9703K [0x0000000703000000, 0x0000000800000000)
  region size 2048K, 2 young (4096K), 1 survivors (2048K)
 Metaspace       used 9324K, committed 9600K, reserved 1114112K
  class space    used 1226K, committed 1344K, reserved 1048576K

Heap Regions: E=young(eden), S=young(survivor), O=old, HS=humongous(starts), HC=humongous(continues), CS=collection set, F=free, OA=open archive, CA=closed archive, TAMS=top-at-mark-start (previous, next)
|   0|0x0000000703000000, 0x0000000703200000, 0x0000000703200000|100%| O|  |TAMS 0x0000000703000000, 0x0000000703000000| Untracked 
|   1|0x0000000703200000, 0x0000000703400000, 0x0000000703400000|100%| O|  |TAMS 0x0000000703200000, 0x0000000703200000| Untracked 
|   2|0x0000000703400000, 0x0000000703600000, 0x0000000703600000|100%| O|  |TAMS 0x0000000703400000, 0x0000000703400000| Untracked 
|   3|0x0000000703600000, 0x00000007037a3c00, 0x0000000703800000| 81%| O|  |TAMS 0x0000000703600000, 0x0000000703600000| Untracked 
|   4|0x0000000703800000, 0x0000000703800000, 0x0000000703a00000|  0%| F|  |TAMS 0x0000000703800000, 0x0000000703800000| Untracked 
|   5|0x0000000703a00000, 0x0000000703a00000, 0x0000000703c00000|  0%| F|  |TAMS 0x0000000703a00000, 0x0000000703a00000| Untracked 
|   6|0x0000000703c00000, 0x0000000703c00000, 0x0000000703e00000|  0%| F|  |TAMS 0x0000000703c00000, 0x0000000703c00000| Untracked 
|   7|0x0000000703e00000, 0x0000000703e00000, 0x0000000704000000|  0%| F|  |TAMS 0x0000000703e00000, 0x0000000703e00000| Untracked 
|   8|0x0000000704000000, 0x0000000704000000, 0x0000000704200000|  0%| F|  |TAMS 0x0000000704000000, 0x0000000704000000| Untracked 
|   9|0x0000000704200000, 0x0000000704200000, 0x0000000704400000|  0%| F|  |TAMS 0x0000000704200000, 0x0000000704200000| Untracked 
|  10|0x0000000704400000, 0x0000000704400000, 0x0000000704600000|  0%| F|  |TAMS 0x0000000704400000, 0x0000000704400000| Untracked 
|  11|0x0000000704600000, 0x0000000704600000, 0x0000000704800000|  0%| F|  |TAMS 0x0000000704600000, 0x0000000704600000| Untracked 
|  12|0x0000000704800000, 0x0000000704800000, 0x0000000704a00000|  0%| F|  |TAMS 0x0000000704800000, 0x0000000704800000| Untracked 
|  13|0x0000000704a00000, 0x0000000704a00000, 0x0000000704c00000|  0%| F|  |TAMS 0x0000000704a00000, 0x0000000704a00000| Untracked 
|  14|0x0000000704c00000, 0x0000000704c00000, 0x0000000704e00000|  0%| F|  |TAMS 0x0000000704c00000, 0x0000000704c00000| Untracked 
|  15|0x0000000704e00000, 0x0000000704e00000, 0x0000000705000000|  0%| F|  |TAMS 0x0000000704e00000, 0x0000000704e00000| Untracked 
|  16|0x0000000705000000, 0x0000000705000000, 0x0000000705200000|  0%| F|  |TAMS 0x0000000705000000, 0x0000000705000000| Untracked 
|  17|0x0000000705200000, 0x0000000705200000, 0x0000000705400000|  0%| F|  |TAMS 0x0000000705200000, 0x0000000705200000| Untracked 
|  18|0x0000000705400000, 0x0000000705400000, 0x0000000705600000|  0%| F|  |TAMS 0x0000000705400000, 0x0000000705400000| Untracked 
|  19|0x0000000705600000, 0x0000000705600000, 0x0000000705800000|  0%| F|  |TAMS 0x0000000705600000, 0x0000000705600000| Untracked 
|  20|0x0000000705800000, 0x0000000705800000, 0x0000000705a00000|  0%| F|  |TAMS 0x0000000705800000, 0x0000000705800000| Untracked 
|  21|0x0000000705a00000, 0x0000000705a00000, 0x0000000705c00000|  0%| F|  |TAMS 0x0000000705a00000, 0x0000000705a00000| Untracked 
|  22|0x0000000705c00000, 0x0000000705c00000, 0x0000000705e00000|  0%| F|  |TAMS 0x0000000705c00000, 0x0000000705c00000| Untracked 
|  23|0x0000000705e00000, 0x0000000705e00000, 0x0000000706000000|  0%| F|  |TAMS 0x0000000705e00000, 0x0000000705e00000| Untracked 
|  24|0x0000000706000000, 0x0000000706000000, 0x0000000706200000|  0%| F|  |TAMS 0x0000000706000000, 0x0000000706000000| Untracked 
|  25|0x0000000706200000, 0x0000000706200000, 0x0000000706400000|  0%| F|  |TAMS 0x0000000706200000, 0x0000000706200000| Untracked 
|  26|0x0000000706400000, 0x0000000706400000, 0x0000000706600000|  0%| F|  |TAMS 0x0000000706400000, 0x0000000706400000| Untracked 
|  27|0x0000000706600000, 0x0000000706600000, 0x0000000706800000|  0%| F|  |TAMS 0x0000000706600000, 0x0000000706600000| Untracked 
|  28|0x0000000706800000, 0x0000000706800000, 0x0000000706a00000|  0%| F|  |TAMS 0x0000000706800000, 0x0000000706800000| Untracked 
|  29|0x0000000706a00000, 0x0000000706a00000, 0x0000000706c00000|  0%| F|  |TAMS 0x0000000706a00000, 0x0000000706a00000| Untracked 
|  30|0x0000000706c00000, 0x0000000706c00000, 0x0000000706e00000|  0%| F|  |TAMS 0x0000000706c00000, 0x0000000706c00000| Untracked 
|  31|0x0000000706e00000, 0x0000000706e00000, 0x0000000707000000|  0%| F|  |TAMS 0x0000000706e00000, 0x0000000706e00000| Untracked 
|  32|0x0000000707000000, 0x0000000707000000, 0x0000000707200000|  0%| F|  |TAMS 0x0000000707000000, 0x0000000707000000| Untracked 
|  33|0x0000000707200000, 0x0000000707200000, 0x0000000707400000|  0%| F|  |TAMS 0x0000000707200000, 0x0000000707200000| Untracked 
|  34|0x0000000707400000, 0x0000000707400000, 0x0000000707600000|  0%| F|  |TAMS 0x0000000707400000, 0x0000000707400000| Untracked 
|  35|0x0000000707600000, 0x0000000707600000, 0x0000000707800000|  0%| F|  |TAMS 0x0000000707600000, 0x0000000707600000| Untracked 
|  36|0x0000000707800000, 0x0000000707800000, 0x0000000707a00000|  0%| F|  |TAMS 0x0000000707800000, 0x0000000707800000| Untracked 
|  37|0x0000000707a00000, 0x0000000707a00000, 0x0000000707c00000|  0%| F|  |TAMS 0x0000000707a00000, 0x0000000707a00000| Untracked 
|  38|0x0000000707c00000, 0x0000000707c00000, 0x0000000707e00000|  0%| F|  |TAMS 0x0000000707c00000, 0x0000000707c00000| Untracked 
|  39|0x0000000707e00000, 0x0000000707e00000, 0x0000000708000000|  0%| F|  |TAMS 0x0000000707e00000, 0x0000000707e00000| Untracked 
|  40|0x0000000708000000, 0x0000000708000000, 0x0000000708200000|  0%| F|  |TAMS 0x0000000708000000, 0x0000000708000000| Untracked 
|  41|0x0000000708200000, 0x0000000708200000, 0x0000000708400000|  0%| F|  |TAMS 0x0000000708200000, 0x0000000708200000| Untracked 
|  42|0x0000000708400000, 0x0000000708400000, 0x0000000708600000|  0%| F|  |TAMS 0x0000000708400000, 0x0000000708400000| Untracked 
|  43|0x0000000708600000, 0x0000000708600000, 0x0000000708800000|  0%| F|  |TAMS 0x0000000708600000, 0x0000000708600000| Untracked 
|  44|0x0000000708800000, 0x0000000708800000, 0x0000000708a00000|  0%| F|  |TAMS 0x0000000708800000, 0x0000000708800000| Untracked 
|  45|0x0000000708a00000, 0x0000000708a00000, 0x0000000708c00000|  0%| F|  |TAMS 0x0000000708a00000, 0x0000000708a00000| Untracked 
|  46|0x0000000708c00000, 0x0000000708c00000, 0x0000000708e00000|  0%| F|  |TAMS 0x0000000708c00000, 0x0000000708c00000| Untracked 
|  47|0x0000000708e00000, 0x0000000708e00000, 0x0000000709000000|  0%| F|  |TAMS 0x0000000708e00000, 0x0000000708e00000| Untracked 
|  48|0x0000000709000000, 0x0000000709000000, 0x0000000709200000|  0%| F|  |TAMS 0x0000000709000000, 0x0000000709000000| Untracked 
|  49|0x0000000709200000, 0x0000000709200000, 0x0000000709400000|  0%| F|  |TAMS 0x0000000709200000, 0x0000000709200000| Untracked 
|  50|0x0000000709400000, 0x0000000709400000, 0x0000000709600000|  0%| F|  |TAMS 0x0000000709400000, 0x0000000709400000| Untracked 
|  51|0x0000000709600000, 0x0000000709600000, 0x0000000709800000|  0%| F|  |TAMS 0x0000000709600000, 0x0000000709600000| Untracked 
|  52|0x0000000709800000, 0x0000000709800000, 0x0000000709a00000|  0%| F|  |TAMS 0x0000000709800000, 0x0000000709800000| Untracked 
|  53|0x0000000709a00000, 0x0000000709a00000, 0x0000000709c00000|  0%| F|  |TAMS 0x0000000709a00000, 0x0000000709a00000| Untracked 
|  54|0x0000000709c00000, 0x0000000709c00000, 0x0000000709e00000|  0%| F|  |TAMS 0x0000000709c00000, 0x0000000709c00000| Untracked 
|  55|0x0000000709e00000, 0x0000000709e00000, 0x000000070a000000|  0%| F|  |TAMS 0x0000000709e00000, 0x0000000709e00000| Untracked 
|  56|0x000000070a000000, 0x000000070a000000, 0x000000070a200000|  0%| F|  |TAMS 0x000000070a000000, 0x000000070a000000| Untracked 
|  57|0x000000070a200000, 0x000000070a200000, 0x000000070a400000|  0%| F|  |TAMS 0x000000070a200000, 0x000000070a200000| Untracked 
|  58|0x000000070a400000, 0x000000070a400000, 0x000000070a600000|  0%| F|  |TAMS 0x000000070a400000, 0x000000070a400000| Untracked 
|  59|0x000000070a600000, 0x000000070a600000, 0x000000070a800000|  0%| F|  |TAMS 0x000000070a600000, 0x000000070a600000| Untracked 
|  60|0x000000070a800000, 0x000000070a800000, 0x000000070aa00000|  0%| F|  |TAMS 0x000000070a800000, 0x000000070a800000| Untracked 
|  61|0x000000070aa00000, 0x000000070aa00000, 0x000000070ac00000|  0%| F|  |TAMS 0x000000070aa00000, 0x000000070aa00000| Untracked 
|  62|0x000000070ac00000, 0x000000070ac00000, 0x000000070ae00000|  0%| F|  |TAMS 0x000000070ac00000, 0x000000070ac00000| Untracked 
|  63|0x000000070ae00000, 0x000000070ae00000, 0x000000070b000000|  0%| F|  |TAMS 0x000000070ae00000, 0x000000070ae00000| Untracked 
|  64|0x000000070b000000, 0x000000070b000000, 0x000000070b200000|  0%| F|  |TAMS 0x000000070b000000, 0x000000070b000000| Untracked 
|  65|0x000000070b200000, 0x000000070b200000, 0x000000070b400000|  0%| F|  |TAMS 0x000000070b200000, 0x000000070b200000| Untracked 
|  66|0x000000070b400000, 0x000000070b400000, 0x000000070b600000|  0%| F|  |TAMS 0x000000070b400000, 0x000000070b400000| Untracked 
|  67|0x000000070b600000, 0x000000070b600000, 0x000000070b800000|  0%| F|  |TAMS 0x000000070b600000, 0x000000070b600000| Untracked 
|  68|0x000000070b800000, 0x000000070b800000, 0x000000070ba00000|  0%| F|  |TAMS 0x000000070b800000, 0x000000070b800000| Untracked 
|  69|0x000000070ba00000, 0x000000070ba00000, 0x000000070bc00000|  0%| F|  |TAMS 0x000000070ba00000, 0x000000070ba00000| Untracked 
|  70|0x000000070bc00000, 0x000000070bc00000, 0x000000070be00000|  0%| F|  |TAMS 0x000000070bc00000, 0x000000070bc00000| Untracked 
|  71|0x000000070be00000, 0x000000070be00000, 0x000000070c000000|  0%| F|  |TAMS 0x000000070be00000, 0x000000070be00000| Untracked 
|  72|0x000000070c000000, 0x000000070c000000, 0x000000070c200000|  0%| F|  |TAMS 0x000000070c000000, 0x000000070c000000| Untracked 
|  73|0x000000070c200000, 0x000000070c200000, 0x000000070c400000|  0%| F|  |TAMS 0x000000070c200000, 0x000000070c200000| Untracked 
|  74|0x000000070c400000, 0x000000070c400000, 0x000000070c600000|  0%| F|  |TAMS 0x000000070c400000, 0x000000070c400000| Untracked 
|  75|0x000000070c600000, 0x000000070c600000, 0x000000070c800000|  0%| F|  |TAMS 0x000000070c600000, 0x000000070c600000| Untracked 
|  76|0x000000070c800000, 0x000000070c800000, 0x000000070ca00000|  0%| F|  |TAMS 0x000000070c800000, 0x000000070c800000| Untracked 
|  77|0x000000070ca00000, 0x000000070ca00000, 0x000000070cc00000|  0%| F|  |TAMS 0x000000070ca00000, 0x000000070ca00000| Untracked 
|  78|0x000000070cc00000, 0x000000070cc00000, 0x000000070ce00000|  0%| F|  |TAMS 0x000000070cc00000, 0x000000070cc00000| Untracked 
|  79|0x000000070ce00000, 0x000000070ce00000, 0x000000070d000000|  0%| F|  |TAMS 0x000000070ce00000, 0x000000070ce00000| Untracked 
|  80|0x000000070d000000, 0x000000070d000000, 0x000000070d200000|  0%| F|  |TAMS 0x000000070d000000, 0x000000070d000000| Untracked 
|  81|0x000000070d200000, 0x000000070d200000, 0x000000070d400000|  0%| F|  |TAMS 0x000000070d200000, 0x000000070d200000| Untracked 
|  82|0x000000070d400000, 0x000000070d400000, 0x000000070d600000|  0%| F|  |TAMS 0x000000070d400000, 0x000000070d400000| Untracked 
|  83|0x000000070d600000, 0x000000070d600000, 0x000000070d800000|  0%| F|  |TAMS 0x000000070d600000, 0x000000070d600000| Untracked 
|  84|0x000000070d800000, 0x000000070d800000, 0x000000070da00000|  0%| F|  |TAMS 0x000000070d800000, 0x000000070d800000| Untracked 
|  85|0x000000070da00000, 0x000000070da00000, 0x000000070dc00000|  0%| F|  |TAMS 0x000000070da00000, 0x000000070da00000| Untracked 
|  86|0x000000070dc00000, 0x000000070dc00000, 0x000000070de00000|  0%| F|  |TAMS 0x000000070dc00000, 0x000000070dc00000| Untracked 
|  87|0x000000070de00000, 0x000000070de00000, 0x000000070e000000|  0%| F|  |TAMS 0x000000070de00000, 0x000000070de00000| Untracked 
|  88|0x000000070e000000, 0x000000070e000000, 0x000000070e200000|  0%| F|  |TAMS 0x000000070e000000, 0x000000070e000000| Untracked 
|  89|0x000000070e200000, 0x000000070e200000, 0x000000070e400000|  0%| F|  |TAMS 0x000000070e200000, 0x000000070e200000| Untracked 
|  90|0x000000070e400000, 0x000000070e400000, 0x000000070e600000|  0%| F|  |TAMS 0x000000070e400000, 0x000000070e400000| Untracked 
|  91|0x000000070e600000, 0x000000070e600000, 0x000000070e800000|  0%| F|  |TAMS 0x000000070e600000, 0x000000070e600000| Untracked 
|  92|0x000000070e800000, 0x000000070e800000, 0x000000070ea00000|  0%| F|  |TAMS 0x000000070e800000, 0x000000070e800000| Untracked 
|  93|0x000000070ea00000, 0x000000070ea00000, 0x000000070ec00000|  0%| F|  |TAMS 0x000000070ea00000, 0x000000070ea00000| Untracked 
|  94|0x000000070ec00000, 0x000000070ec00000, 0x000000070ee00000|  0%| F|  |TAMS 0x000000070ec00000, 0x000000070ec00000| Untracked 
|  95|0x000000070ee00000, 0x000000070ee00000, 0x000000070f000000|  0%| F|  |TAMS 0x000000070ee00000, 0x000000070ee00000| Untracked 
|  96|0x000000070f000000, 0x000000070f000000, 0x000000070f200000|  0%| F|  |TAMS 0x000000070f000000, 0x000000070f000000| Untracked 
|  97|0x000000070f200000, 0x000000070f200000, 0x000000070f400000|  0%| F|  |TAMS 0x000000070f200000, 0x000000070f200000| Untracked 
|  98|0x000000070f400000, 0x000000070f400000, 0x000000070f600000|  0%| F|  |TAMS 0x000000070f400000, 0x000000070f400000| Untracked 
|  99|0x000000070f600000, 0x000000070f600000, 0x000000070f800000|  0%| F|  |TAMS 0x000000070f600000, 0x000000070f600000| Untracked 
| 100|0x000000070f800000, 0x000000070f800000, 0x000000070fa00000|  0%| F|  |TAMS 0x000000070f800000, 0x000000070f800000| Untracked 
| 101|0x000000070fa00000, 0x000000070fa00000, 0x000000070fc00000|  0%| F|  |TAMS 0x000000070fa00000, 0x000000070fa00000| Untracked 
| 102|0x000000070fc00000, 0x000000070fc00000, 0x000000070fe00000|  0%| F|  |TAMS 0x000000070fc00000, 0x000000070fc00000| Untracked 
| 103|0x000000070fe00000, 0x000000070fe00000, 0x0000000710000000|  0%| F|  |TAMS 0x000000070fe00000, 0x000000070fe00000| Untracked 
| 104|0x0000000710000000, 0x0000000710000000, 0x0000000710200000|  0%| F|  |TAMS 0x0000000710000000, 0x0000000710000000| Untracked 
| 105|0x0000000710200000, 0x0000000710200000, 0x0000000710400000|  0%| F|  |TAMS 0x0000000710200000, 0x0000000710200000| Untracked 
| 106|0x0000000710400000, 0x0000000710400000, 0x0000000710600000|  0%| F|  |TAMS 0x0000000710400000, 0x0000000710400000| Untracked 
| 107|0x0000000710600000, 0x0000000710600000, 0x0000000710800000|  0%| F|  |TAMS 0x0000000710600000, 0x0000000710600000| Untracked 
| 108|0x0000000710800000, 0x0000000710800000, 0x0000000710a00000|  0%| F|  |TAMS 0x0000000710800000, 0x0000000710800000| Untracked 
| 109|0x0000000710a00000, 0x0000000710a00000, 0x0000000710c00000|  0%| F|  |TAMS 0x0000000710a00000, 0x0000000710a00000| Untracked 
| 110|0x0000000710c00000, 0x0000000710c00000, 0x0000000710e00000|  0%| F|  |TAMS 0x0000000710c00000, 0x0000000710c00000| Untracked 
| 111|0x0000000710e00000, 0x0000000710e00000, 0x0000000711000000|  0%| F|  |TAMS 0x0000000710e00000, 0x0000000710e00000| Untracked 
| 112|0x0000000711000000, 0x0000000711000000, 0x0000000711200000|  0%| F|  |TAMS 0x0000000711000000, 0x0000000711000000| Untracked 
| 113|0x0000000711200000, 0x00000007113d6208, 0x0000000711400000| 91%| S|CS|TAMS 0x0000000711200000, 0x0000000711200000| Complete 
| 114|0x0000000711400000, 0x0000000711400000, 0x0000000711600000|  0%| F|  |TAMS 0x0000000711400000, 0x0000000711400000| Untracked 
| 115|0x0000000711600000, 0x0000000711600000, 0x0000000711800000|  0%| F|  |TAMS 0x0000000711600000, 0x0000000711600000| Untracked 
| 116|0x0000000711800000, 0x0000000711800000, 0x0000000711a00000|  0%| F|  |TAMS 0x0000000711800000, 0x0000000711800000| Untracked 
| 117|0x0000000711a00000, 0x0000000711a00000, 0x0000000711c00000|  0%| F|  |TAMS 0x0000000711a00000, 0x0000000711a00000| Untracked 
| 118|0x0000000711c00000, 0x0000000711c00000, 0x0000000711e00000|  0%| F|  |TAMS 0x0000000711c00000, 0x0000000711c00000| Untracked 
| 119|0x0000000711e00000, 0x0000000711e00000, 0x0000000712000000|  0%| F|  |TAMS 0x0000000711e00000, 0x0000000711e00000| Untracked 
| 120|0x0000000712000000, 0x0000000712000000, 0x0000000712200000|  0%| F|  |TAMS 0x0000000712000000, 0x0000000712000000| Untracked 
| 121|0x0000000712200000, 0x0000000712200000, 0x0000000712400000|  0%| F|  |TAMS 0x0000000712200000, 0x0000000712200000| Untracked 
| 122|0x0000000712400000, 0x0000000712400000, 0x0000000712600000|  0%| F|  |TAMS 0x0000000712400000, 0x0000000712400000| Untracked 
| 123|0x0000000712600000, 0x0000000712600000, 0x0000000712800000|  0%| F|  |TAMS 0x0000000712600000, 0x0000000712600000| Untracked 
| 124|0x0000000712800000, 0x0000000712800000, 0x0000000712a00000|  0%| F|  |TAMS 0x0000000712800000, 0x0000000712800000| Untracked 
| 125|0x0000000712a00000, 0x0000000712a00000, 0x0000000712c00000|  0%| F|  |TAMS 0x0000000712a00000, 0x0000000712a00000| Untracked 
| 126|0x0000000712c00000, 0x0000000712d637d0, 0x0000000712e00000| 69%| E|  |TAMS 0x0000000712c00000, 0x0000000712c00000| Complete 

Card table byte_map: [0x0000022165ce0000,0x00000221664d0000] _byte_map_base: 0x00000221624c8000

Marking Bits (Prev, Next): (CMBitMap*) 0x000002214dfa0940, (CMBitMap*) 0x000002214dfa0980
 Prev Bits: [0x0000022166cc0000, 0x000002216ac00000)
 Next Bits: [0x000002216ac00000, 0x000002216eb40000)

Polling page: 0x000002214c730000

Metaspace:

Usage:
  Non-class:      7.92 MB used.
      Class:      1.20 MB used.
       Both:      9.12 MB used.

Virtual space:
  Non-class space:       64.00 MB reserved,       8.06 MB ( 13%) committed,  1 nodes.
      Class space:        1.00 GB reserved,       1.31 MB ( <1%) committed,  1 nodes.
             Both:        1.06 GB reserved,       9.38 MB ( <1%) committed. 

Chunk freelists:
   Non-Class:  7.09 MB
       Class:  14.53 MB
        Both:  21.62 MB

MaxMetaspaceSize: unlimited
CompressedClassSpaceSize: 1.00 GB
Initial GC threshold: 21.00 MB
Current GC threshold: 21.00 MB
CDS: on
MetaspaceReclaimPolicy: balanced
 - commit_granule_bytes: 65536.
 - commit_granule_words: 8192.
 - virtual_space_node_default_size: 8388608.
 - enlarge_chunks_in_place: 1.
 - new_chunks_are_fully_committed: 0.
 - uncommit_free_chunks: 1.
 - use_allocation_guard: 0.
 - handle_deallocations: 1.


Internal statistics:

num_allocs_failed_limit: 0.
num_arena_births: 312.
num_arena_deaths: 0.
num_vsnodes_births: 2.
num_vsnodes_deaths: 0.
num_space_committed: 150.
num_space_uncommitted: 0.
num_chunks_returned_to_freelist: 0.
num_chunks_taken_from_freelist: 626.
num_chunk_merges: 0.
num_chunk_splits: 394.
num_chunks_enlarged: 273.
num_inconsistent_stats: 0.

CodeHeap 'non-profiled nmethods': size=120000Kb used=656Kb max_used=656Kb free=119344Kb
 bounds [0x000002215d330000, 0x000002215d5a0000, 0x0000022164860000]
CodeHeap 'profiled nmethods': size=120000Kb used=3202Kb max_used=3202Kb free=116797Kb
 bounds [0x0000022155860000, 0x0000022155b90000, 0x000002215cd90000]
CodeHeap 'non-nmethods': size=5760Kb used=1166Kb max_used=1208Kb free=4593Kb
 bounds [0x000002215cd90000, 0x000002215d000000, 0x000002215d330000]
 total_blobs=2233 nmethods=1780 adapters=365
 compilation: enabled
              stopped_count=0, restarted_count=0
 full_count=0

Compilation events (20 events):
Event: 5.020 Thread 0x000002217164adc0 1744       3       jdk.internal.reflect.ReflectionFactory::inflationThreshold (4 bytes)
Event: 5.020 Thread 0x000002217164adc0 nmethod 1744 0x0000022155b66590 code [0x0000022155b66720, 0x0000022155b66818]
Event: 5.021 Thread 0x000002217164adc0 1745       3       java.lang.invoke.LambdaFormEditor$TransformKey::of (49 bytes)
Event: 5.021 Thread 0x000002217164adc0 nmethod 1745 0x0000022155b66890 code [0x0000022155b66a80, 0x0000022155b670d8]
Event: 5.021 Thread 0x000002217164adc0 1746       3       java.lang.invoke.LambdaFormEditor$TransformKey::packedBytes (32 bytes)
Event: 5.021 Thread 0x000002217164adc0 nmethod 1746 0x0000022155b67310 code [0x0000022155b674a0, 0x0000022155b675b8]
Event: 5.021 Thread 0x000002217164adc0 1747       3       java.lang.invoke.LambdaFormEditor::bindArgumentType (101 bytes)
Event: 5.022 Thread 0x000002217164adc0 nmethod 1747 0x0000022155b67690 code [0x0000022155b67840, 0x0000022155b67a68]
Event: 5.022 Thread 0x000002217164adc0 1748       3       java.lang.invoke.TypeConvertingMethodAdapter::<init> (8 bytes)
Event: 5.022 Thread 0x000002217164adc0 nmethod 1748 0x0000022155b67b90 code [0x0000022155b67d20, 0x0000022155b67e68]
Event: 5.022 Thread 0x000002217164adc0 1749       3       jdk.internal.org.objectweb.asm.MethodVisitor::visitCode (15 bytes)
Event: 5.022 Thread 0x000002217164adc0 nmethod 1749 0x0000022155b67f10 code [0x0000022155b680c0, 0x0000022155b682c8]
Event: 5.022 Thread 0x000002217164adc0 1750   !   3       java.lang.invoke.InnerClassLambdaMetafactory::generateInnerClass (618 bytes)
Event: 5.024 Thread 0x000002217164adc0 nmethod 1750 0x0000022155b68390 code [0x0000022155b688a0, 0x0000022155b6b2c8]
Event: 5.024 Thread 0x000002217164adc0 1751       3       java.lang.invoke.InnerClassLambdaMetafactory::generateConstructor (154 bytes)
Event: 5.025 Thread 0x000002217164adc0 nmethod 1751 0x0000022155b6c310 code [0x0000022155b6c5e0, 0x0000022155b6d5c8]
Event: 5.025 Thread 0x000002217164adc0 1752       3       java.lang.invoke.InnerClassLambdaMetafactory$ForwardingMethodGenerator::<init> (11 bytes)
Event: 5.025 Thread 0x000002217164adc0 nmethod 1752 0x0000022155b6db10 code [0x0000022155b6dcc0, 0x0000022155b6dec8]
Event: 5.025 Thread 0x000002217164adc0 1753       3       java.lang.reflect.Modifier::isAbstract (14 bytes)
Event: 5.025 Thread 0x000002217164adc0 nmethod 1753 0x0000022155b6df90 code [0x0000022155b6e120, 0x0000022155b6e278]

GC Heap History (2 events):
Event: 0.453 GC heap before
{Heap before GC invocations=0 (full 0):
 garbage-first heap   total 260096K, used 20480K [0x0000000703000000, 0x0000000800000000)
  region size 2048K, 11 young (22528K), 0 survivors (0K)
 Metaspace       used 4058K, committed 4224K, reserved 1114112K
  class space    used 462K, committed 512K, reserved 1048576K
}
Event: 0.456 GC heap after
{Heap after GC invocations=1 (full 0):
 garbage-first heap   total 260096K, used 7978K [0x0000000703000000, 0x0000000800000000)
  region size 2048K, 2 young (4096K), 2 survivors (4096K)
 Metaspace       used 4058K, committed 4224K, reserved 1114112K
  class space    used 462K, committed 512K, reserved 1048576K
}

Deoptimization events (20 events):
Event: 0.715 Thread 0x0000022176b52210 Uncommon trap: trap_request=0xffffff45 fr.pc=0x000002215d381aa0 relative=0x0000000000000400
Event: 0.715 Thread 0x0000022176b52210 Uncommon trap: reason=unstable_if action=reinterpret pc=0x000002215d381aa0 method=java.lang.AbstractStringBuilder.isLatin1()Z @ 10 c2
Event: 0.715 Thread 0x0000022176b52210 DEOPT PACKING pc=0x000002215d381aa0 sp=0x000000644b5fcb00
Event: 0.715 Thread 0x0000022176b52210 DEOPT UNPACKING pc=0x000002215cde23a3 sp=0x000000644b5fca80 mode 2
Event: 0.715 Thread 0x0000022176b52210 Uncommon trap: trap_request=0xffffff45 fr.pc=0x000002215d334eb8 relative=0x0000000000000038
Event: 0.715 Thread 0x0000022176b52210 Uncommon trap: reason=unstable_if action=reinterpret pc=0x000002215d334eb8 method=java.lang.StringLatin1.canEncode(I)Z @ 4 c2
Event: 0.715 Thread 0x0000022176b52210 DEOPT PACKING pc=0x000002215d334eb8 sp=0x000000644b5fc950
Event: 0.715 Thread 0x0000022176b52210 DEOPT UNPACKING pc=0x000002215cde23a3 sp=0x000000644b5fc8e0 mode 2
Event: 2.891 Thread 0x0000022176b52210 Uncommon trap: trap_request=0xffffffc6 fr.pc=0x000002215d39142c relative=0x00000000000004cc
Event: 2.891 Thread 0x0000022176b52210 Uncommon trap: reason=bimorphic_or_optimized_type_check action=maybe_recompile pc=0x000002215d39142c method=java.util.HashMap.getNode(Ljava/lang/Object;)Ljava/util/HashMap$Node; @ 63 c2
Event: 2.891 Thread 0x0000022176b52210 DEOPT PACKING pc=0x000002215d39142c sp=0x000000644b5fdf90
Event: 2.891 Thread 0x0000022176b52210 DEOPT UNPACKING pc=0x000002215cde23a3 sp=0x000000644b5fdf08 mode 2
Event: 2.891 Thread 0x0000022176b52210 Uncommon trap: trap_request=0xffffffc6 fr.pc=0x000002215d39142c relative=0x00000000000004cc
Event: 2.891 Thread 0x0000022176b52210 Uncommon trap: reason=bimorphic_or_optimized_type_check action=maybe_recompile pc=0x000002215d39142c method=java.util.HashMap.getNode(Ljava/lang/Object;)Ljava/util/HashMap$Node; @ 63 c2
Event: 2.892 Thread 0x0000022176b52210 DEOPT PACKING pc=0x000002215d39142c sp=0x000000644b5fdf90
Event: 2.892 Thread 0x0000022176b52210 DEOPT UNPACKING pc=0x000002215cde23a3 sp=0x000000644b5fdf08 mode 2
Event: 2.895 Thread 0x0000022176b52210 Uncommon trap: trap_request=0xffffffc6 fr.pc=0x000002215d39142c relative=0x00000000000004cc
Event: 2.895 Thread 0x0000022176b52210 Uncommon trap: reason=bimorphic_or_optimized_type_check action=maybe_recompile pc=0x000002215d39142c method=java.util.HashMap.getNode(Ljava/lang/Object;)Ljava/util/HashMap$Node; @ 63 c2
Event: 2.895 Thread 0x0000022176b52210 DEOPT PACKING pc=0x000002215d39142c sp=0x000000644b5fdf90
Event: 2.895 Thread 0x0000022176b52210 DEOPT UNPACKING pc=0x000002215cde23a3 sp=0x000000644b5fdf08 mode 2

Classes unloaded (0 events):
No events

Classes redefined (0 events):
No events

Internal exceptions (20 events):
Event: 0.734 Thread 0x0000022176b52210 Exception <a 'java/lang/NoSuchMethodError'{0x0000000711f75a48}: 'int java.lang.invoke.DirectMethodHandle$Holder.invokeVirtual(java.lang.Object, java.lang.Object)'> (0x0000000711f75a48) 
thrown [s\open\src\hotspot\share\interpreter\linkResolver.cpp, line 759]
Event: 0.734 Thread 0x0000022176b52210 Exception <a 'java/lang/NoSuchMethodError'{0x0000000711f79f38}: 'int java.lang.invoke.DirectMethodHandle$Holder.invokeStaticInit(java.lang.Object, int, int)'> (0x0000000711f79f38) 
thrown [s\open\src\hotspot\share\interpreter\linkResolver.cpp, line 759]
Event: 0.734 Thread 0x0000022176b52210 Exception <a 'java/lang/NoSuchMethodError'{0x0000000711f81ac8}: 'int java.lang.invoke.DirectMethodHandle$Holder.invokeStaticInit(java.lang.Object, long, long)'> (0x0000000711f81ac8) 
thrown [s\open\src\hotspot\share\interpreter\linkResolver.cpp, line 759]
Event: 0.734 Thread 0x0000022176b52210 Exception <a 'java/lang/NoSuchMethodError'{0x0000000711f88bc0}: 'int java.lang.invoke.DirectMethodHandle$Holder.invokeStaticInit(java.lang.Object, float, float)'> (0x0000000711f88bc0) 
thrown [s\open\src\hotspot\share\interpreter\linkResolver.cpp, line 759]
Event: 0.735 Thread 0x0000022176b52210 Exception <a 'java/lang/NoSuchMethodError'{0x0000000711f8fcc0}: 'int java.lang.invoke.DirectMethodHandle$Holder.invokeStaticInit(java.lang.Object, double, double)'> (0x0000000711f8fcc0) 
thrown [s\open\src\hotspot\share\interpreter\linkResolver.cpp, line 759]
Event: 0.735 Thread 0x0000022176b52210 Exception <a 'java/lang/NoSuchMethodError'{0x0000000711f94538}: 'int java.lang.invoke.DirectMethodHandle$Holder.invokeStatic(java.lang.Object, long)'> (0x0000000711f94538) 
thrown [s\open\src\hotspot\share\interpreter\linkResolver.cpp, line 759]
Event: 0.737 Thread 0x0000022176b52210 Exception <a 'java/lang/NoSuchMethodError'{0x0000000711fb8cc8}: 'int java.lang.invoke.Invokers$Holder.linkToTargetMethod(java.lang.Object, java.lang.Object)'> (0x0000000711fb8cc8) 
thrown [s\open\src\hotspot\share\interpreter\linkResolver.cpp, line 759]
Event: 0.745 Thread 0x0000022176b52210 Exception <a 'java/lang/NoSuchMethodError'{0x0000000711c3e170}: 'java.lang.Object java.lang.invoke.DirectMethodHandle$Holder.invokeSpecial(java.lang.Object, java.lang.Object, java.lang.Object, int, java.lang.Object)'> (0x0000000711c3e170) 
thrown [s\open\src\hotspot\share\interpreter\linkResolver.cpp, line 759]
Event: 0.746 Thread 0x0000022176b52210 Exception <a 'java/lang/NoSuchMethodError'{0x0000000711c466d8}: 'java.lang.Object java.lang.invoke.DirectMethodHandle$Holder.newInvokeSpecial(java.lang.Object, java.lang.Object, java.lang.Object, int, java.lang.Object)'> (0x0000000711c466d8) 
thrown [s\open\src\hotspot\share\interpreter\linkResolver.cpp, line 759]
Event: 0.746 Thread 0x0000022176b52210 Exception <a 'java/lang/NoSuchMethodError'{0x0000000711c4e0a8}: 'java.lang.Object java.lang.invoke.Invokers$Holder.linkToTargetMethod(java.lang.Object, java.lang.Object, int, java.lang.Object, java.lang.Object)'> (0x0000000711c4e0a8) 
thrown [s\open\src\hotspot\share\interpreter\linkResolver.cpp, line 759]
Event: 0.747 Thread 0x0000022176b52210 Exception <a 'java/lang/NoSuchMethodError'{0x0000000711c5e568}: 'java.lang.Object java.lang.invoke.DirectMethodHandle$Holder.newInvokeSpecial(java.lang.Object, int, java.lang.Object)'> (0x0000000711c5e568) 
thrown [s\open\src\hotspot\share\interpreter\linkResolver.cpp, line 759]
Event: 0.748 Thread 0x0000022176b52210 Exception <a 'java/lang/NoSuchMethodError'{0x0000000711c63038}: 'int java.lang.invoke.DirectMethodHandle$Holder.invokeSpecialIFC(java.lang.Object, java.lang.Object, java.lang.Object, java.lang.Object)'> (0x0000000711c63038) 
thrown [s\open\src\hotspot\share\interpreter\linkResolver.cpp, line 759]
Event: 0.767 Thread 0x0000022176b52210 Exception <a 'java/lang/NoSuchMethodError'{0x0000000711d576c8}: 'void java.lang.invoke.DirectMethodHandle$Holder.invokeInterface(java.lang.Object, java.lang.Object, java.lang.Object)'> (0x0000000711d576c8) 
thrown [s\open\src\hotspot\share\interpreter\linkResolver.cpp, line 759]
Event: 2.888 Thread 0x0000022176b52210 Exception <a 'java/lang/NoSuchMethodError'{0x0000000711dbc6d0}: 'void java.lang.invoke.DirectMethodHandle$Holder.invokeStatic(java.lang.Object, java.lang.Object, int)'> (0x0000000711dbc6d0) 
thrown [s\open\src\hotspot\share\interpreter\linkResolver.cpp, line 759]
Event: 4.929 Thread 0x0000022176b52210 Exception <a 'java/lang/NoSuchMethodError'{0x0000000711a5f4b0}: 'void java.lang.invoke.DirectMethodHandle$Holder.invokeStaticInit(java.lang.Object, java.lang.Object, java.lang.Object)'> (0x0000000711a5f4b0) 
thrown [s\open\src\hotspot\share\interpreter\linkResolver.cpp, line 759]
Event: 4.938 Thread 0x0000022176b52210 Exception <a 'java/lang/NoSuchMethodError'{0x0000000711aada60}: 'java.lang.Object java.lang.invoke.DirectMethodHandle$Holder.invokeVirtual(java.lang.Object, java.lang.Object, java.lang.Object)'> (0x0000000711aada60) 
thrown [s\open\src\hotspot\share\interpreter\linkResolver.cpp, line 759]
Event: 4.960 Thread 0x0000022176b52210 Exception <a 'java/lang/NoSuchMethodError'{0x0000000711b7c028}: 'java.lang.Object java.lang.invoke.DirectMethodHandle$Holder.newInvokeSpecial(java.lang.Object, long)'> (0x0000000711b7c028) 
thrown [s\open\src\hotspot\share\interpreter\linkResolver.cpp, line 759]
Event: 4.961 Thread 0x0000022176b52210 Exception <a 'java/lang/NoSuchMethodError'{0x0000000711b838c0}: 'void java.lang.invoke.DirectMethodHandle$Holder.invokeVirtual(java.lang.Object, java.lang.Object, java.lang.Object, java.lang.Object)'> (0x0000000711b838c0) 
thrown [s\open\src\hotspot\share\interpreter\linkResolver.cpp, line 759]
Event: 4.978 Thread 0x0000022176b52210 Exception <a 'java/lang/NoSuchMethodError'{0x000000071183cdc8}: 'java.lang.Object java.lang.invoke.DirectMethodHandle$Holder.invokeSpecial(java.lang.Object, java.lang.Object, long, java.lang.Object, java.lang.Object, java.lang.Object, java.lang.Object, java.lang.Object, java.lang.Object)'> (0x000000071183cdc8) 
thrown [s\open\src\hotspot\share\interpreter\linkResolver.cpp, line 759]
Event: 4.979 Thread 0x0000022176b52210 Exception <a 'java/lang/NoSuchMethodError'{0x0000000711841648}: 'java.lang.Object java.lang.invoke.DelegatingMethodHandle$Holder.reinvoke_L(java.lang.Object, long, java.lang.Object, java.lang.Object, java.lang.Object, java.lang.Object, java.lang.Object, java.lang.Object)'> (0x0000000711841648) 
thrown [s\open\src\hotspot\share\interpreter\linkResolver.cpp, line 759]

VM Operations (20 events):
Event: 0.453 Executing VM operation: G1CollectForAllocation
Event: 0.456 Executing VM operation: G1CollectForAllocation done
Event: 0.519 Executing VM operation: HandshakeAllThreads
Event: 0.519 Executing VM operation: HandshakeAllThreads done
Event: 0.722 Executing VM operation: HandshakeAllThreads
Event: 0.722 Executing VM operation: HandshakeAllThreads done
Event: 0.730 Executing VM operation: HandshakeAllThreads
Event: 0.730 Executing VM operation: HandshakeAllThreads done
Event: 0.759 Executing VM operation: HandshakeAllThreads
Event: 0.759 Executing VM operation: HandshakeAllThreads done
Event: 0.768 Executing VM operation: ICBufferFull
Event: 0.768 Executing VM operation: ICBufferFull done
Event: 2.773 Executing VM operation: Cleanup
Event: 2.887 Executing VM operation: Cleanup done
Event: 3.904 Executing VM operation: Cleanup
Event: 3.905 Executing VM operation: Cleanup done
Event: 4.918 Executing VM operation: Cleanup
Event: 4.918 Executing VM operation: Cleanup done
Event: 5.921 Executing VM operation: Cleanup
Event: 5.921 Executing VM operation: Cleanup done

Events (20 events):
Event: 4.935 loading class jdk/internal/access/JavaIOAccess done
Event: 4.935 loading class java/io/Console$2 done
Event: 4.941 loading class java/util/LinkedList$ListItr
Event: 4.941 loading class java/util/LinkedList$ListItr done
Event: 4.944 loading class java/util/concurrent/ConcurrentLinkedDeque$Itr
Event: 4.944 loading class java/util/concurrent/ConcurrentLinkedDeque$AbstractItr
Event: 4.944 loading class java/util/concurrent/ConcurrentLinkedDeque$AbstractItr done
Event: 4.944 loading class java/util/concurrent/ConcurrentLinkedDeque$Itr done
Event: 4.955 loading class java/util/concurrent/ScheduledExecutorService
Event: 4.955 loading class java/util/concurrent/ScheduledExecutorService done
Event: 4.956 loading class java/util/concurrent/Executors$DefaultThreadFactory
Event: 4.956 loading class java/util/concurrent/Executors$DefaultThreadFactory done
Event: 4.971 loading class java/util/Collections$UnmodifiableMap$UnmodifiableEntrySet$UnmodifiableEntrySetSpliterator
Event: 4.971 loading class java/util/Collections$UnmodifiableMap$UnmodifiableEntrySet$UnmodifiableEntrySetSpliterator done
Event: 4.971 loading class java/util/HashMap$EntrySpliterator
Event: 4.971 loading class java/util/HashMap$EntrySpliterator done
Event: 4.993 loading class java/util/Stack
Event: 4.993 loading class java/util/Stack done
Event: 4.993 loading class java/util/Vector$Itr
Event: 4.993 loading class java/util/Vector$Itr done


Dynamic libraries:
0x00007ff7c1340000 - 0x00007ff7c1350000 	C:\Program Files\Java\jdk-17\bin\java.exe
0x00007ffbcf520000 - 0x00007ffbcf786000 	C:\WINDOWS\SYSTEM32\ntdll.dll
0x00007ffbcee20000 - 0x00007ffbceee9000 	C:\WINDOWS\System32\KERNEL32.DLL
0x00007ffbccf10000 - 0x00007ffbcd2dc000 	C:\WINDOWS\System32\KERNELBASE.dll
0x00007ffbcc960000 - 0x00007ffbccaab000 	C:\WINDOWS\System32\ucrtbase.dll
0x00007ffbb6260000 - 0x00007ffbb6279000 	C:\Program Files\Java\jdk-17\bin\jli.dll
0x00007ffbb35e0000 - 0x00007ffbb35fb000 	C:\Program Files\Java\jdk-17\bin\VCRUNTIME140.dll
0x00007ffbcf320000 - 0x00007ffbcf3d2000 	C:\WINDOWS\System32\ADVAPI32.dll
0x00007ffbcdf10000 - 0x00007ffbcdfb9000 	C:\WINDOWS\System32\msvcrt.dll
0x00007ffbcf1d0000 - 0x00007ffbcf276000 	C:\WINDOWS\System32\sechost.dll
0x00007ffbcefb0000 - 0x00007ffbcf0c6000 	C:\WINDOWS\System32\RPCRT4.dll
0x00007ffbcdcc0000 - 0x00007ffbcde8a000 	C:\WINDOWS\System32\USER32.dll
0x00007ffbccab0000 - 0x00007ffbccad7000 	C:\WINDOWS\System32\win32u.dll
0x00007ffbceef0000 - 0x00007ffbcef1b000 	C:\WINDOWS\System32\GDI32.dll
0x00007ffbb8a60000 - 0x00007ffbb8cfa000 	C:\WINDOWS\WinSxS\amd64_microsoft.windows.common-controls_6595b64144ccf1df_6.0.26100.3912_none_3e07963ce335137e\COMCTL32.dll
0x00007ffbccd10000 - 0x00007ffbcce42000 	C:\WINDOWS\System32\gdi32full.dll
0x00007ffbccae0000 - 0x00007ffbccb83000 	C:\WINDOWS\System32\msvcp_win.dll
0x00007ffbc5b70000 - 0x00007ffbc5b7b000 	C:\WINDOWS\SYSTEM32\VERSION.dll
0x00007ffbce230000 - 0x00007ffbce260000 	C:\WINDOWS\System32\IMM32.DLL
0x00007ffbbbfe0000 - 0x00007ffbbbfec000 	C:\Program Files\Java\jdk-17\bin\vcruntime140_1.dll
0x00007ffba9f90000 - 0x00007ffbaa01e000 	C:\Program Files\Java\jdk-17\bin\msvcp140.dll
0x00007ffb75d70000 - 0x00007ffb76951000 	C:\Program Files\Java\jdk-17\bin\server\jvm.dll
0x00007ffbce270000 - 0x00007ffbce278000 	C:\WINDOWS\System32\PSAPI.DLL
0x00007ffbc94a0000 - 0x00007ffbc94aa000 	C:\WINDOWS\SYSTEM32\WSOCK32.dll
0x00007ffbbcf90000 - 0x00007ffbbcfc6000 	C:\WINDOWS\SYSTEM32\WINMM.dll
0x00007ffbcde90000 - 0x00007ffbcdf04000 	C:\WINDOWS\System32\WS2_32.dll
0x00007ffbcb500000 - 0x00007ffbcb51a000 	C:\WINDOWS\SYSTEM32\kernel.appcore.dll
0x00007ffbba700000 - 0x00007ffbba70a000 	C:\Program Files\Java\jdk-17\bin\jimage.dll
0x00007ffbba760000 - 0x00007ffbba9a1000 	C:\WINDOWS\SYSTEM32\DBGHELP.DLL
0x00007ffbce430000 - 0x00007ffbce7b4000 	C:\WINDOWS\System32\combase.dll
0x00007ffbcda10000 - 0x00007ffbcdaf0000 	C:\WINDOWS\System32\OLEAUT32.dll
0x00007ffbc9400000 - 0x00007ffbc9439000 	C:\WINDOWS\SYSTEM32\dbgcore.DLL
0x00007ffbcc8c0000 - 0x00007ffbcc959000 	C:\WINDOWS\System32\bcryptPrimitives.dll
0x00007ffbb1bd0000 - 0x00007ffbb1bf5000 	C:\Program Files\Java\jdk-17\bin\java.dll
0x00007ffb7f0c0000 - 0x00007ffb7f197000 	C:\Program Files\Java\jdk-17\bin\jsvml.dll
0x00007ffbcd2e0000 - 0x00007ffbcda0d000 	C:\WINDOWS\System32\SHELL32.dll
0x00007ffbcc740000 - 0x00007ffbcc8b4000 	C:\WINDOWS\System32\wintypes.dll
0x00007ffbca360000 - 0x00007ffbcabb6000 	C:\WINDOWS\SYSTEM32\windows.storage.dll
0x00007ffbcf3e0000 - 0x00007ffbcf4cf000 	C:\WINDOWS\System32\SHCORE.dll
0x00007ffbce1a0000 - 0x00007ffbce209000 	C:\WINDOWS\System32\shlwapi.dll
0x00007ffbcc5c0000 - 0x00007ffbcc5ef000 	C:\WINDOWS\SYSTEM32\profapi.dll
0x00007ffbb26a0000 - 0x00007ffbb26b9000 	C:\Program Files\Java\jdk-17\bin\net.dll
0x00007ffbc6580000 - 0x00007ffbc669e000 	C:\WINDOWS\SYSTEM32\WINHTTP.dll
0x00007ffbcbb00000 - 0x00007ffbcbb6a000 	C:\WINDOWS\system32\mswsock.dll
0x00007ffbb1ea0000 - 0x00007ffbb1eb6000 	C:\Program Files\Java\jdk-17\bin\nio.dll
0x00007ffbb35c0000 - 0x00007ffbb35d8000 	C:\Program Files\Java\jdk-17\bin\zip.dll
0x00007ffbb60f0000 - 0x00007ffbb60fa000 	C:\Program Files\Java\jdk-17\bin\management.dll
0x00007ffbb3360000 - 0x00007ffbb336b000 	C:\Program Files\Java\jdk-17\bin\management_ext.dll

dbghelp: loaded successfully - version: 4.0.5 - missing functions: none
symbol engine: initialized successfully - sym options: 0x614 - pdb path: .;C:\Program Files\Java\jdk-17\bin;C:\WINDOWS\SYSTEM32;C:\WINDOWS\WinSxS\amd64_microsoft.windows.common-controls_6595b64144ccf1df_6.0.26100.3912_none_3e07963ce335137e;C:\Program Files\Java\jdk-17\bin\server

VM Arguments:
jvm_args: -Dfile.encoding=UTF-8 -Duser.country=KR -Duser.language=ko -Duser.variant 
java_command: com.example.greenprojectB.GreenprojectBApplication
java_class_path (initial): D:\springProject\springboot\works\greenprojectB\build\classes\java\main;D:\springProject\springboot\works\greenprojectB\build\resources\main;C:\Users\green\.gradle\caches\modules-2\files-2.1\org.springframework.boot\spring-boot-devtools\3.5.0\982d5bb2a4aa2728144cd02dbd4671200ac5e062\spring-boot-devtools-3.5.0.jar;C:\Users\green\.gradle\caches\modules-2\files-2.1\org.springframework.boot\spring-boot-starter-data-jpa\3.5.0\1f1b632678d5516b5866a82b282541b18f6bf84c\spring-boot-starter-data-jpa-3.5.0.jar;C:\Users\green\.gradle\caches\modules-2\files-2.1\org.springframework.boot\spring-boot-starter-security\3.5.0\f33d61f93d8a0ded9a1142996d2663105a237e76\spring-boot-starter-security-3.5.0.jar;C:\Users\green\.gradle\caches\modules-2\files-2.1\org.springframework.boot\spring-boot-starter-validation\3.5.0\76a06881cdb0d47b3fd937ce26d874d5fc2c10fa\spring-boot-starter-validation-3.5.0.jar;C:\Users\green\.gradle\caches\modules-2\files-2.1\org.springframework.boot\spring-boot-starter-thymeleaf\3.5.0\d270a37351ef3dfc3fbde3feac3d3c9710337c20\spring-boot-starter-thymeleaf-3.5.0.jar;C:\Users\green\.gradle\caches\modules-2\files-2.1\org.springframework.boot\spring-boot-starter-web\3.5.0\29c6198f7e5cd7c4b9a27045d93879e161d6cdd0\spring-boot-starter-web-3.5.0.jar;C:\Users\green\.gradle\caches\modules-2\files-2.1\org.springframework.boot\spring-boot-starter-jdbc\3.5.0\5e0188ba4c52ec7ba36b1618ff7f9738bffa1eb\spring-boot-starter-jdbc-3.5.0.jar;C:\Users\green\.gradle\caches\modules-2\files-2.1\org.springframework.boot\spring-boot-starter-json\3.5.0\af98a526ea3f68c179a6c6199bb1dbe864f43b93\spring-boot-starter-json-3.5.0.jar;C:\Users\green\.gradle\caches\modules-2\files-2.1\org.springframework.boot\spring-boot-starter\3.5.0\f8b02201e89d294514420a586624aa7338d61f4f\spring-boot-starter-3.5.0.jar;C:\Users\green\.gradle\caches\modules-2\files-2.1\nz.net.ultraq.thymeleaf\thymeleaf-layout-dialect\3.3.0\275da01788302e514c0549a4db5fa6b29ef84ba6\thymeleaf-layout-dialect-3.3.
Launcher Type: SUN_STANDARD

[Global flags]
     intx CICompilerCount                          = 4                                         {product} {ergonomic}
     uint ConcGCThreads                            = 3                                         {product} {ergonomic}
     uint G1ConcRefinementThreads                  = 10                                        {product} {ergonomic}
   size_t G1HeapRegionSize                         = 2097152                                   {product} {ergonomic}
    uintx GCDrainStackTargetSize                   = 64                                        {product} {ergonomic}
   size_t InitialHeapSize                          = 266338304                                 {product} {ergonomic}
   size_t MarkStackSize                            = 4194304                                   {product} {ergonomic}
   size_t MaxHeapSize                              = 4244635648                                {product} {ergonomic}
   size_t MaxNewSize                               = 2545942528                                {product} {ergonomic}
   size_t MinHeapDeltaBytes                        = 2097152                                   {product} {ergonomic}
   size_t MinHeapSize                              = 8388608                                   {product} {ergonomic}
    uintx NonNMethodCodeHeapSize                   = 5839372                                {pd product} {ergonomic}
    uintx NonProfiledCodeHeapSize                  = 122909434                              {pd product} {ergonomic}
    uintx ProfiledCodeHeapSize                     = 122909434                              {pd product} {ergonomic}
    uintx ReservedCodeCacheSize                    = 251658240                              {pd product} {ergonomic}
     bool SegmentedCodeCache                       = true                                      {product} {ergonomic}
   size_t SoftMaxHeapSize                          = 4244635648                             {manageable} {ergonomic}
     bool UseCompressedClassPointers               = true                           {product lp64_product} {ergonomic}
     bool UseCompressedOops                        = true                           {product lp64_product} {ergonomic}
     bool UseG1GC                                  = true                                      {product} {ergonomic}
     bool UseLargePagesIndividualAllocation        = false                                  {pd product} {ergonomic}

Logging:
Log output configuration:
 #0: stdout all=warning uptime,level,tags
 #1: stderr all=off uptime,level,tags

Environment Variables:
JAVA_HOME=C:\Program Files\Java\jdk-17
PATH=%JAVA_HOME%bin;C:\Program Files\Java\jdk-17\bin;C:\Program Files\Common Files\Oracle\Java\javapath;C:\WINDOWS\system32;C:\WINDOWS;C:\WINDOWS\System32\Wbem;C:\WINDOWS\System32\WindowsPowerShell\v1.0\;C:\WINDOWS\System32\OpenSSH\;C:\Program Files\Git\cmd;C:\Users\green\AppData\Local\Microsoft\WindowsApps;C:\Program Files\Bandizip\;C:\Program Files\JetBrains\IntelliJ IDEA Community Edition 2024.2\bin;
USERNAME=green
OS=Windows_NT
PROCESSOR_IDENTIFIER=Intel64 Family 6 Model 158 Stepping 10, GenuineIntel



---------------  S Y S T E M  ---------------

OS:
 Windows 11 , 64 bit Build 26100 (10.0.26100.3912)
OS uptime: 11 days 0:07 hours

CPU: total 12 (initial active 12) (6 cores per cpu, 2 threads per core) family 6 model 158 stepping 10 microcode 0xde, cx8, cmov, fxsr, ht, mmx, 3dnowpref, sse, sse2, sse3, ssse3, sse4.1, sse4.2, popcnt, lzcnt, tsc, tscinvbit, avx, avx2, aes, erms, clmul, bmi1, bmi2, rtm, adx, fma, vzeroupper, clflush, clflushopt

Memory: 4k page, system-wide physical 16190M (4130M free)
TotalPageFile size 30403M (AvailPageFile size 11M)
current process WorkingSet (physical memory assigned to process): 120M, peak: 120M
current process commit charge ("private bytes"): 393M, peak: 395M

vm_info: Java HotSpot(TM) 64-Bit Server VM (17.0.9+11-LTS-201) for windows-amd64 JRE (17.0.9+11-LTS-201), built on Oct 10 2023 23:16:06 by "mach5one" with MS VC++ 17.1 (VS2022)

END.
